INFO - 2023-05-08 07:20:48 --> Session: Class initialized using 'CodeIgniter\Session\Handlers\FileHandler' driver.
INFO - 2023-05-08 07:20:55 --> Session: Class initialized using 'CodeIgniter\Session\Handlers\FileHandler' driver.
ERROR - 2023-05-08 07:20:59 --> Error connecting to the database: mysqli_sql_exception: No connection could be made because the target machine actively refused it in C:\xampp\htdocs\projecttesting\vendor\codeigniter4\framework\system\Database\MySQLi\Connection.php:174
Stack trace:
#0 C:\xampp\htdocs\projecttesting\vendor\codeigniter4\framework\system\Database\MySQLi\Connection.php(174): mysqli->real_connect('localhost', 'root', '', 'bengkelakiong', 3306, '', 0)
#1 C:\xampp\htdocs\projecttesting\vendor\codeigniter4\framework\system\Database\BaseConnection.php(391): CodeIgniter\Database\MySQLi\Connection->connect(false)
#2 C:\xampp\htdocs\projecttesting\vendor\codeigniter4\framework\system\Database\BaseConnection.php(573): CodeIgniter\Database\BaseConnection->initialize()
#3 C:\xampp\htdocs\projecttesting\vendor\codeigniter4\framework\system\Database\BaseBuilder.php(1616): CodeIgniter\Database\BaseConnection->query('SELECT *\nFROM `...', Array, false)
#4 C:\xampp\htdocs\projecttesting\vendor\codeigniter4\framework\system\Model.php(268): CodeIgniter\Database\BaseBuilder->get()
#5 C:\xampp\htdocs\projecttesting\vendor\codeigniter4\framework\system\BaseModel.php(656): CodeIgniter\Model->doFirst()
#6 C:\xampp\htdocs\projecttesting\app\Controllers\DatauserController.php(84): CodeIgniter\BaseModel->first()
#7 C:\xampp\htdocs\projecttesting\vendor\codeigniter4\framework\system\CodeIgniter.php(934): App\Controllers\DatauserController->login()
#8 C:\xampp\htdocs\projecttesting\vendor\codeigniter4\framework\system\CodeIgniter.php(499): CodeIgniter\CodeIgniter->runController(Object(App\Controllers\DatauserController))
#9 C:\xampp\htdocs\projecttesting\vendor\codeigniter4\framework\system\CodeIgniter.php(368): CodeIgniter\CodeIgniter->handleRequest(NULL, Object(Config\Cache), false)
#10 C:\xampp\htdocs\projecttesting\public\index.php(67): CodeIgniter\CodeIgniter->run()
#11 C:\xampp\htdocs\projecttesting\vendor\codeigniter4\framework\system\Commands\Server\rewrite.php(47): require_once('C:\\xampp\\htdocs...')
#12 {main}

Next CodeIgniter\Database\Exceptions\DatabaseException: No connection could be made because the target machine actively refused it in C:\xampp\htdocs\projecttesting\vendor\codeigniter4\framework\system\Database\MySQLi\Connection.php:218
Stack trace:
#0 C:\xampp\htdocs\projecttesting\vendor\codeigniter4\framework\system\Database\BaseConnection.php(391): CodeIgniter\Database\MySQLi\Connection->connect(false)
#1 C:\xampp\htdocs\projecttesting\vendor\codeigniter4\framework\system\Database\BaseConnection.php(573): CodeIgniter\Database\BaseConnection->initialize()
#2 C:\xampp\htdocs\projecttesting\vendor\codeigniter4\framework\system\Database\BaseBuilder.php(1616): CodeIgniter\Database\BaseConnection->query('SELECT *\nFROM `...', Array, false)
#3 C:\xampp\htdocs\projecttesting\vendor\codeigniter4\framework\system\Model.php(268): CodeIgniter\Database\BaseBuilder->get()
#4 C:\xampp\htdocs\projecttesting\vendor\codeigniter4\framework\system\BaseModel.php(656): CodeIgniter\Model->doFirst()
#5 C:\xampp\htdocs\projecttesting\app\Controllers\DatauserController.php(84): CodeIgniter\BaseModel->first()
#6 C:\xampp\htdocs\projecttesting\vendor\codeigniter4\framework\system\CodeIgniter.php(934): App\Controllers\DatauserController->login()
#7 C:\xampp\htdocs\projecttesting\vendor\codeigniter4\framework\system\CodeIgniter.php(499): CodeIgniter\CodeIgniter->runController(Object(App\Controllers\DatauserController))
#8 C:\xampp\htdocs\projecttesting\vendor\codeigniter4\framework\system\CodeIgniter.php(368): CodeIgniter\CodeIgniter->handleRequest(NULL, Object(Config\Cache), false)
#9 C:\xampp\htdocs\projecttesting\public\index.php(67): CodeIgniter\CodeIgniter->run()
#10 C:\xampp\htdocs\projecttesting\vendor\codeigniter4\framework\system\Commands\Server\rewrite.php(47): require_once('C:\\xampp\\htdocs...')
#11 {main}
CRITICAL - 2023-05-08 07:20:59 --> Unable to connect to the database.
Main connection [MySQLi]: No connection could be made because the target machine actively refused it
in SYSTEMPATH\Database\BaseConnection.php on line 427.
 1 SYSTEMPATH\Database\BaseConnection.php(573): CodeIgniter\Database\BaseConnection->initialize()
 2 SYSTEMPATH\Database\BaseBuilder.php(1616): CodeIgniter\Database\BaseConnection->query('SELECT *
FROM `data_user`
WHERE `username` = :username:
 LIMIT 1', [...], false)
 3 SYSTEMPATH\Model.php(268): CodeIgniter\Database\BaseBuilder->get()
 4 SYSTEMPATH\BaseModel.php(656): CodeIgniter\Model->doFirst()
 5 APPPATH\Controllers\DatauserController.php(84): CodeIgniter\BaseModel->first()
 6 SYSTEMPATH\CodeIgniter.php(934): App\Controllers\DatauserController->login()
 7 SYSTEMPATH\CodeIgniter.php(499): CodeIgniter\CodeIgniter->runController(Object(App\Controllers\DatauserController))
 8 SYSTEMPATH\CodeIgniter.php(368): CodeIgniter\CodeIgniter->handleRequest(null, Object(Config\Cache), false)
 9 FCPATH\index.php(67): CodeIgniter\CodeIgniter->run()
10 SYSTEMPATH\Commands\Server\rewrite.php(47): require_once('C:\\xampp\\htdocs\\projecttesting\\public\\index.php')
INFO - 2023-05-08 07:20:59 --> Session: Class initialized using 'CodeIgniter\Session\Handlers\FileHandler' driver.
ERROR - 2023-05-08 07:21:04 --> Error connecting to the database: mysqli_sql_exception: No connection could be made because the target machine actively refused it in C:\xampp\htdocs\projecttesting\vendor\codeigniter4\framework\system\Database\MySQLi\Connection.php:174
Stack trace:
#0 C:\xampp\htdocs\projecttesting\vendor\codeigniter4\framework\system\Database\MySQLi\Connection.php(174): mysqli->real_connect('localhost', 'root', '', 'bengkelakiong', 3306, '', 0)
#1 C:\xampp\htdocs\projecttesting\vendor\codeigniter4\framework\system\Database\BaseConnection.php(391): CodeIgniter\Database\MySQLi\Connection->connect(false)
#2 C:\xampp\htdocs\projecttesting\vendor\codeigniter4\framework\system\Database\BaseConnection.php(573): CodeIgniter\Database\BaseConnection->initialize()
#3 C:\xampp\htdocs\projecttesting\vendor\codeigniter4\framework\system\Database\BaseBuilder.php(1616): CodeIgniter\Database\BaseConnection->query('SELECT *\nFROM `...', Array, false)
#4 C:\xampp\htdocs\projecttesting\vendor\codeigniter4\framework\system\Model.php(268): CodeIgniter\Database\BaseBuilder->get()
#5 C:\xampp\htdocs\projecttesting\vendor\codeigniter4\framework\system\BaseModel.php(656): CodeIgniter\Model->doFirst()
#6 C:\xampp\htdocs\projecttesting\app\Controllers\DatauserController.php(84): CodeIgniter\BaseModel->first()
#7 C:\xampp\htdocs\projecttesting\vendor\codeigniter4\framework\system\CodeIgniter.php(934): App\Controllers\DatauserController->login()
#8 C:\xampp\htdocs\projecttesting\vendor\codeigniter4\framework\system\CodeIgniter.php(499): CodeIgniter\CodeIgniter->runController(Object(App\Controllers\DatauserController))
#9 C:\xampp\htdocs\projecttesting\vendor\codeigniter4\framework\system\CodeIgniter.php(368): CodeIgniter\CodeIgniter->handleRequest(NULL, Object(Config\Cache), false)
#10 C:\xampp\htdocs\projecttesting\public\index.php(67): CodeIgniter\CodeIgniter->run()
#11 C:\xampp\htdocs\projecttesting\vendor\codeigniter4\framework\system\Commands\Server\rewrite.php(47): require_once('C:\\xampp\\htdocs...')
#12 {main}

Next CodeIgniter\Database\Exceptions\DatabaseException: No connection could be made because the target machine actively refused it in C:\xampp\htdocs\projecttesting\vendor\codeigniter4\framework\system\Database\MySQLi\Connection.php:218
Stack trace:
#0 C:\xampp\htdocs\projecttesting\vendor\codeigniter4\framework\system\Database\BaseConnection.php(391): CodeIgniter\Database\MySQLi\Connection->connect(false)
#1 C:\xampp\htdocs\projecttesting\vendor\codeigniter4\framework\system\Database\BaseConnection.php(573): CodeIgniter\Database\BaseConnection->initialize()
#2 C:\xampp\htdocs\projecttesting\vendor\codeigniter4\framework\system\Database\BaseBuilder.php(1616): CodeIgniter\Database\BaseConnection->query('SELECT *\nFROM `...', Array, false)
#3 C:\xampp\htdocs\projecttesting\vendor\codeigniter4\framework\system\Model.php(268): CodeIgniter\Database\BaseBuilder->get()
#4 C:\xampp\htdocs\projecttesting\vendor\codeigniter4\framework\system\BaseModel.php(656): CodeIgniter\Model->doFirst()
#5 C:\xampp\htdocs\projecttesting\app\Controllers\DatauserController.php(84): CodeIgniter\BaseModel->first()
#6 C:\xampp\htdocs\projecttesting\vendor\codeigniter4\framework\system\CodeIgniter.php(934): App\Controllers\DatauserController->login()
#7 C:\xampp\htdocs\projecttesting\vendor\codeigniter4\framework\system\CodeIgniter.php(499): CodeIgniter\CodeIgniter->runController(Object(App\Controllers\DatauserController))
#8 C:\xampp\htdocs\projecttesting\vendor\codeigniter4\framework\system\CodeIgniter.php(368): CodeIgniter\CodeIgniter->handleRequest(NULL, Object(Config\Cache), false)
#9 C:\xampp\htdocs\projecttesting\public\index.php(67): CodeIgniter\CodeIgniter->run()
#10 C:\xampp\htdocs\projecttesting\vendor\codeigniter4\framework\system\Commands\Server\rewrite.php(47): require_once('C:\\xampp\\htdocs...')
#11 {main}
CRITICAL - 2023-05-08 07:21:04 --> Unable to connect to the database.
Main connection [MySQLi]: No connection could be made because the target machine actively refused it
in SYSTEMPATH\Database\BaseConnection.php on line 427.
 1 SYSTEMPATH\Database\BaseConnection.php(573): CodeIgniter\Database\BaseConnection->initialize()
 2 SYSTEMPATH\Database\BaseBuilder.php(1616): CodeIgniter\Database\BaseConnection->query('SELECT *
FROM `data_user`
WHERE `username` = :username:
 LIMIT 1', [...], false)
 3 SYSTEMPATH\Model.php(268): CodeIgniter\Database\BaseBuilder->get()
 4 SYSTEMPATH\BaseModel.php(656): CodeIgniter\Model->doFirst()
 5 APPPATH\Controllers\DatauserController.php(84): CodeIgniter\BaseModel->first()
 6 SYSTEMPATH\CodeIgniter.php(934): App\Controllers\DatauserController->login()
 7 SYSTEMPATH\CodeIgniter.php(499): CodeIgniter\CodeIgniter->runController(Object(App\Controllers\DatauserController))
 8 SYSTEMPATH\CodeIgniter.php(368): CodeIgniter\CodeIgniter->handleRequest(null, Object(Config\Cache), false)
 9 FCPATH\index.php(67): CodeIgniter\CodeIgniter->run()
10 SYSTEMPATH\Commands\Server\rewrite.php(47): require_once('C:\\xampp\\htdocs\\projecttesting\\public\\index.php')
INFO - 2023-05-08 07:21:04 --> Session: Class initialized using 'CodeIgniter\Session\Handlers\FileHandler' driver.
ERROR - 2023-05-08 07:21:08 --> Error connecting to the database: mysqli_sql_exception: No connection could be made because the target machine actively refused it in C:\xampp\htdocs\projecttesting\vendor\codeigniter4\framework\system\Database\MySQLi\Connection.php:174
Stack trace:
#0 C:\xampp\htdocs\projecttesting\vendor\codeigniter4\framework\system\Database\MySQLi\Connection.php(174): mysqli->real_connect('localhost', 'root', '', 'bengkelakiong', 3306, '', 0)
#1 C:\xampp\htdocs\projecttesting\vendor\codeigniter4\framework\system\Database\BaseConnection.php(391): CodeIgniter\Database\MySQLi\Connection->connect(false)
#2 C:\xampp\htdocs\projecttesting\vendor\codeigniter4\framework\system\Database\BaseConnection.php(573): CodeIgniter\Database\BaseConnection->initialize()
#3 C:\xampp\htdocs\projecttesting\vendor\codeigniter4\framework\system\Database\BaseBuilder.php(1616): CodeIgniter\Database\BaseConnection->query('SELECT *\nFROM `...', Array, false)
#4 C:\xampp\htdocs\projecttesting\vendor\codeigniter4\framework\system\Model.php(268): CodeIgniter\Database\BaseBuilder->get()
#5 C:\xampp\htdocs\projecttesting\vendor\codeigniter4\framework\system\BaseModel.php(656): CodeIgniter\Model->doFirst()
#6 C:\xampp\htdocs\projecttesting\app\Controllers\DatauserController.php(84): CodeIgniter\BaseModel->first()
#7 C:\xampp\htdocs\projecttesting\vendor\codeigniter4\framework\system\CodeIgniter.php(934): App\Controllers\DatauserController->login()
#8 C:\xampp\htdocs\projecttesting\vendor\codeigniter4\framework\system\CodeIgniter.php(499): CodeIgniter\CodeIgniter->runController(Object(App\Controllers\DatauserController))
#9 C:\xampp\htdocs\projecttesting\vendor\codeigniter4\framework\system\CodeIgniter.php(368): CodeIgniter\CodeIgniter->handleRequest(NULL, Object(Config\Cache), false)
#10 C:\xampp\htdocs\projecttesting\public\index.php(67): CodeIgniter\CodeIgniter->run()
#11 C:\xampp\htdocs\projecttesting\vendor\codeigniter4\framework\system\Commands\Server\rewrite.php(47): require_once('C:\\xampp\\htdocs...')
#12 {main}

Next CodeIgniter\Database\Exceptions\DatabaseException: No connection could be made because the target machine actively refused it in C:\xampp\htdocs\projecttesting\vendor\codeigniter4\framework\system\Database\MySQLi\Connection.php:218
Stack trace:
#0 C:\xampp\htdocs\projecttesting\vendor\codeigniter4\framework\system\Database\BaseConnection.php(391): CodeIgniter\Database\MySQLi\Connection->connect(false)
#1 C:\xampp\htdocs\projecttesting\vendor\codeigniter4\framework\system\Database\BaseConnection.php(573): CodeIgniter\Database\BaseConnection->initialize()
#2 C:\xampp\htdocs\projecttesting\vendor\codeigniter4\framework\system\Database\BaseBuilder.php(1616): CodeIgniter\Database\BaseConnection->query('SELECT *\nFROM `...', Array, false)
#3 C:\xampp\htdocs\projecttesting\vendor\codeigniter4\framework\system\Model.php(268): CodeIgniter\Database\BaseBuilder->get()
#4 C:\xampp\htdocs\projecttesting\vendor\codeigniter4\framework\system\BaseModel.php(656): CodeIgniter\Model->doFirst()
#5 C:\xampp\htdocs\projecttesting\app\Controllers\DatauserController.php(84): CodeIgniter\BaseModel->first()
#6 C:\xampp\htdocs\projecttesting\vendor\codeigniter4\framework\system\CodeIgniter.php(934): App\Controllers\DatauserController->login()
#7 C:\xampp\htdocs\projecttesting\vendor\codeigniter4\framework\system\CodeIgniter.php(499): CodeIgniter\CodeIgniter->runController(Object(App\Controllers\DatauserController))
#8 C:\xampp\htdocs\projecttesting\vendor\codeigniter4\framework\system\CodeIgniter.php(368): CodeIgniter\CodeIgniter->handleRequest(NULL, Object(Config\Cache), false)
#9 C:\xampp\htdocs\projecttesting\public\index.php(67): CodeIgniter\CodeIgniter->run()
#10 C:\xampp\htdocs\projecttesting\vendor\codeigniter4\framework\system\Commands\Server\rewrite.php(47): require_once('C:\\xampp\\htdocs...')
#11 {main}
CRITICAL - 2023-05-08 07:21:08 --> Unable to connect to the database.
Main connection [MySQLi]: No connection could be made because the target machine actively refused it
in SYSTEMPATH\Database\BaseConnection.php on line 427.
 1 SYSTEMPATH\Database\BaseConnection.php(573): CodeIgniter\Database\BaseConnection->initialize()
 2 SYSTEMPATH\Database\BaseBuilder.php(1616): CodeIgniter\Database\BaseConnection->query('SELECT *
FROM `data_user`
WHERE `username` = :username:
 LIMIT 1', [...], false)
 3 SYSTEMPATH\Model.php(268): CodeIgniter\Database\BaseBuilder->get()
 4 SYSTEMPATH\BaseModel.php(656): CodeIgniter\Model->doFirst()
 5 APPPATH\Controllers\DatauserController.php(84): CodeIgniter\BaseModel->first()
 6 SYSTEMPATH\CodeIgniter.php(934): App\Controllers\DatauserController->login()
 7 SYSTEMPATH\CodeIgniter.php(499): CodeIgniter\CodeIgniter->runController(Object(App\Controllers\DatauserController))
 8 SYSTEMPATH\CodeIgniter.php(368): CodeIgniter\CodeIgniter->handleRequest(null, Object(Config\Cache), false)
 9 FCPATH\index.php(67): CodeIgniter\CodeIgniter->run()
10 SYSTEMPATH\Commands\Server\rewrite.php(47): require_once('C:\\xampp\\htdocs\\projecttesting\\public\\index.php')
INFO - 2023-05-08 07:21:08 --> Session: Class initialized using 'CodeIgniter\Session\Handlers\FileHandler' driver.
INFO - 2023-05-08 07:21:09 --> Session: Class initialized using 'CodeIgniter\Session\Handlers\FileHandler' driver.
INFO - 2023-05-08 07:21:09 --> Session: Class initialized using 'CodeIgniter\Session\Handlers\FileHandler' driver.
INFO - 2023-05-08 07:21:09 --> Session: Class initialized using 'CodeIgniter\Session\Handlers\FileHandler' driver.
INFO - 2023-05-08 07:21:11 --> Session: Class initialized using 'CodeIgniter\Session\Handlers\FileHandler' driver.
INFO - 2023-05-08 07:21:12 --> Session: Class initialized using 'CodeIgniter\Session\Handlers\FileHandler' driver.
INFO - 2023-05-08 07:21:28 --> Session: Class initialized using 'CodeIgniter\Session\Handlers\FileHandler' driver.
INFO - 2023-05-08 07:21:29 --> Session: Class initialized using 'CodeIgniter\Session\Handlers\FileHandler' driver.
INFO - 2023-05-08 07:21:31 --> Session: Class initialized using 'CodeIgniter\Session\Handlers\FileHandler' driver.
INFO - 2023-05-08 07:21:31 --> Session: Class initialized using 'CodeIgniter\Session\Handlers\FileHandler' driver.
INFO - 2023-05-08 07:21:31 --> Session: Class initialized using 'CodeIgniter\Session\Handlers\FileHandler' driver.
INFO - 2023-05-08 07:21:32 --> Session: Class initialized using 'CodeIgniter\Session\Handlers\FileHandler' driver.
INFO - 2023-05-08 07:21:35 --> Session: Class initialized using 'CodeIgniter\Session\Handlers\FileHandler' driver.
INFO - 2023-05-08 07:21:35 --> Session: Class initialized using 'CodeIgniter\Session\Handlers\FileHandler' driver.
INFO - 2023-05-08 07:21:44 --> Session: Class initialized using 'CodeIgniter\Session\Handlers\FileHandler' driver.
INFO - 2023-05-08 07:21:45 --> Session: Class initialized using 'CodeIgniter\Session\Handlers\FileHandler' driver.
INFO - 2023-05-08 07:21:47 --> Session: Class initialized using 'CodeIgniter\Session\Handlers\FileHandler' driver.
INFO - 2023-05-08 07:21:47 --> Session: Class initialized using 'CodeIgniter\Session\Handlers\FileHandler' driver.
INFO - 2023-05-08 07:21:54 --> Session: Class initialized using 'CodeIgniter\Session\Handlers\FileHandler' driver.
INFO - 2023-05-08 07:21:55 --> Session: Class initialized using 'CodeIgniter\Session\Handlers\FileHandler' driver.
INFO - 2023-05-08 07:21:57 --> Session: Class initialized using 'CodeIgniter\Session\Handlers\FileHandler' driver.
INFO - 2023-05-08 07:21:57 --> Session: Class initialized using 'CodeIgniter\Session\Handlers\FileHandler' driver.
INFO - 2023-05-08 07:22:03 --> Session: Class initialized using 'CodeIgniter\Session\Handlers\FileHandler' driver.
INFO - 2023-05-08 07:22:05 --> Session: Class initialized using 'CodeIgniter\Session\Handlers\FileHandler' driver.
INFO - 2023-05-08 07:22:06 --> Session: Class initialized using 'CodeIgniter\Session\Handlers\FileHandler' driver.
INFO - 2023-05-08 07:22:06 --> Session: Class initialized using 'CodeIgniter\Session\Handlers\FileHandler' driver.
INFO - 2023-05-08 07:22:08 --> Session: Class initialized using 'CodeIgniter\Session\Handlers\FileHandler' driver.
INFO - 2023-05-08 07:22:09 --> Session: Class initialized using 'CodeIgniter\Session\Handlers\FileHandler' driver.
INFO - 2023-05-08 07:22:16 --> Session: Class initialized using 'CodeIgniter\Session\Handlers\FileHandler' driver.
INFO - 2023-05-08 07:22:17 --> Session: Class initialized using 'CodeIgniter\Session\Handlers\FileHandler' driver.
INFO - 2023-05-08 07:22:18 --> Session: Class initialized using 'CodeIgniter\Session\Handlers\FileHandler' driver.
INFO - 2023-05-08 07:22:19 --> Session: Class initialized using 'CodeIgniter\Session\Handlers\FileHandler' driver.
INFO - 2023-05-08 07:22:21 --> Session: Class initialized using 'CodeIgniter\Session\Handlers\FileHandler' driver.
INFO - 2023-05-08 07:22:21 --> Session: Class initialized using 'CodeIgniter\Session\Handlers\FileHandler' driver.
INFO - 2023-05-08 07:23:20 --> Session: Class initialized using 'CodeIgniter\Session\Handlers\FileHandler' driver.
INFO - 2023-05-08 07:23:22 --> Session: Class initialized using 'CodeIgniter\Session\Handlers\FileHandler' driver.
INFO - 2023-05-08 07:23:23 --> Session: Class initialized using 'CodeIgniter\Session\Handlers\FileHandler' driver.
INFO - 2023-05-08 07:23:24 --> Session: Class initialized using 'CodeIgniter\Session\Handlers\FileHandler' driver.
INFO - 2023-05-08 07:23:25 --> Session: Class initialized using 'CodeIgniter\Session\Handlers\FileHandler' driver.
INFO - 2023-05-08 07:24:51 --> Session: Class initialized using 'CodeIgniter\Session\Handlers\FileHandler' driver.
CRITICAL - 2023-05-08 07:24:51 --> Undefined array key "nama_bengkel"
in APPPATH\Views\tmplt\pengguna\dataregisthsv_view.php on line 174.
 1 APPPATH\Views\tmplt\pengguna\dataregisthsv_view.php(174): CodeIgniter\Debug\Exceptions->errorHandler(2, 'Undefined array key "nama_bengkel"', 'C:\\xampp\\htdocs\\projecttesting\\app\\Views\\tmplt\\pengguna\\dataregisthsv_view.php', 174)
 2 SYSTEMPATH\View\View.php(213): include('C:\\xampp\\htdocs\\projecttesting\\app\\Views\\tmplt\\pengguna\\dataregisthsv_view.php')
 3 SYSTEMPATH\View\View.php(216): CodeIgniter\View\View->CodeIgniter\View\{closure}()
 4 SYSTEMPATH\Common.php(1184): CodeIgniter\View\View->render('tmplt/pengguna/dataregisthsv_view', [], true)
 5 APPPATH\Controllers\DataregistrasihsvController.php(13): view('tmplt/pengguna/dataregisthsv_view')
 6 SYSTEMPATH\CodeIgniter.php(934): App\Controllers\DataregistrasihsvController->index()
 7 SYSTEMPATH\CodeIgniter.php(499): CodeIgniter\CodeIgniter->runController(Object(App\Controllers\DataregistrasihsvController))
 8 SYSTEMPATH\CodeIgniter.php(368): CodeIgniter\CodeIgniter->handleRequest(null, Object(Config\Cache), false)
 9 FCPATH\index.php(67): CodeIgniter\CodeIgniter->run()
10 SYSTEMPATH\Commands\Server\rewrite.php(47): require_once('C:\\xampp\\htdocs\\projecttesting\\public\\index.php')
INFO - 2023-05-08 07:25:12 --> Session: Class initialized using 'CodeIgniter\Session\Handlers\FileHandler' driver.
CRITICAL - 2023-05-08 07:25:12 --> Undefined array key "nama_bengkel"
in APPPATH\Views\tmplt\pengguna\dataregisthsv_view.php on line 174.
 1 APPPATH\Views\tmplt\pengguna\dataregisthsv_view.php(174): CodeIgniter\Debug\Exceptions->errorHandler(2, 'Undefined array key "nama_bengkel"', 'C:\\xampp\\htdocs\\projecttesting\\app\\Views\\tmplt\\pengguna\\dataregisthsv_view.php', 174)
 2 SYSTEMPATH\View\View.php(213): include('C:\\xampp\\htdocs\\projecttesting\\app\\Views\\tmplt\\pengguna\\dataregisthsv_view.php')
 3 SYSTEMPATH\View\View.php(216): CodeIgniter\View\View->CodeIgniter\View\{closure}()
 4 SYSTEMPATH\Common.php(1184): CodeIgniter\View\View->render('tmplt/pengguna/dataregisthsv_view', [], true)
 5 APPPATH\Controllers\DataregistrasihsvController.php(13): view('tmplt/pengguna/dataregisthsv_view')
 6 SYSTEMPATH\CodeIgniter.php(934): App\Controllers\DataregistrasihsvController->index()
 7 SYSTEMPATH\CodeIgniter.php(499): CodeIgniter\CodeIgniter->runController(Object(App\Controllers\DataregistrasihsvController))
 8 SYSTEMPATH\CodeIgniter.php(368): CodeIgniter\CodeIgniter->handleRequest(null, Object(Config\Cache), false)
 9 FCPATH\index.php(67): CodeIgniter\CodeIgniter->run()
10 SYSTEMPATH\Commands\Server\rewrite.php(47): require_once('C:\\xampp\\htdocs\\projecttesting\\public\\index.php')
INFO - 2023-05-08 07:25:19 --> Session: Class initialized using 'CodeIgniter\Session\Handlers\FileHandler' driver.
INFO - 2023-05-08 07:25:20 --> Session: Class initialized using 'CodeIgniter\Session\Handlers\FileHandler' driver.
INFO - 2023-05-08 07:26:42 --> Session: Class initialized using 'CodeIgniter\Session\Handlers\FileHandler' driver.
CRITICAL - 2023-05-08 07:26:42 --> Undefined array key "nama_bengkel"
in APPPATH\Views\tmplt\pengguna\dataregisthsv_view.php on line 174.
 1 APPPATH\Views\tmplt\pengguna\dataregisthsv_view.php(174): CodeIgniter\Debug\Exceptions->errorHandler(2, 'Undefined array key "nama_bengkel"', 'C:\\xampp\\htdocs\\projecttesting\\app\\Views\\tmplt\\pengguna\\dataregisthsv_view.php', 174)
 2 SYSTEMPATH\View\View.php(213): include('C:\\xampp\\htdocs\\projecttesting\\app\\Views\\tmplt\\pengguna\\dataregisthsv_view.php')
 3 SYSTEMPATH\View\View.php(216): CodeIgniter\View\View->CodeIgniter\View\{closure}()
 4 SYSTEMPATH\Common.php(1184): CodeIgniter\View\View->render('tmplt/pengguna/dataregisthsv_view', [], true)
 5 APPPATH\Controllers\DataregistrasihsvController.php(13): view('tmplt/pengguna/dataregisthsv_view')
 6 SYSTEMPATH\CodeIgniter.php(934): App\Controllers\DataregistrasihsvController->index()
 7 SYSTEMPATH\CodeIgniter.php(499): CodeIgniter\CodeIgniter->runController(Object(App\Controllers\DataregistrasihsvController))
 8 SYSTEMPATH\CodeIgniter.php(368): CodeIgniter\CodeIgniter->handleRequest(null, Object(Config\Cache), false)
 9 FCPATH\index.php(67): CodeIgniter\CodeIgniter->run()
10 SYSTEMPATH\Commands\Server\rewrite.php(47): require_once('C:\\xampp\\htdocs\\projecttesting\\public\\index.php')
INFO - 2023-05-08 07:26:48 --> Session: Class initialized using 'CodeIgniter\Session\Handlers\FileHandler' driver.
INFO - 2023-05-08 07:26:48 --> Session: Class initialized using 'CodeIgniter\Session\Handlers\FileHandler' driver.
INFO - 2023-05-08 07:27:00 --> Session: Class initialized using 'CodeIgniter\Session\Handlers\FileHandler' driver.
INFO - 2023-05-08 07:27:00 --> Session: Class initialized using 'CodeIgniter\Session\Handlers\FileHandler' driver.
INFO - 2023-05-08 07:48:24 --> Session: Class initialized using 'CodeIgniter\Session\Handlers\FileHandler' driver.
INFO - 2023-05-08 07:53:26 --> Session: Class initialized using 'CodeIgniter\Session\Handlers\FileHandler' driver.
INFO - 2023-05-08 07:58:38 --> Session: Class initialized using 'CodeIgniter\Session\Handlers\FileHandler' driver.
INFO - 2023-05-08 07:58:39 --> Session: Class initialized using 'CodeIgniter\Session\Handlers\FileHandler' driver.
INFO - 2023-05-08 07:58:39 --> Session: Class initialized using 'CodeIgniter\Session\Handlers\FileHandler' driver.
INFO - 2023-05-08 08:25:54 --> Session: Class initialized using 'CodeIgniter\Session\Handlers\FileHandler' driver.
INFO - 2023-05-08 08:25:54 --> Session: Class initialized using 'CodeIgniter\Session\Handlers\FileHandler' driver.
INFO - 2023-05-08 08:25:55 --> Session: Class initialized using 'CodeIgniter\Session\Handlers\FileHandler' driver.
INFO - 2023-05-08 08:26:06 --> Session: Class initialized using 'CodeIgniter\Session\Handlers\FileHandler' driver.
CRITICAL - 2023-05-08 08:26:06 --> Undefined array key "id"
in APPPATH\Views\tmplt\pengguna\dataregisthsv_view.php on line 179.
 1 APPPATH\Views\tmplt\pengguna\dataregisthsv_view.php(179): CodeIgniter\Debug\Exceptions->errorHandler(2, 'Undefined array key "id"', 'C:\\xampp\\htdocs\\projecttesting\\app\\Views\\tmplt\\pengguna\\dataregisthsv_view.php', 179)
 2 SYSTEMPATH\View\View.php(213): include('C:\\xampp\\htdocs\\projecttesting\\app\\Views\\tmplt\\pengguna\\dataregisthsv_view.php')
 3 SYSTEMPATH\View\View.php(216): CodeIgniter\View\View->CodeIgniter\View\{closure}()
 4 SYSTEMPATH\Common.php(1184): CodeIgniter\View\View->render('tmplt/pengguna/dataregisthsv_view', [], true)
 5 APPPATH\Controllers\DataregistrasihsvController.php(13): view('tmplt/pengguna/dataregisthsv_view')
 6 SYSTEMPATH\CodeIgniter.php(934): App\Controllers\DataregistrasihsvController->index()
 7 SYSTEMPATH\CodeIgniter.php(499): CodeIgniter\CodeIgniter->runController(Object(App\Controllers\DataregistrasihsvController))
 8 SYSTEMPATH\CodeIgniter.php(368): CodeIgniter\CodeIgniter->handleRequest(null, Object(Config\Cache), false)
 9 FCPATH\index.php(67): CodeIgniter\CodeIgniter->run()
10 SYSTEMPATH\Commands\Server\rewrite.php(47): require_once('C:\\xampp\\htdocs\\projecttesting\\public\\index.php')
INFO - 2023-05-08 08:27:13 --> Session: Class initialized using 'CodeIgniter\Session\Handlers\FileHandler' driver.
INFO - 2023-05-08 08:27:13 --> Session: Class initialized using 'CodeIgniter\Session\Handlers\FileHandler' driver.
INFO - 2023-05-08 08:27:15 --> Session: Class initialized using 'CodeIgniter\Session\Handlers\FileHandler' driver.
INFO - 2023-05-08 08:28:11 --> Session: Class initialized using 'CodeIgniter\Session\Handlers\FileHandler' driver.
CRITICAL - 2023-05-08 08:28:11 --> Undefined array key "nama_bengkel"
in APPPATH\Views\tmplt\pengguna\dataregisthsv_view.php on line 174.
 1 APPPATH\Views\tmplt\pengguna\dataregisthsv_view.php(174): CodeIgniter\Debug\Exceptions->errorHandler(2, 'Undefined array key "nama_bengkel"', 'C:\\xampp\\htdocs\\projecttesting\\app\\Views\\tmplt\\pengguna\\dataregisthsv_view.php', 174)
 2 SYSTEMPATH\View\View.php(213): include('C:\\xampp\\htdocs\\projecttesting\\app\\Views\\tmplt\\pengguna\\dataregisthsv_view.php')
 3 SYSTEMPATH\View\View.php(216): CodeIgniter\View\View->CodeIgniter\View\{closure}()
 4 SYSTEMPATH\Common.php(1184): CodeIgniter\View\View->render('tmplt/pengguna/dataregisthsv_view', [], true)
 5 APPPATH\Controllers\DataregistrasihsvController.php(13): view('tmplt/pengguna/dataregisthsv_view')
 6 SYSTEMPATH\CodeIgniter.php(934): App\Controllers\DataregistrasihsvController->index()
 7 SYSTEMPATH\CodeIgniter.php(499): CodeIgniter\CodeIgniter->runController(Object(App\Controllers\DataregistrasihsvController))
 8 SYSTEMPATH\CodeIgniter.php(368): CodeIgniter\CodeIgniter->handleRequest(null, Object(Config\Cache), false)
 9 FCPATH\index.php(67): CodeIgniter\CodeIgniter->run()
10 SYSTEMPATH\Commands\Server\rewrite.php(47): require_once('C:\\xampp\\htdocs\\projecttesting\\public\\index.php')
INFO - 2023-05-08 08:28:12 --> Session: Class initialized using 'CodeIgniter\Session\Handlers\FileHandler' driver.
CRITICAL - 2023-05-08 08:28:12 --> Undefined array key "nama_bengkel"
in APPPATH\Views\tmplt\pengguna\dataregisthsv_view.php on line 174.
 1 APPPATH\Views\tmplt\pengguna\dataregisthsv_view.php(174): CodeIgniter\Debug\Exceptions->errorHandler(2, 'Undefined array key "nama_bengkel"', 'C:\\xampp\\htdocs\\projecttesting\\app\\Views\\tmplt\\pengguna\\dataregisthsv_view.php', 174)
 2 SYSTEMPATH\View\View.php(213): include('C:\\xampp\\htdocs\\projecttesting\\app\\Views\\tmplt\\pengguna\\dataregisthsv_view.php')
 3 SYSTEMPATH\View\View.php(216): CodeIgniter\View\View->CodeIgniter\View\{closure}()
 4 SYSTEMPATH\Common.php(1184): CodeIgniter\View\View->render('tmplt/pengguna/dataregisthsv_view', [], true)
 5 APPPATH\Controllers\DataregistrasihsvController.php(13): view('tmplt/pengguna/dataregisthsv_view')
 6 SYSTEMPATH\CodeIgniter.php(934): App\Controllers\DataregistrasihsvController->index()
 7 SYSTEMPATH\CodeIgniter.php(499): CodeIgniter\CodeIgniter->runController(Object(App\Controllers\DataregistrasihsvController))
 8 SYSTEMPATH\CodeIgniter.php(368): CodeIgniter\CodeIgniter->handleRequest(null, Object(Config\Cache), false)
 9 FCPATH\index.php(67): CodeIgniter\CodeIgniter->run()
10 SYSTEMPATH\Commands\Server\rewrite.php(47): require_once('C:\\xampp\\htdocs\\projecttesting\\public\\index.php')
INFO - 2023-05-08 08:28:22 --> Session: Class initialized using 'CodeIgniter\Session\Handlers\FileHandler' driver.
INFO - 2023-05-08 08:28:22 --> Session: Class initialized using 'CodeIgniter\Session\Handlers\FileHandler' driver.
INFO - 2023-05-08 08:28:46 --> Session: Class initialized using 'CodeIgniter\Session\Handlers\FileHandler' driver.
CRITICAL - 2023-05-08 08:28:46 --> Trying to access array offset on value of type null
in APPPATH\Views\tmplt\pengguna\dataregisthsv_view.php on line 177.
 1 APPPATH\Views\tmplt\pengguna\dataregisthsv_view.php(177): CodeIgniter\Debug\Exceptions->errorHandler(2, 'Trying to access array offset on value of type null', 'C:\\xampp\\htdocs\\projecttesting\\app\\Views\\tmplt\\pengguna\\dataregisthsv_view.php', 177)
 2 SYSTEMPATH\View\View.php(213): include('C:\\xampp\\htdocs\\projecttesting\\app\\Views\\tmplt\\pengguna\\dataregisthsv_view.php')
 3 SYSTEMPATH\View\View.php(216): CodeIgniter\View\View->CodeIgniter\View\{closure}()
 4 SYSTEMPATH\Common.php(1184): CodeIgniter\View\View->render('tmplt/pengguna/dataregisthsv_view', [], true)
 5 APPPATH\Controllers\DataregistrasihsvController.php(13): view('tmplt/pengguna/dataregisthsv_view')
 6 SYSTEMPATH\CodeIgniter.php(934): App\Controllers\DataregistrasihsvController->index()
 7 SYSTEMPATH\CodeIgniter.php(499): CodeIgniter\CodeIgniter->runController(Object(App\Controllers\DataregistrasihsvController))
 8 SYSTEMPATH\CodeIgniter.php(368): CodeIgniter\CodeIgniter->handleRequest(null, Object(Config\Cache), false)
 9 FCPATH\index.php(67): CodeIgniter\CodeIgniter->run()
10 SYSTEMPATH\Commands\Server\rewrite.php(47): require_once('C:\\xampp\\htdocs\\projecttesting\\public\\index.php')
INFO - 2023-05-08 08:28:47 --> Session: Class initialized using 'CodeIgniter\Session\Handlers\FileHandler' driver.
CRITICAL - 2023-05-08 08:28:47 --> Trying to access array offset on value of type null
in APPPATH\Views\tmplt\pengguna\dataregisthsv_view.php on line 177.
 1 APPPATH\Views\tmplt\pengguna\dataregisthsv_view.php(177): CodeIgniter\Debug\Exceptions->errorHandler(2, 'Trying to access array offset on value of type null', 'C:\\xampp\\htdocs\\projecttesting\\app\\Views\\tmplt\\pengguna\\dataregisthsv_view.php', 177)
 2 SYSTEMPATH\View\View.php(213): include('C:\\xampp\\htdocs\\projecttesting\\app\\Views\\tmplt\\pengguna\\dataregisthsv_view.php')
 3 SYSTEMPATH\View\View.php(216): CodeIgniter\View\View->CodeIgniter\View\{closure}()
 4 SYSTEMPATH\Common.php(1184): CodeIgniter\View\View->render('tmplt/pengguna/dataregisthsv_view', [], true)
 5 APPPATH\Controllers\DataregistrasihsvController.php(13): view('tmplt/pengguna/dataregisthsv_view')
 6 SYSTEMPATH\CodeIgniter.php(934): App\Controllers\DataregistrasihsvController->index()
 7 SYSTEMPATH\CodeIgniter.php(499): CodeIgniter\CodeIgniter->runController(Object(App\Controllers\DataregistrasihsvController))
 8 SYSTEMPATH\CodeIgniter.php(368): CodeIgniter\CodeIgniter->handleRequest(null, Object(Config\Cache), false)
 9 FCPATH\index.php(67): CodeIgniter\CodeIgniter->run()
10 SYSTEMPATH\Commands\Server\rewrite.php(47): require_once('C:\\xampp\\htdocs\\projecttesting\\public\\index.php')
INFO - 2023-05-08 08:30:08 --> Session: Class initialized using 'CodeIgniter\Session\Handlers\FileHandler' driver.
CRITICAL - 2023-05-08 08:30:08 --> Undefined array key "nama_bengkel"
in APPPATH\Views\tmplt\pengguna\dataregisthsv_view.php on line 173.
 1 APPPATH\Views\tmplt\pengguna\dataregisthsv_view.php(173): CodeIgniter\Debug\Exceptions->errorHandler(2, 'Undefined array key "nama_bengkel"', 'C:\\xampp\\htdocs\\projecttesting\\app\\Views\\tmplt\\pengguna\\dataregisthsv_view.php', 173)
 2 SYSTEMPATH\View\View.php(213): include('C:\\xampp\\htdocs\\projecttesting\\app\\Views\\tmplt\\pengguna\\dataregisthsv_view.php')
 3 SYSTEMPATH\View\View.php(216): CodeIgniter\View\View->CodeIgniter\View\{closure}()
 4 SYSTEMPATH\Common.php(1184): CodeIgniter\View\View->render('tmplt/pengguna/dataregisthsv_view', [], true)
 5 APPPATH\Controllers\DataregistrasihsvController.php(13): view('tmplt/pengguna/dataregisthsv_view')
 6 SYSTEMPATH\CodeIgniter.php(934): App\Controllers\DataregistrasihsvController->index()
 7 SYSTEMPATH\CodeIgniter.php(499): CodeIgniter\CodeIgniter->runController(Object(App\Controllers\DataregistrasihsvController))
 8 SYSTEMPATH\CodeIgniter.php(368): CodeIgniter\CodeIgniter->handleRequest(null, Object(Config\Cache), false)
 9 FCPATH\index.php(67): CodeIgniter\CodeIgniter->run()
10 SYSTEMPATH\Commands\Server\rewrite.php(47): require_once('C:\\xampp\\htdocs\\projecttesting\\public\\index.php')
INFO - 2023-05-08 08:30:08 --> Session: Class initialized using 'CodeIgniter\Session\Handlers\FileHandler' driver.
CRITICAL - 2023-05-08 08:30:09 --> Undefined array key "nama_bengkel"
in APPPATH\Views\tmplt\pengguna\dataregisthsv_view.php on line 173.
 1 APPPATH\Views\tmplt\pengguna\dataregisthsv_view.php(173): CodeIgniter\Debug\Exceptions->errorHandler(2, 'Undefined array key "nama_bengkel"', 'C:\\xampp\\htdocs\\projecttesting\\app\\Views\\tmplt\\pengguna\\dataregisthsv_view.php', 173)
 2 SYSTEMPATH\View\View.php(213): include('C:\\xampp\\htdocs\\projecttesting\\app\\Views\\tmplt\\pengguna\\dataregisthsv_view.php')
 3 SYSTEMPATH\View\View.php(216): CodeIgniter\View\View->CodeIgniter\View\{closure}()
 4 SYSTEMPATH\Common.php(1184): CodeIgniter\View\View->render('tmplt/pengguna/dataregisthsv_view', [], true)
 5 APPPATH\Controllers\DataregistrasihsvController.php(13): view('tmplt/pengguna/dataregisthsv_view')
 6 SYSTEMPATH\CodeIgniter.php(934): App\Controllers\DataregistrasihsvController->index()
 7 SYSTEMPATH\CodeIgniter.php(499): CodeIgniter\CodeIgniter->runController(Object(App\Controllers\DataregistrasihsvController))
 8 SYSTEMPATH\CodeIgniter.php(368): CodeIgniter\CodeIgniter->handleRequest(null, Object(Config\Cache), false)
 9 FCPATH\index.php(67): CodeIgniter\CodeIgniter->run()
10 SYSTEMPATH\Commands\Server\rewrite.php(47): require_once('C:\\xampp\\htdocs\\projecttesting\\public\\index.php')
INFO - 2023-05-08 08:30:09 --> Session: Class initialized using 'CodeIgniter\Session\Handlers\FileHandler' driver.
CRITICAL - 2023-05-08 08:30:09 --> Undefined array key "nama_bengkel"
in APPPATH\Views\tmplt\pengguna\dataregisthsv_view.php on line 173.
 1 APPPATH\Views\tmplt\pengguna\dataregisthsv_view.php(173): CodeIgniter\Debug\Exceptions->errorHandler(2, 'Undefined array key "nama_bengkel"', 'C:\\xampp\\htdocs\\projecttesting\\app\\Views\\tmplt\\pengguna\\dataregisthsv_view.php', 173)
 2 SYSTEMPATH\View\View.php(213): include('C:\\xampp\\htdocs\\projecttesting\\app\\Views\\tmplt\\pengguna\\dataregisthsv_view.php')
 3 SYSTEMPATH\View\View.php(216): CodeIgniter\View\View->CodeIgniter\View\{closure}()
 4 SYSTEMPATH\Common.php(1184): CodeIgniter\View\View->render('tmplt/pengguna/dataregisthsv_view', [], true)
 5 APPPATH\Controllers\DataregistrasihsvController.php(13): view('tmplt/pengguna/dataregisthsv_view')
 6 SYSTEMPATH\CodeIgniter.php(934): App\Controllers\DataregistrasihsvController->index()
 7 SYSTEMPATH\CodeIgniter.php(499): CodeIgniter\CodeIgniter->runController(Object(App\Controllers\DataregistrasihsvController))
 8 SYSTEMPATH\CodeIgniter.php(368): CodeIgniter\CodeIgniter->handleRequest(null, Object(Config\Cache), false)
 9 FCPATH\index.php(67): CodeIgniter\CodeIgniter->run()
10 SYSTEMPATH\Commands\Server\rewrite.php(47): require_once('C:\\xampp\\htdocs\\projecttesting\\public\\index.php')
INFO - 2023-05-08 08:30:09 --> Session: Class initialized using 'CodeIgniter\Session\Handlers\FileHandler' driver.
CRITICAL - 2023-05-08 08:30:09 --> Undefined array key "nama_bengkel"
in APPPATH\Views\tmplt\pengguna\dataregisthsv_view.php on line 173.
 1 APPPATH\Views\tmplt\pengguna\dataregisthsv_view.php(173): CodeIgniter\Debug\Exceptions->errorHandler(2, 'Undefined array key "nama_bengkel"', 'C:\\xampp\\htdocs\\projecttesting\\app\\Views\\tmplt\\pengguna\\dataregisthsv_view.php', 173)
 2 SYSTEMPATH\View\View.php(213): include('C:\\xampp\\htdocs\\projecttesting\\app\\Views\\tmplt\\pengguna\\dataregisthsv_view.php')
 3 SYSTEMPATH\View\View.php(216): CodeIgniter\View\View->CodeIgniter\View\{closure}()
 4 SYSTEMPATH\Common.php(1184): CodeIgniter\View\View->render('tmplt/pengguna/dataregisthsv_view', [], true)
 5 APPPATH\Controllers\DataregistrasihsvController.php(13): view('tmplt/pengguna/dataregisthsv_view')
 6 SYSTEMPATH\CodeIgniter.php(934): App\Controllers\DataregistrasihsvController->index()
 7 SYSTEMPATH\CodeIgniter.php(499): CodeIgniter\CodeIgniter->runController(Object(App\Controllers\DataregistrasihsvController))
 8 SYSTEMPATH\CodeIgniter.php(368): CodeIgniter\CodeIgniter->handleRequest(null, Object(Config\Cache), false)
 9 FCPATH\index.php(67): CodeIgniter\CodeIgniter->run()
10 SYSTEMPATH\Commands\Server\rewrite.php(47): require_once('C:\\xampp\\htdocs\\projecttesting\\public\\index.php')
INFO - 2023-05-08 08:30:09 --> Session: Class initialized using 'CodeIgniter\Session\Handlers\FileHandler' driver.
CRITICAL - 2023-05-08 08:30:09 --> Undefined array key "nama_bengkel"
in APPPATH\Views\tmplt\pengguna\dataregisthsv_view.php on line 173.
 1 APPPATH\Views\tmplt\pengguna\dataregisthsv_view.php(173): CodeIgniter\Debug\Exceptions->errorHandler(2, 'Undefined array key "nama_bengkel"', 'C:\\xampp\\htdocs\\projecttesting\\app\\Views\\tmplt\\pengguna\\dataregisthsv_view.php', 173)
 2 SYSTEMPATH\View\View.php(213): include('C:\\xampp\\htdocs\\projecttesting\\app\\Views\\tmplt\\pengguna\\dataregisthsv_view.php')
 3 SYSTEMPATH\View\View.php(216): CodeIgniter\View\View->CodeIgniter\View\{closure}()
 4 SYSTEMPATH\Common.php(1184): CodeIgniter\View\View->render('tmplt/pengguna/dataregisthsv_view', [], true)
 5 APPPATH\Controllers\DataregistrasihsvController.php(13): view('tmplt/pengguna/dataregisthsv_view')
 6 SYSTEMPATH\CodeIgniter.php(934): App\Controllers\DataregistrasihsvController->index()
 7 SYSTEMPATH\CodeIgniter.php(499): CodeIgniter\CodeIgniter->runController(Object(App\Controllers\DataregistrasihsvController))
 8 SYSTEMPATH\CodeIgniter.php(368): CodeIgniter\CodeIgniter->handleRequest(null, Object(Config\Cache), false)
 9 FCPATH\index.php(67): CodeIgniter\CodeIgniter->run()
10 SYSTEMPATH\Commands\Server\rewrite.php(47): require_once('C:\\xampp\\htdocs\\projecttesting\\public\\index.php')
INFO - 2023-05-08 08:30:09 --> Session: Class initialized using 'CodeIgniter\Session\Handlers\FileHandler' driver.
CRITICAL - 2023-05-08 08:30:10 --> Undefined array key "nama_bengkel"
in APPPATH\Views\tmplt\pengguna\dataregisthsv_view.php on line 173.
 1 APPPATH\Views\tmplt\pengguna\dataregisthsv_view.php(173): CodeIgniter\Debug\Exceptions->errorHandler(2, 'Undefined array key "nama_bengkel"', 'C:\\xampp\\htdocs\\projecttesting\\app\\Views\\tmplt\\pengguna\\dataregisthsv_view.php', 173)
 2 SYSTEMPATH\View\View.php(213): include('C:\\xampp\\htdocs\\projecttesting\\app\\Views\\tmplt\\pengguna\\dataregisthsv_view.php')
 3 SYSTEMPATH\View\View.php(216): CodeIgniter\View\View->CodeIgniter\View\{closure}()
 4 SYSTEMPATH\Common.php(1184): CodeIgniter\View\View->render('tmplt/pengguna/dataregisthsv_view', [], true)
 5 APPPATH\Controllers\DataregistrasihsvController.php(13): view('tmplt/pengguna/dataregisthsv_view')
 6 SYSTEMPATH\CodeIgniter.php(934): App\Controllers\DataregistrasihsvController->index()
 7 SYSTEMPATH\CodeIgniter.php(499): CodeIgniter\CodeIgniter->runController(Object(App\Controllers\DataregistrasihsvController))
 8 SYSTEMPATH\CodeIgniter.php(368): CodeIgniter\CodeIgniter->handleRequest(null, Object(Config\Cache), false)
 9 FCPATH\index.php(67): CodeIgniter\CodeIgniter->run()
10 SYSTEMPATH\Commands\Server\rewrite.php(47): require_once('C:\\xampp\\htdocs\\projecttesting\\public\\index.php')
INFO - 2023-05-08 08:30:10 --> Session: Class initialized using 'CodeIgniter\Session\Handlers\FileHandler' driver.
CRITICAL - 2023-05-08 08:30:10 --> Undefined array key "nama_bengkel"
in APPPATH\Views\tmplt\pengguna\dataregisthsv_view.php on line 173.
 1 APPPATH\Views\tmplt\pengguna\dataregisthsv_view.php(173): CodeIgniter\Debug\Exceptions->errorHandler(2, 'Undefined array key "nama_bengkel"', 'C:\\xampp\\htdocs\\projecttesting\\app\\Views\\tmplt\\pengguna\\dataregisthsv_view.php', 173)
 2 SYSTEMPATH\View\View.php(213): include('C:\\xampp\\htdocs\\projecttesting\\app\\Views\\tmplt\\pengguna\\dataregisthsv_view.php')
 3 SYSTEMPATH\View\View.php(216): CodeIgniter\View\View->CodeIgniter\View\{closure}()
 4 SYSTEMPATH\Common.php(1184): CodeIgniter\View\View->render('tmplt/pengguna/dataregisthsv_view', [], true)
 5 APPPATH\Controllers\DataregistrasihsvController.php(13): view('tmplt/pengguna/dataregisthsv_view')
 6 SYSTEMPATH\CodeIgniter.php(934): App\Controllers\DataregistrasihsvController->index()
 7 SYSTEMPATH\CodeIgniter.php(499): CodeIgniter\CodeIgniter->runController(Object(App\Controllers\DataregistrasihsvController))
 8 SYSTEMPATH\CodeIgniter.php(368): CodeIgniter\CodeIgniter->handleRequest(null, Object(Config\Cache), false)
 9 FCPATH\index.php(67): CodeIgniter\CodeIgniter->run()
10 SYSTEMPATH\Commands\Server\rewrite.php(47): require_once('C:\\xampp\\htdocs\\projecttesting\\public\\index.php')
INFO - 2023-05-08 08:30:10 --> Session: Class initialized using 'CodeIgniter\Session\Handlers\FileHandler' driver.
CRITICAL - 2023-05-08 08:30:10 --> Undefined array key "nama_bengkel"
in APPPATH\Views\tmplt\pengguna\dataregisthsv_view.php on line 173.
 1 APPPATH\Views\tmplt\pengguna\dataregisthsv_view.php(173): CodeIgniter\Debug\Exceptions->errorHandler(2, 'Undefined array key "nama_bengkel"', 'C:\\xampp\\htdocs\\projecttesting\\app\\Views\\tmplt\\pengguna\\dataregisthsv_view.php', 173)
 2 SYSTEMPATH\View\View.php(213): include('C:\\xampp\\htdocs\\projecttesting\\app\\Views\\tmplt\\pengguna\\dataregisthsv_view.php')
 3 SYSTEMPATH\View\View.php(216): CodeIgniter\View\View->CodeIgniter\View\{closure}()
 4 SYSTEMPATH\Common.php(1184): CodeIgniter\View\View->render('tmplt/pengguna/dataregisthsv_view', [], true)
 5 APPPATH\Controllers\DataregistrasihsvController.php(13): view('tmplt/pengguna/dataregisthsv_view')
 6 SYSTEMPATH\CodeIgniter.php(934): App\Controllers\DataregistrasihsvController->index()
 7 SYSTEMPATH\CodeIgniter.php(499): CodeIgniter\CodeIgniter->runController(Object(App\Controllers\DataregistrasihsvController))
 8 SYSTEMPATH\CodeIgniter.php(368): CodeIgniter\CodeIgniter->handleRequest(null, Object(Config\Cache), false)
 9 FCPATH\index.php(67): CodeIgniter\CodeIgniter->run()
10 SYSTEMPATH\Commands\Server\rewrite.php(47): require_once('C:\\xampp\\htdocs\\projecttesting\\public\\index.php')
INFO - 2023-05-08 08:30:44 --> Session: Class initialized using 'CodeIgniter\Session\Handlers\FileHandler' driver.
CRITICAL - 2023-05-08 08:30:44 --> Undefined array key "nama_bengkel"
in APPPATH\Views\tmplt\pengguna\dataregisthsv_view.php on line 174.
 1 APPPATH\Views\tmplt\pengguna\dataregisthsv_view.php(174): CodeIgniter\Debug\Exceptions->errorHandler(2, 'Undefined array key "nama_bengkel"', 'C:\\xampp\\htdocs\\projecttesting\\app\\Views\\tmplt\\pengguna\\dataregisthsv_view.php', 174)
 2 SYSTEMPATH\View\View.php(213): include('C:\\xampp\\htdocs\\projecttesting\\app\\Views\\tmplt\\pengguna\\dataregisthsv_view.php')
 3 SYSTEMPATH\View\View.php(216): CodeIgniter\View\View->CodeIgniter\View\{closure}()
 4 SYSTEMPATH\Common.php(1184): CodeIgniter\View\View->render('tmplt/pengguna/dataregisthsv_view', [], true)
 5 APPPATH\Controllers\DataregistrasihsvController.php(13): view('tmplt/pengguna/dataregisthsv_view')
 6 SYSTEMPATH\CodeIgniter.php(934): App\Controllers\DataregistrasihsvController->index()
 7 SYSTEMPATH\CodeIgniter.php(499): CodeIgniter\CodeIgniter->runController(Object(App\Controllers\DataregistrasihsvController))
 8 SYSTEMPATH\CodeIgniter.php(368): CodeIgniter\CodeIgniter->handleRequest(null, Object(Config\Cache), false)
 9 FCPATH\index.php(67): CodeIgniter\CodeIgniter->run()
10 SYSTEMPATH\Commands\Server\rewrite.php(47): require_once('C:\\xampp\\htdocs\\projecttesting\\public\\index.php')
INFO - 2023-05-08 08:30:45 --> Session: Class initialized using 'CodeIgniter\Session\Handlers\FileHandler' driver.
CRITICAL - 2023-05-08 08:30:45 --> Undefined array key "nama_bengkel"
in APPPATH\Views\tmplt\pengguna\dataregisthsv_view.php on line 174.
 1 APPPATH\Views\tmplt\pengguna\dataregisthsv_view.php(174): CodeIgniter\Debug\Exceptions->errorHandler(2, 'Undefined array key "nama_bengkel"', 'C:\\xampp\\htdocs\\projecttesting\\app\\Views\\tmplt\\pengguna\\dataregisthsv_view.php', 174)
 2 SYSTEMPATH\View\View.php(213): include('C:\\xampp\\htdocs\\projecttesting\\app\\Views\\tmplt\\pengguna\\dataregisthsv_view.php')
 3 SYSTEMPATH\View\View.php(216): CodeIgniter\View\View->CodeIgniter\View\{closure}()
 4 SYSTEMPATH\Common.php(1184): CodeIgniter\View\View->render('tmplt/pengguna/dataregisthsv_view', [], true)
 5 APPPATH\Controllers\DataregistrasihsvController.php(13): view('tmplt/pengguna/dataregisthsv_view')
 6 SYSTEMPATH\CodeIgniter.php(934): App\Controllers\DataregistrasihsvController->index()
 7 SYSTEMPATH\CodeIgniter.php(499): CodeIgniter\CodeIgniter->runController(Object(App\Controllers\DataregistrasihsvController))
 8 SYSTEMPATH\CodeIgniter.php(368): CodeIgniter\CodeIgniter->handleRequest(null, Object(Config\Cache), false)
 9 FCPATH\index.php(67): CodeIgniter\CodeIgniter->run()
10 SYSTEMPATH\Commands\Server\rewrite.php(47): require_once('C:\\xampp\\htdocs\\projecttesting\\public\\index.php')
INFO - 2023-05-08 08:30:45 --> Session: Class initialized using 'CodeIgniter\Session\Handlers\FileHandler' driver.
CRITICAL - 2023-05-08 08:30:45 --> Undefined array key "nama_bengkel"
in APPPATH\Views\tmplt\pengguna\dataregisthsv_view.php on line 174.
 1 APPPATH\Views\tmplt\pengguna\dataregisthsv_view.php(174): CodeIgniter\Debug\Exceptions->errorHandler(2, 'Undefined array key "nama_bengkel"', 'C:\\xampp\\htdocs\\projecttesting\\app\\Views\\tmplt\\pengguna\\dataregisthsv_view.php', 174)
 2 SYSTEMPATH\View\View.php(213): include('C:\\xampp\\htdocs\\projecttesting\\app\\Views\\tmplt\\pengguna\\dataregisthsv_view.php')
 3 SYSTEMPATH\View\View.php(216): CodeIgniter\View\View->CodeIgniter\View\{closure}()
 4 SYSTEMPATH\Common.php(1184): CodeIgniter\View\View->render('tmplt/pengguna/dataregisthsv_view', [], true)
 5 APPPATH\Controllers\DataregistrasihsvController.php(13): view('tmplt/pengguna/dataregisthsv_view')
 6 SYSTEMPATH\CodeIgniter.php(934): App\Controllers\DataregistrasihsvController->index()
 7 SYSTEMPATH\CodeIgniter.php(499): CodeIgniter\CodeIgniter->runController(Object(App\Controllers\DataregistrasihsvController))
 8 SYSTEMPATH\CodeIgniter.php(368): CodeIgniter\CodeIgniter->handleRequest(null, Object(Config\Cache), false)
 9 FCPATH\index.php(67): CodeIgniter\CodeIgniter->run()
10 SYSTEMPATH\Commands\Server\rewrite.php(47): require_once('C:\\xampp\\htdocs\\projecttesting\\public\\index.php')
INFO - 2023-05-08 08:30:46 --> Session: Class initialized using 'CodeIgniter\Session\Handlers\FileHandler' driver.
CRITICAL - 2023-05-08 08:30:46 --> Undefined array key "nama_bengkel"
in APPPATH\Views\tmplt\pengguna\dataregisthsv_view.php on line 174.
 1 APPPATH\Views\tmplt\pengguna\dataregisthsv_view.php(174): CodeIgniter\Debug\Exceptions->errorHandler(2, 'Undefined array key "nama_bengkel"', 'C:\\xampp\\htdocs\\projecttesting\\app\\Views\\tmplt\\pengguna\\dataregisthsv_view.php', 174)
 2 SYSTEMPATH\View\View.php(213): include('C:\\xampp\\htdocs\\projecttesting\\app\\Views\\tmplt\\pengguna\\dataregisthsv_view.php')
 3 SYSTEMPATH\View\View.php(216): CodeIgniter\View\View->CodeIgniter\View\{closure}()
 4 SYSTEMPATH\Common.php(1184): CodeIgniter\View\View->render('tmplt/pengguna/dataregisthsv_view', [], true)
 5 APPPATH\Controllers\DataregistrasihsvController.php(13): view('tmplt/pengguna/dataregisthsv_view')
 6 SYSTEMPATH\CodeIgniter.php(934): App\Controllers\DataregistrasihsvController->index()
 7 SYSTEMPATH\CodeIgniter.php(499): CodeIgniter\CodeIgniter->runController(Object(App\Controllers\DataregistrasihsvController))
 8 SYSTEMPATH\CodeIgniter.php(368): CodeIgniter\CodeIgniter->handleRequest(null, Object(Config\Cache), false)
 9 FCPATH\index.php(67): CodeIgniter\CodeIgniter->run()
10 SYSTEMPATH\Commands\Server\rewrite.php(47): require_once('C:\\xampp\\htdocs\\projecttesting\\public\\index.php')
INFO - 2023-05-08 08:30:46 --> Session: Class initialized using 'CodeIgniter\Session\Handlers\FileHandler' driver.
CRITICAL - 2023-05-08 08:30:46 --> Undefined array key "nama_bengkel"
in APPPATH\Views\tmplt\pengguna\dataregisthsv_view.php on line 174.
 1 APPPATH\Views\tmplt\pengguna\dataregisthsv_view.php(174): CodeIgniter\Debug\Exceptions->errorHandler(2, 'Undefined array key "nama_bengkel"', 'C:\\xampp\\htdocs\\projecttesting\\app\\Views\\tmplt\\pengguna\\dataregisthsv_view.php', 174)
 2 SYSTEMPATH\View\View.php(213): include('C:\\xampp\\htdocs\\projecttesting\\app\\Views\\tmplt\\pengguna\\dataregisthsv_view.php')
 3 SYSTEMPATH\View\View.php(216): CodeIgniter\View\View->CodeIgniter\View\{closure}()
 4 SYSTEMPATH\Common.php(1184): CodeIgniter\View\View->render('tmplt/pengguna/dataregisthsv_view', [], true)
 5 APPPATH\Controllers\DataregistrasihsvController.php(13): view('tmplt/pengguna/dataregisthsv_view')
 6 SYSTEMPATH\CodeIgniter.php(934): App\Controllers\DataregistrasihsvController->index()
 7 SYSTEMPATH\CodeIgniter.php(499): CodeIgniter\CodeIgniter->runController(Object(App\Controllers\DataregistrasihsvController))
 8 SYSTEMPATH\CodeIgniter.php(368): CodeIgniter\CodeIgniter->handleRequest(null, Object(Config\Cache), false)
 9 FCPATH\index.php(67): CodeIgniter\CodeIgniter->run()
10 SYSTEMPATH\Commands\Server\rewrite.php(47): require_once('C:\\xampp\\htdocs\\projecttesting\\public\\index.php')
INFO - 2023-05-08 08:30:46 --> Session: Class initialized using 'CodeIgniter\Session\Handlers\FileHandler' driver.
CRITICAL - 2023-05-08 08:30:46 --> Undefined array key "nama_bengkel"
in APPPATH\Views\tmplt\pengguna\dataregisthsv_view.php on line 174.
 1 APPPATH\Views\tmplt\pengguna\dataregisthsv_view.php(174): CodeIgniter\Debug\Exceptions->errorHandler(2, 'Undefined array key "nama_bengkel"', 'C:\\xampp\\htdocs\\projecttesting\\app\\Views\\tmplt\\pengguna\\dataregisthsv_view.php', 174)
 2 SYSTEMPATH\View\View.php(213): include('C:\\xampp\\htdocs\\projecttesting\\app\\Views\\tmplt\\pengguna\\dataregisthsv_view.php')
 3 SYSTEMPATH\View\View.php(216): CodeIgniter\View\View->CodeIgniter\View\{closure}()
 4 SYSTEMPATH\Common.php(1184): CodeIgniter\View\View->render('tmplt/pengguna/dataregisthsv_view', [], true)
 5 APPPATH\Controllers\DataregistrasihsvController.php(13): view('tmplt/pengguna/dataregisthsv_view')
 6 SYSTEMPATH\CodeIgniter.php(934): App\Controllers\DataregistrasihsvController->index()
 7 SYSTEMPATH\CodeIgniter.php(499): CodeIgniter\CodeIgniter->runController(Object(App\Controllers\DataregistrasihsvController))
 8 SYSTEMPATH\CodeIgniter.php(368): CodeIgniter\CodeIgniter->handleRequest(null, Object(Config\Cache), false)
 9 FCPATH\index.php(67): CodeIgniter\CodeIgniter->run()
10 SYSTEMPATH\Commands\Server\rewrite.php(47): require_once('C:\\xampp\\htdocs\\projecttesting\\public\\index.php')
INFO - 2023-05-08 08:30:46 --> Session: Class initialized using 'CodeIgniter\Session\Handlers\FileHandler' driver.
CRITICAL - 2023-05-08 08:30:46 --> Undefined array key "nama_bengkel"
in APPPATH\Views\tmplt\pengguna\dataregisthsv_view.php on line 174.
 1 APPPATH\Views\tmplt\pengguna\dataregisthsv_view.php(174): CodeIgniter\Debug\Exceptions->errorHandler(2, 'Undefined array key "nama_bengkel"', 'C:\\xampp\\htdocs\\projecttesting\\app\\Views\\tmplt\\pengguna\\dataregisthsv_view.php', 174)
 2 SYSTEMPATH\View\View.php(213): include('C:\\xampp\\htdocs\\projecttesting\\app\\Views\\tmplt\\pengguna\\dataregisthsv_view.php')
 3 SYSTEMPATH\View\View.php(216): CodeIgniter\View\View->CodeIgniter\View\{closure}()
 4 SYSTEMPATH\Common.php(1184): CodeIgniter\View\View->render('tmplt/pengguna/dataregisthsv_view', [], true)
 5 APPPATH\Controllers\DataregistrasihsvController.php(13): view('tmplt/pengguna/dataregisthsv_view')
 6 SYSTEMPATH\CodeIgniter.php(934): App\Controllers\DataregistrasihsvController->index()
 7 SYSTEMPATH\CodeIgniter.php(499): CodeIgniter\CodeIgniter->runController(Object(App\Controllers\DataregistrasihsvController))
 8 SYSTEMPATH\CodeIgniter.php(368): CodeIgniter\CodeIgniter->handleRequest(null, Object(Config\Cache), false)
 9 FCPATH\index.php(67): CodeIgniter\CodeIgniter->run()
10 SYSTEMPATH\Commands\Server\rewrite.php(47): require_once('C:\\xampp\\htdocs\\projecttesting\\public\\index.php')
INFO - 2023-05-08 08:30:47 --> Session: Class initialized using 'CodeIgniter\Session\Handlers\FileHandler' driver.
CRITICAL - 2023-05-08 08:30:47 --> Undefined array key "nama_bengkel"
in APPPATH\Views\tmplt\pengguna\dataregisthsv_view.php on line 174.
 1 APPPATH\Views\tmplt\pengguna\dataregisthsv_view.php(174): CodeIgniter\Debug\Exceptions->errorHandler(2, 'Undefined array key "nama_bengkel"', 'C:\\xampp\\htdocs\\projecttesting\\app\\Views\\tmplt\\pengguna\\dataregisthsv_view.php', 174)
 2 SYSTEMPATH\View\View.php(213): include('C:\\xampp\\htdocs\\projecttesting\\app\\Views\\tmplt\\pengguna\\dataregisthsv_view.php')
 3 SYSTEMPATH\View\View.php(216): CodeIgniter\View\View->CodeIgniter\View\{closure}()
 4 SYSTEMPATH\Common.php(1184): CodeIgniter\View\View->render('tmplt/pengguna/dataregisthsv_view', [], true)
 5 APPPATH\Controllers\DataregistrasihsvController.php(13): view('tmplt/pengguna/dataregisthsv_view')
 6 SYSTEMPATH\CodeIgniter.php(934): App\Controllers\DataregistrasihsvController->index()
 7 SYSTEMPATH\CodeIgniter.php(499): CodeIgniter\CodeIgniter->runController(Object(App\Controllers\DataregistrasihsvController))
 8 SYSTEMPATH\CodeIgniter.php(368): CodeIgniter\CodeIgniter->handleRequest(null, Object(Config\Cache), false)
 9 FCPATH\index.php(67): CodeIgniter\CodeIgniter->run()
10 SYSTEMPATH\Commands\Server\rewrite.php(47): require_once('C:\\xampp\\htdocs\\projecttesting\\public\\index.php')
INFO - 2023-05-08 08:30:47 --> Session: Class initialized using 'CodeIgniter\Session\Handlers\FileHandler' driver.
CRITICAL - 2023-05-08 08:30:47 --> Undefined array key "nama_bengkel"
in APPPATH\Views\tmplt\pengguna\dataregisthsv_view.php on line 174.
 1 APPPATH\Views\tmplt\pengguna\dataregisthsv_view.php(174): CodeIgniter\Debug\Exceptions->errorHandler(2, 'Undefined array key "nama_bengkel"', 'C:\\xampp\\htdocs\\projecttesting\\app\\Views\\tmplt\\pengguna\\dataregisthsv_view.php', 174)
 2 SYSTEMPATH\View\View.php(213): include('C:\\xampp\\htdocs\\projecttesting\\app\\Views\\tmplt\\pengguna\\dataregisthsv_view.php')
 3 SYSTEMPATH\View\View.php(216): CodeIgniter\View\View->CodeIgniter\View\{closure}()
 4 SYSTEMPATH\Common.php(1184): CodeIgniter\View\View->render('tmplt/pengguna/dataregisthsv_view', [], true)
 5 APPPATH\Controllers\DataregistrasihsvController.php(13): view('tmplt/pengguna/dataregisthsv_view')
 6 SYSTEMPATH\CodeIgniter.php(934): App\Controllers\DataregistrasihsvController->index()
 7 SYSTEMPATH\CodeIgniter.php(499): CodeIgniter\CodeIgniter->runController(Object(App\Controllers\DataregistrasihsvController))
 8 SYSTEMPATH\CodeIgniter.php(368): CodeIgniter\CodeIgniter->handleRequest(null, Object(Config\Cache), false)
 9 FCPATH\index.php(67): CodeIgniter\CodeIgniter->run()
10 SYSTEMPATH\Commands\Server\rewrite.php(47): require_once('C:\\xampp\\htdocs\\projecttesting\\public\\index.php')
INFO - 2023-05-08 08:30:47 --> Session: Class initialized using 'CodeIgniter\Session\Handlers\FileHandler' driver.
CRITICAL - 2023-05-08 08:30:47 --> Undefined array key "nama_bengkel"
in APPPATH\Views\tmplt\pengguna\dataregisthsv_view.php on line 174.
 1 APPPATH\Views\tmplt\pengguna\dataregisthsv_view.php(174): CodeIgniter\Debug\Exceptions->errorHandler(2, 'Undefined array key "nama_bengkel"', 'C:\\xampp\\htdocs\\projecttesting\\app\\Views\\tmplt\\pengguna\\dataregisthsv_view.php', 174)
 2 SYSTEMPATH\View\View.php(213): include('C:\\xampp\\htdocs\\projecttesting\\app\\Views\\tmplt\\pengguna\\dataregisthsv_view.php')
 3 SYSTEMPATH\View\View.php(216): CodeIgniter\View\View->CodeIgniter\View\{closure}()
 4 SYSTEMPATH\Common.php(1184): CodeIgniter\View\View->render('tmplt/pengguna/dataregisthsv_view', [], true)
 5 APPPATH\Controllers\DataregistrasihsvController.php(13): view('tmplt/pengguna/dataregisthsv_view')
 6 SYSTEMPATH\CodeIgniter.php(934): App\Controllers\DataregistrasihsvController->index()
 7 SYSTEMPATH\CodeIgniter.php(499): CodeIgniter\CodeIgniter->runController(Object(App\Controllers\DataregistrasihsvController))
 8 SYSTEMPATH\CodeIgniter.php(368): CodeIgniter\CodeIgniter->handleRequest(null, Object(Config\Cache), false)
 9 FCPATH\index.php(67): CodeIgniter\CodeIgniter->run()
10 SYSTEMPATH\Commands\Server\rewrite.php(47): require_once('C:\\xampp\\htdocs\\projecttesting\\public\\index.php')
INFO - 2023-05-08 08:30:47 --> Session: Class initialized using 'CodeIgniter\Session\Handlers\FileHandler' driver.
CRITICAL - 2023-05-08 08:30:47 --> Undefined array key "nama_bengkel"
in APPPATH\Views\tmplt\pengguna\dataregisthsv_view.php on line 174.
 1 APPPATH\Views\tmplt\pengguna\dataregisthsv_view.php(174): CodeIgniter\Debug\Exceptions->errorHandler(2, 'Undefined array key "nama_bengkel"', 'C:\\xampp\\htdocs\\projecttesting\\app\\Views\\tmplt\\pengguna\\dataregisthsv_view.php', 174)
 2 SYSTEMPATH\View\View.php(213): include('C:\\xampp\\htdocs\\projecttesting\\app\\Views\\tmplt\\pengguna\\dataregisthsv_view.php')
 3 SYSTEMPATH\View\View.php(216): CodeIgniter\View\View->CodeIgniter\View\{closure}()
 4 SYSTEMPATH\Common.php(1184): CodeIgniter\View\View->render('tmplt/pengguna/dataregisthsv_view', [], true)
 5 APPPATH\Controllers\DataregistrasihsvController.php(13): view('tmplt/pengguna/dataregisthsv_view')
 6 SYSTEMPATH\CodeIgniter.php(934): App\Controllers\DataregistrasihsvController->index()
 7 SYSTEMPATH\CodeIgniter.php(499): CodeIgniter\CodeIgniter->runController(Object(App\Controllers\DataregistrasihsvController))
 8 SYSTEMPATH\CodeIgniter.php(368): CodeIgniter\CodeIgniter->handleRequest(null, Object(Config\Cache), false)
 9 FCPATH\index.php(67): CodeIgniter\CodeIgniter->run()
10 SYSTEMPATH\Commands\Server\rewrite.php(47): require_once('C:\\xampp\\htdocs\\projecttesting\\public\\index.php')
INFO - 2023-05-08 08:30:47 --> Session: Class initialized using 'CodeIgniter\Session\Handlers\FileHandler' driver.
CRITICAL - 2023-05-08 08:30:47 --> Undefined array key "nama_bengkel"
in APPPATH\Views\tmplt\pengguna\dataregisthsv_view.php on line 174.
 1 APPPATH\Views\tmplt\pengguna\dataregisthsv_view.php(174): CodeIgniter\Debug\Exceptions->errorHandler(2, 'Undefined array key "nama_bengkel"', 'C:\\xampp\\htdocs\\projecttesting\\app\\Views\\tmplt\\pengguna\\dataregisthsv_view.php', 174)
 2 SYSTEMPATH\View\View.php(213): include('C:\\xampp\\htdocs\\projecttesting\\app\\Views\\tmplt\\pengguna\\dataregisthsv_view.php')
 3 SYSTEMPATH\View\View.php(216): CodeIgniter\View\View->CodeIgniter\View\{closure}()
 4 SYSTEMPATH\Common.php(1184): CodeIgniter\View\View->render('tmplt/pengguna/dataregisthsv_view', [], true)
 5 APPPATH\Controllers\DataregistrasihsvController.php(13): view('tmplt/pengguna/dataregisthsv_view')
 6 SYSTEMPATH\CodeIgniter.php(934): App\Controllers\DataregistrasihsvController->index()
 7 SYSTEMPATH\CodeIgniter.php(499): CodeIgniter\CodeIgniter->runController(Object(App\Controllers\DataregistrasihsvController))
 8 SYSTEMPATH\CodeIgniter.php(368): CodeIgniter\CodeIgniter->handleRequest(null, Object(Config\Cache), false)
 9 FCPATH\index.php(67): CodeIgniter\CodeIgniter->run()
10 SYSTEMPATH\Commands\Server\rewrite.php(47): require_once('C:\\xampp\\htdocs\\projecttesting\\public\\index.php')
INFO - 2023-05-08 08:30:47 --> Session: Class initialized using 'CodeIgniter\Session\Handlers\FileHandler' driver.
CRITICAL - 2023-05-08 08:30:48 --> Undefined array key "nama_bengkel"
in APPPATH\Views\tmplt\pengguna\dataregisthsv_view.php on line 174.
 1 APPPATH\Views\tmplt\pengguna\dataregisthsv_view.php(174): CodeIgniter\Debug\Exceptions->errorHandler(2, 'Undefined array key "nama_bengkel"', 'C:\\xampp\\htdocs\\projecttesting\\app\\Views\\tmplt\\pengguna\\dataregisthsv_view.php', 174)
 2 SYSTEMPATH\View\View.php(213): include('C:\\xampp\\htdocs\\projecttesting\\app\\Views\\tmplt\\pengguna\\dataregisthsv_view.php')
 3 SYSTEMPATH\View\View.php(216): CodeIgniter\View\View->CodeIgniter\View\{closure}()
 4 SYSTEMPATH\Common.php(1184): CodeIgniter\View\View->render('tmplt/pengguna/dataregisthsv_view', [], true)
 5 APPPATH\Controllers\DataregistrasihsvController.php(13): view('tmplt/pengguna/dataregisthsv_view')
 6 SYSTEMPATH\CodeIgniter.php(934): App\Controllers\DataregistrasihsvController->index()
 7 SYSTEMPATH\CodeIgniter.php(499): CodeIgniter\CodeIgniter->runController(Object(App\Controllers\DataregistrasihsvController))
 8 SYSTEMPATH\CodeIgniter.php(368): CodeIgniter\CodeIgniter->handleRequest(null, Object(Config\Cache), false)
 9 FCPATH\index.php(67): CodeIgniter\CodeIgniter->run()
10 SYSTEMPATH\Commands\Server\rewrite.php(47): require_once('C:\\xampp\\htdocs\\projecttesting\\public\\index.php')
INFO - 2023-05-08 08:31:18 --> Session: Class initialized using 'CodeIgniter\Session\Handlers\FileHandler' driver.
INFO - 2023-05-08 08:31:19 --> Session: Class initialized using 'CodeIgniter\Session\Handlers\FileHandler' driver.
INFO - 2023-05-08 08:31:20 --> Session: Class initialized using 'CodeIgniter\Session\Handlers\FileHandler' driver.
INFO - 2023-05-08 08:31:23 --> Session: Class initialized using 'CodeIgniter\Session\Handlers\FileHandler' driver.
INFO - 2023-05-08 08:31:58 --> Session: Class initialized using 'CodeIgniter\Session\Handlers\FileHandler' driver.
CRITICAL - 2023-05-08 08:31:58 --> Undefined array key "nama_bengkel"
in APPPATH\Views\tmplt\pengguna\dataregisthsv_view.php on line 174.
 1 APPPATH\Views\tmplt\pengguna\dataregisthsv_view.php(174): CodeIgniter\Debug\Exceptions->errorHandler(2, 'Undefined array key "nama_bengkel"', 'C:\\xampp\\htdocs\\projecttesting\\app\\Views\\tmplt\\pengguna\\dataregisthsv_view.php', 174)
 2 SYSTEMPATH\View\View.php(213): include('C:\\xampp\\htdocs\\projecttesting\\app\\Views\\tmplt\\pengguna\\dataregisthsv_view.php')
 3 SYSTEMPATH\View\View.php(216): CodeIgniter\View\View->CodeIgniter\View\{closure}()
 4 SYSTEMPATH\Common.php(1184): CodeIgniter\View\View->render('tmplt/pengguna/dataregisthsv_view', [], true)
 5 APPPATH\Controllers\DataregistrasihsvController.php(13): view('tmplt/pengguna/dataregisthsv_view')
 6 SYSTEMPATH\CodeIgniter.php(934): App\Controllers\DataregistrasihsvController->index()
 7 SYSTEMPATH\CodeIgniter.php(499): CodeIgniter\CodeIgniter->runController(Object(App\Controllers\DataregistrasihsvController))
 8 SYSTEMPATH\CodeIgniter.php(368): CodeIgniter\CodeIgniter->handleRequest(null, Object(Config\Cache), false)
 9 FCPATH\index.php(67): CodeIgniter\CodeIgniter->run()
10 SYSTEMPATH\Commands\Server\rewrite.php(47): require_once('C:\\xampp\\htdocs\\projecttesting\\public\\index.php')
INFO - 2023-05-08 08:32:21 --> Session: Class initialized using 'CodeIgniter\Session\Handlers\FileHandler' driver.
CRITICAL - 2023-05-08 08:32:21 --> Undefined array key "nama_bengkel"
in APPPATH\Views\tmplt\pengguna\dataregisthsv_view.php on line 174.
 1 APPPATH\Views\tmplt\pengguna\dataregisthsv_view.php(174): CodeIgniter\Debug\Exceptions->errorHandler(2, 'Undefined array key "nama_bengkel"', 'C:\\xampp\\htdocs\\projecttesting\\app\\Views\\tmplt\\pengguna\\dataregisthsv_view.php', 174)
 2 SYSTEMPATH\View\View.php(213): include('C:\\xampp\\htdocs\\projecttesting\\app\\Views\\tmplt\\pengguna\\dataregisthsv_view.php')
 3 SYSTEMPATH\View\View.php(216): CodeIgniter\View\View->CodeIgniter\View\{closure}()
 4 SYSTEMPATH\Common.php(1184): CodeIgniter\View\View->render('tmplt/pengguna/dataregisthsv_view', [], true)
 5 APPPATH\Controllers\DataregistrasihsvController.php(13): view('tmplt/pengguna/dataregisthsv_view')
 6 SYSTEMPATH\CodeIgniter.php(934): App\Controllers\DataregistrasihsvController->index()
 7 SYSTEMPATH\CodeIgniter.php(499): CodeIgniter\CodeIgniter->runController(Object(App\Controllers\DataregistrasihsvController))
 8 SYSTEMPATH\CodeIgniter.php(368): CodeIgniter\CodeIgniter->handleRequest(null, Object(Config\Cache), false)
 9 FCPATH\index.php(67): CodeIgniter\CodeIgniter->run()
10 SYSTEMPATH\Commands\Server\rewrite.php(47): require_once('C:\\xampp\\htdocs\\projecttesting\\public\\index.php')
INFO - 2023-05-08 08:32:35 --> Session: Class initialized using 'CodeIgniter\Session\Handlers\FileHandler' driver.
CRITICAL - 2023-05-08 08:32:35 --> Undefined array key "nama_bengkel"
in APPPATH\Views\tmplt\pengguna\dataregisthsv_view.php on line 174.
 1 APPPATH\Views\tmplt\pengguna\dataregisthsv_view.php(174): CodeIgniter\Debug\Exceptions->errorHandler(2, 'Undefined array key "nama_bengkel"', 'C:\\xampp\\htdocs\\projecttesting\\app\\Views\\tmplt\\pengguna\\dataregisthsv_view.php', 174)
 2 SYSTEMPATH\View\View.php(213): include('C:\\xampp\\htdocs\\projecttesting\\app\\Views\\tmplt\\pengguna\\dataregisthsv_view.php')
 3 SYSTEMPATH\View\View.php(216): CodeIgniter\View\View->CodeIgniter\View\{closure}()
 4 SYSTEMPATH\Common.php(1184): CodeIgniter\View\View->render('tmplt/pengguna/dataregisthsv_view', [], true)
 5 APPPATH\Controllers\DataregistrasihsvController.php(13): view('tmplt/pengguna/dataregisthsv_view')
 6 SYSTEMPATH\CodeIgniter.php(934): App\Controllers\DataregistrasihsvController->index()
 7 SYSTEMPATH\CodeIgniter.php(499): CodeIgniter\CodeIgniter->runController(Object(App\Controllers\DataregistrasihsvController))
 8 SYSTEMPATH\CodeIgniter.php(368): CodeIgniter\CodeIgniter->handleRequest(null, Object(Config\Cache), false)
 9 FCPATH\index.php(67): CodeIgniter\CodeIgniter->run()
10 SYSTEMPATH\Commands\Server\rewrite.php(47): require_once('C:\\xampp\\htdocs\\projecttesting\\public\\index.php')
INFO - 2023-05-08 08:32:36 --> Session: Class initialized using 'CodeIgniter\Session\Handlers\FileHandler' driver.
CRITICAL - 2023-05-08 08:32:36 --> Undefined array key "nama_bengkel"
in APPPATH\Views\tmplt\pengguna\dataregisthsv_view.php on line 174.
 1 APPPATH\Views\tmplt\pengguna\dataregisthsv_view.php(174): CodeIgniter\Debug\Exceptions->errorHandler(2, 'Undefined array key "nama_bengkel"', 'C:\\xampp\\htdocs\\projecttesting\\app\\Views\\tmplt\\pengguna\\dataregisthsv_view.php', 174)
 2 SYSTEMPATH\View\View.php(213): include('C:\\xampp\\htdocs\\projecttesting\\app\\Views\\tmplt\\pengguna\\dataregisthsv_view.php')
 3 SYSTEMPATH\View\View.php(216): CodeIgniter\View\View->CodeIgniter\View\{closure}()
 4 SYSTEMPATH\Common.php(1184): CodeIgniter\View\View->render('tmplt/pengguna/dataregisthsv_view', [], true)
 5 APPPATH\Controllers\DataregistrasihsvController.php(13): view('tmplt/pengguna/dataregisthsv_view')
 6 SYSTEMPATH\CodeIgniter.php(934): App\Controllers\DataregistrasihsvController->index()
 7 SYSTEMPATH\CodeIgniter.php(499): CodeIgniter\CodeIgniter->runController(Object(App\Controllers\DataregistrasihsvController))
 8 SYSTEMPATH\CodeIgniter.php(368): CodeIgniter\CodeIgniter->handleRequest(null, Object(Config\Cache), false)
 9 FCPATH\index.php(67): CodeIgniter\CodeIgniter->run()
10 SYSTEMPATH\Commands\Server\rewrite.php(47): require_once('C:\\xampp\\htdocs\\projecttesting\\public\\index.php')
INFO - 2023-05-08 08:32:58 --> Session: Class initialized using 'CodeIgniter\Session\Handlers\FileHandler' driver.
CRITICAL - 2023-05-08 08:32:58 --> Undefined array key "nama_bengkel"
in APPPATH\Views\tmplt\pengguna\dataregisthsv_view.php on line 174.
 1 APPPATH\Views\tmplt\pengguna\dataregisthsv_view.php(174): CodeIgniter\Debug\Exceptions->errorHandler(2, 'Undefined array key "nama_bengkel"', 'C:\\xampp\\htdocs\\projecttesting\\app\\Views\\tmplt\\pengguna\\dataregisthsv_view.php', 174)
 2 SYSTEMPATH\View\View.php(213): include('C:\\xampp\\htdocs\\projecttesting\\app\\Views\\tmplt\\pengguna\\dataregisthsv_view.php')
 3 SYSTEMPATH\View\View.php(216): CodeIgniter\View\View->CodeIgniter\View\{closure}()
 4 SYSTEMPATH\Common.php(1184): CodeIgniter\View\View->render('tmplt/pengguna/dataregisthsv_view', [], true)
 5 APPPATH\Controllers\DataregistrasihsvController.php(13): view('tmplt/pengguna/dataregisthsv_view')
 6 SYSTEMPATH\CodeIgniter.php(934): App\Controllers\DataregistrasihsvController->index()
 7 SYSTEMPATH\CodeIgniter.php(499): CodeIgniter\CodeIgniter->runController(Object(App\Controllers\DataregistrasihsvController))
 8 SYSTEMPATH\CodeIgniter.php(368): CodeIgniter\CodeIgniter->handleRequest(null, Object(Config\Cache), false)
 9 FCPATH\index.php(67): CodeIgniter\CodeIgniter->run()
10 SYSTEMPATH\Commands\Server\rewrite.php(47): require_once('C:\\xampp\\htdocs\\projecttesting\\public\\index.php')
INFO - 2023-05-08 08:34:01 --> Session: Class initialized using 'CodeIgniter\Session\Handlers\FileHandler' driver.
INFO - 2023-05-08 08:34:02 --> Session: Class initialized using 'CodeIgniter\Session\Handlers\FileHandler' driver.
INFO - 2023-05-08 08:34:12 --> Session: Class initialized using 'CodeIgniter\Session\Handlers\FileHandler' driver.
INFO - 2023-05-08 08:34:13 --> Session: Class initialized using 'CodeIgniter\Session\Handlers\FileHandler' driver.
INFO - 2023-05-08 08:34:28 --> Session: Class initialized using 'CodeIgniter\Session\Handlers\FileHandler' driver.
CRITICAL - 2023-05-08 08:34:28 --> Undefined array key "nama_bengkel"
in APPPATH\Views\tmplt\pengguna\dataregisthsv_view.php on line 174.
 1 APPPATH\Views\tmplt\pengguna\dataregisthsv_view.php(174): CodeIgniter\Debug\Exceptions->errorHandler(2, 'Undefined array key "nama_bengkel"', 'C:\\xampp\\htdocs\\projecttesting\\app\\Views\\tmplt\\pengguna\\dataregisthsv_view.php', 174)
 2 SYSTEMPATH\View\View.php(213): include('C:\\xampp\\htdocs\\projecttesting\\app\\Views\\tmplt\\pengguna\\dataregisthsv_view.php')
 3 SYSTEMPATH\View\View.php(216): CodeIgniter\View\View->CodeIgniter\View\{closure}()
 4 SYSTEMPATH\Common.php(1184): CodeIgniter\View\View->render('tmplt/pengguna/dataregisthsv_view', [], true)
 5 APPPATH\Controllers\DataregistrasihsvController.php(13): view('tmplt/pengguna/dataregisthsv_view')
 6 SYSTEMPATH\CodeIgniter.php(934): App\Controllers\DataregistrasihsvController->index()
 7 SYSTEMPATH\CodeIgniter.php(499): CodeIgniter\CodeIgniter->runController(Object(App\Controllers\DataregistrasihsvController))
 8 SYSTEMPATH\CodeIgniter.php(368): CodeIgniter\CodeIgniter->handleRequest(null, Object(Config\Cache), false)
 9 FCPATH\index.php(67): CodeIgniter\CodeIgniter->run()
10 SYSTEMPATH\Commands\Server\rewrite.php(47): require_once('C:\\xampp\\htdocs\\projecttesting\\public\\index.php')
INFO - 2023-05-08 08:34:30 --> Session: Class initialized using 'CodeIgniter\Session\Handlers\FileHandler' driver.
CRITICAL - 2023-05-08 08:34:30 --> Undefined array key "nama_bengkel"
in APPPATH\Views\tmplt\pengguna\dataregisthsv_view.php on line 174.
 1 APPPATH\Views\tmplt\pengguna\dataregisthsv_view.php(174): CodeIgniter\Debug\Exceptions->errorHandler(2, 'Undefined array key "nama_bengkel"', 'C:\\xampp\\htdocs\\projecttesting\\app\\Views\\tmplt\\pengguna\\dataregisthsv_view.php', 174)
 2 SYSTEMPATH\View\View.php(213): include('C:\\xampp\\htdocs\\projecttesting\\app\\Views\\tmplt\\pengguna\\dataregisthsv_view.php')
 3 SYSTEMPATH\View\View.php(216): CodeIgniter\View\View->CodeIgniter\View\{closure}()
 4 SYSTEMPATH\Common.php(1184): CodeIgniter\View\View->render('tmplt/pengguna/dataregisthsv_view', [], true)
 5 APPPATH\Controllers\DataregistrasihsvController.php(13): view('tmplt/pengguna/dataregisthsv_view')
 6 SYSTEMPATH\CodeIgniter.php(934): App\Controllers\DataregistrasihsvController->index()
 7 SYSTEMPATH\CodeIgniter.php(499): CodeIgniter\CodeIgniter->runController(Object(App\Controllers\DataregistrasihsvController))
 8 SYSTEMPATH\CodeIgniter.php(368): CodeIgniter\CodeIgniter->handleRequest(null, Object(Config\Cache), false)
 9 FCPATH\index.php(67): CodeIgniter\CodeIgniter->run()
10 SYSTEMPATH\Commands\Server\rewrite.php(47): require_once('C:\\xampp\\htdocs\\projecttesting\\public\\index.php')
INFO - 2023-05-08 08:34:37 --> Session: Class initialized using 'CodeIgniter\Session\Handlers\FileHandler' driver.
INFO - 2023-05-08 08:34:37 --> Session: Class initialized using 'CodeIgniter\Session\Handlers\FileHandler' driver.
INFO - 2023-05-08 08:34:38 --> Session: Class initialized using 'CodeIgniter\Session\Handlers\FileHandler' driver.
INFO - 2023-05-08 08:34:51 --> Session: Class initialized using 'CodeIgniter\Session\Handlers\FileHandler' driver.
INFO - 2023-05-08 08:34:52 --> Session: Class initialized using 'CodeIgniter\Session\Handlers\FileHandler' driver.
INFO - 2023-05-08 08:34:53 --> Session: Class initialized using 'CodeIgniter\Session\Handlers\FileHandler' driver.
INFO - 2023-05-08 08:55:03 --> Session: Class initialized using 'CodeIgniter\Session\Handlers\FileHandler' driver.
INFO - 2023-05-08 08:55:03 --> Session: Class initialized using 'CodeIgniter\Session\Handlers\FileHandler' driver.
INFO - 2023-05-08 08:55:05 --> Session: Class initialized using 'CodeIgniter\Session\Handlers\FileHandler' driver.
INFO - 2023-05-08 08:55:43 --> Session: Class initialized using 'CodeIgniter\Session\Handlers\FileHandler' driver.
INFO - 2023-05-08 08:55:44 --> Session: Class initialized using 'CodeIgniter\Session\Handlers\FileHandler' driver.
INFO - 2023-05-08 08:55:45 --> Session: Class initialized using 'CodeIgniter\Session\Handlers\FileHandler' driver.
INFO - 2023-05-08 09:39:38 --> Session: Class initialized using 'CodeIgniter\Session\Handlers\FileHandler' driver.
INFO - 2023-05-08 09:39:39 --> Session: Class initialized using 'CodeIgniter\Session\Handlers\FileHandler' driver.
INFO - 2023-05-08 09:39:40 --> Session: Class initialized using 'CodeIgniter\Session\Handlers\FileHandler' driver.
INFO - 2023-05-08 09:39:41 --> Session: Class initialized using 'CodeIgniter\Session\Handlers\FileHandler' driver.
INFO - 2023-05-08 09:39:42 --> Session: Class initialized using 'CodeIgniter\Session\Handlers\FileHandler' driver.
INFO - 2023-05-08 09:39:42 --> Session: Class initialized using 'CodeIgniter\Session\Handlers\FileHandler' driver.
INFO - 2023-05-08 09:39:43 --> Session: Class initialized using 'CodeIgniter\Session\Handlers\FileHandler' driver.
INFO - 2023-05-08 09:39:44 --> Session: Class initialized using 'CodeIgniter\Session\Handlers\FileHandler' driver.
INFO - 2023-05-08 09:39:46 --> Session: Class initialized using 'CodeIgniter\Session\Handlers\FileHandler' driver.
INFO - 2023-05-08 09:39:48 --> Session: Class initialized using 'CodeIgniter\Session\Handlers\FileHandler' driver.
INFO - 2023-05-08 09:39:49 --> Session: Class initialized using 'CodeIgniter\Session\Handlers\FileHandler' driver.
INFO - 2023-05-08 10:02:02 --> Session: Class initialized using 'CodeIgniter\Session\Handlers\FileHandler' driver.
INFO - 2023-05-08 10:02:02 --> Session: Class initialized using 'CodeIgniter\Session\Handlers\FileHandler' driver.
INFO - 2023-05-08 10:06:23 --> Session: Class initialized using 'CodeIgniter\Session\Handlers\FileHandler' driver.
INFO - 2023-05-08 10:08:03 --> Session: Class initialized using 'CodeIgniter\Session\Handlers\FileHandler' driver.
INFO - 2023-05-08 10:08:03 --> Session: Class initialized using 'CodeIgniter\Session\Handlers\FileHandler' driver.
INFO - 2023-05-08 10:09:52 --> Session: Class initialized using 'CodeIgniter\Session\Handlers\FileHandler' driver.
INFO - 2023-05-08 10:10:39 --> Session: Class initialized using 'CodeIgniter\Session\Handlers\FileHandler' driver.
