ERROR - 2023-04-15 08:02:01 --> mysqli_sql_exception: You have an error in your SQL syntax; check the manual that corresponds to your MariaDB server version for the right syntax to use near '()
) DEFAULT CHARACTER SET = utf8 COLLATE = utf8_general_ci' at line 5 in C:\xampp\htdocs\projecttesting\vendor\codeigniter4\framework\system\Database\MySQLi\Connection.php:295
Stack trace:
#0 C:\xampp\htdocs\projecttesting\vendor\codeigniter4\framework\system\Database\MySQLi\Connection.php(295): mysqli->query('CREATE TABLE `d...', 0)
#1 C:\xampp\htdocs\projecttesting\vendor\codeigniter4\framework\system\Database\BaseConnection.php(691): CodeIgniter\Database\MySQLi\Connection->execute('CREATE TABLE `d...')
#2 C:\xampp\htdocs\projecttesting\vendor\codeigniter4\framework\system\Database\BaseConnection.php(605): CodeIgniter\Database\BaseConnection->simpleQuery('CREATE TABLE `d...')
#3 C:\xampp\htdocs\projecttesting\vendor\codeigniter4\framework\system\Database\Forge.php(546): CodeIgniter\Database\BaseConnection->query('CREATE TABLE `d...')
#4 C:\xampp\htdocs\projecttesting\app\Database\Migrations\2023-04-12-123417_DatapendaftarMigration.php(17): CodeIgniter\Database\Forge->createTable('data_pendaftar')
#5 C:\xampp\htdocs\projecttesting\vendor\codeigniter4\framework\system\Database\MigrationRunner.php(877): App\Database\Migrations\DatapendaftarMigration->up()
#6 C:\xampp\htdocs\projecttesting\vendor\codeigniter4\framework\system\Database\MigrationRunner.php(188): CodeIgniter\Database\MigrationRunner->migrate('up', Object(stdClass))
#7 C:\xampp\htdocs\projecttesting\vendor\codeigniter4\framework\system\Commands\Database\Migrate.php(84): CodeIgniter\Database\MigrationRunner->latest(NULL)
#8 C:\xampp\htdocs\projecttesting\vendor\codeigniter4\framework\system\CLI\Commands.php(65): CodeIgniter\Commands\Database\Migrate->run(Array)
#9 C:\xampp\htdocs\projecttesting\vendor\codeigniter4\framework\system\CLI\BaseCommand.php(114): CodeIgniter\CLI\Commands->run('migrate', Array)
#10 C:\xampp\htdocs\projecttesting\vendor\codeigniter4\framework\system\Commands\Database\MigrateRefresh.php(85): CodeIgniter\CLI\BaseCommand->call('migrate', Array)
#11 C:\xampp\htdocs\projecttesting\vendor\codeigniter4\framework\system\CLI\Commands.php(65): CodeIgniter\Commands\Database\MigrateRefresh->run(Array)
#12 C:\xampp\htdocs\projecttesting\vendor\codeigniter4\framework\system\CLI\Console.php(37): CodeIgniter\CLI\Commands->run('migrate:refresh', Array)
#13 C:\xampp\htdocs\projecttesting\spark(97): CodeIgniter\CLI\Console->run()
#14 {main}
ERROR - 2023-04-15 08:03:08 --> mysqli_sql_exception: You have an error in your SQL syntax; check the manual that corresponds to your MariaDB server version for the right syntax to use near '()
) DEFAULT CHARACTER SET = utf8 COLLATE = utf8_general_ci' at line 5 in C:\xampp\htdocs\projecttesting\vendor\codeigniter4\framework\system\Database\MySQLi\Connection.php:295
Stack trace:
#0 C:\xampp\htdocs\projecttesting\vendor\codeigniter4\framework\system\Database\MySQLi\Connection.php(295): mysqli->query('CREATE TABLE `d...', 0)
#1 C:\xampp\htdocs\projecttesting\vendor\codeigniter4\framework\system\Database\BaseConnection.php(691): CodeIgniter\Database\MySQLi\Connection->execute('CREATE TABLE `d...')
#2 C:\xampp\htdocs\projecttesting\vendor\codeigniter4\framework\system\Database\BaseConnection.php(605): CodeIgniter\Database\BaseConnection->simpleQuery('CREATE TABLE `d...')
#3 C:\xampp\htdocs\projecttesting\vendor\codeigniter4\framework\system\Database\Forge.php(546): CodeIgniter\Database\BaseConnection->query('CREATE TABLE `d...')
#4 C:\xampp\htdocs\projecttesting\app\Database\Migrations\2023-04-12-123417_DatapendaftarMigration.php(17): CodeIgniter\Database\Forge->createTable('data_pendaftar')
#5 C:\xampp\htdocs\projecttesting\vendor\codeigniter4\framework\system\Database\MigrationRunner.php(877): App\Database\Migrations\DatapendaftarMigration->up()
#6 C:\xampp\htdocs\projecttesting\vendor\codeigniter4\framework\system\Database\MigrationRunner.php(188): CodeIgniter\Database\MigrationRunner->migrate('up', Object(stdClass))
#7 C:\xampp\htdocs\projecttesting\vendor\codeigniter4\framework\system\Commands\Database\Migrate.php(84): CodeIgniter\Database\MigrationRunner->latest(NULL)
#8 C:\xampp\htdocs\projecttesting\vendor\codeigniter4\framework\system\CLI\Commands.php(65): CodeIgniter\Commands\Database\Migrate->run(Array)
#9 C:\xampp\htdocs\projecttesting\vendor\codeigniter4\framework\system\CLI\BaseCommand.php(114): CodeIgniter\CLI\Commands->run('migrate', Array)
#10 C:\xampp\htdocs\projecttesting\vendor\codeigniter4\framework\system\Commands\Database\MigrateRefresh.php(85): CodeIgniter\CLI\BaseCommand->call('migrate', Array)
#11 C:\xampp\htdocs\projecttesting\vendor\codeigniter4\framework\system\CLI\Commands.php(65): CodeIgniter\Commands\Database\MigrateRefresh->run(Array)
#12 C:\xampp\htdocs\projecttesting\vendor\codeigniter4\framework\system\CLI\Console.php(37): CodeIgniter\CLI\Commands->run('migrate:refresh', Array)
#13 C:\xampp\htdocs\projecttesting\spark(97): CodeIgniter\CLI\Console->run()
#14 {main}
ERROR - 2023-04-15 08:04:29 --> mysqli_sql_exception: You have an error in your SQL syntax; check the manual that corresponds to your MariaDB server version for the right syntax to use near '()
) DEFAULT CHARACTER SET = utf8 COLLATE = utf8_general_ci' at line 5 in C:\xampp\htdocs\projecttesting\vendor\codeigniter4\framework\system\Database\MySQLi\Connection.php:295
Stack trace:
#0 C:\xampp\htdocs\projecttesting\vendor\codeigniter4\framework\system\Database\MySQLi\Connection.php(295): mysqli->query('CREATE TABLE `d...', 0)
#1 C:\xampp\htdocs\projecttesting\vendor\codeigniter4\framework\system\Database\BaseConnection.php(691): CodeIgniter\Database\MySQLi\Connection->execute('CREATE TABLE `d...')
#2 C:\xampp\htdocs\projecttesting\vendor\codeigniter4\framework\system\Database\BaseConnection.php(605): CodeIgniter\Database\BaseConnection->simpleQuery('CREATE TABLE `d...')
#3 C:\xampp\htdocs\projecttesting\vendor\codeigniter4\framework\system\Database\Forge.php(546): CodeIgniter\Database\BaseConnection->query('CREATE TABLE `d...')
#4 C:\xampp\htdocs\projecttesting\app\Database\Migrations\2023-04-12-123417_DatapendaftarMigration.php(17): CodeIgniter\Database\Forge->createTable('data_pendaftar')
#5 C:\xampp\htdocs\projecttesting\vendor\codeigniter4\framework\system\Database\MigrationRunner.php(877): App\Database\Migrations\DatapendaftarMigration->up()
#6 C:\xampp\htdocs\projecttesting\vendor\codeigniter4\framework\system\Database\MigrationRunner.php(188): CodeIgniter\Database\MigrationRunner->migrate('up', Object(stdClass))
#7 C:\xampp\htdocs\projecttesting\vendor\codeigniter4\framework\system\Commands\Database\Migrate.php(84): CodeIgniter\Database\MigrationRunner->latest(NULL)
#8 C:\xampp\htdocs\projecttesting\vendor\codeigniter4\framework\system\CLI\Commands.php(65): CodeIgniter\Commands\Database\Migrate->run(Array)
#9 C:\xampp\htdocs\projecttesting\vendor\codeigniter4\framework\system\CLI\BaseCommand.php(114): CodeIgniter\CLI\Commands->run('migrate', Array)
#10 C:\xampp\htdocs\projecttesting\vendor\codeigniter4\framework\system\Commands\Database\MigrateRefresh.php(85): CodeIgniter\CLI\BaseCommand->call('migrate', Array)
#11 C:\xampp\htdocs\projecttesting\vendor\codeigniter4\framework\system\CLI\Commands.php(65): CodeIgniter\Commands\Database\MigrateRefresh->run(Array)
#12 C:\xampp\htdocs\projecttesting\vendor\codeigniter4\framework\system\CLI\Console.php(37): CodeIgniter\CLI\Commands->run('migrate:refresh', Array)
#13 C:\xampp\htdocs\projecttesting\spark(97): CodeIgniter\CLI\Console->run()
#14 {main}
ERROR - 2023-04-15 08:06:43 --> mysqli_sql_exception: Can't create table `bengkelakiong`.`data_pendaftar` (errno: 150 "Foreign key constraint is incorrectly formed") in C:\xampp\htdocs\projecttesting\vendor\codeigniter4\framework\system\Database\MySQLi\Connection.php:295
Stack trace:
#0 C:\xampp\htdocs\projecttesting\vendor\codeigniter4\framework\system\Database\MySQLi\Connection.php(295): mysqli->query('CREATE TABLE `d...', 0)
#1 C:\xampp\htdocs\projecttesting\vendor\codeigniter4\framework\system\Database\BaseConnection.php(691): CodeIgniter\Database\MySQLi\Connection->execute('CREATE TABLE `d...')
#2 C:\xampp\htdocs\projecttesting\vendor\codeigniter4\framework\system\Database\BaseConnection.php(605): CodeIgniter\Database\BaseConnection->simpleQuery('CREATE TABLE `d...')
#3 C:\xampp\htdocs\projecttesting\vendor\codeigniter4\framework\system\Database\Forge.php(546): CodeIgniter\Database\BaseConnection->query('CREATE TABLE `d...')
#4 C:\xampp\htdocs\projecttesting\app\Database\Migrations\2023-04-12-123417_DatapendaftarMigration.php(17): CodeIgniter\Database\Forge->createTable('data_pendaftar')
#5 C:\xampp\htdocs\projecttesting\vendor\codeigniter4\framework\system\Database\MigrationRunner.php(877): App\Database\Migrations\DatapendaftarMigration->up()
#6 C:\xampp\htdocs\projecttesting\vendor\codeigniter4\framework\system\Database\MigrationRunner.php(188): CodeIgniter\Database\MigrationRunner->migrate('up', Object(stdClass))
#7 C:\xampp\htdocs\projecttesting\vendor\codeigniter4\framework\system\Commands\Database\Migrate.php(84): CodeIgniter\Database\MigrationRunner->latest(NULL)
#8 C:\xampp\htdocs\projecttesting\vendor\codeigniter4\framework\system\CLI\Commands.php(65): CodeIgniter\Commands\Database\Migrate->run(Array)
#9 C:\xampp\htdocs\projecttesting\vendor\codeigniter4\framework\system\CLI\BaseCommand.php(114): CodeIgniter\CLI\Commands->run('migrate', Array)
#10 C:\xampp\htdocs\projecttesting\vendor\codeigniter4\framework\system\Commands\Database\MigrateRefresh.php(85): CodeIgniter\CLI\BaseCommand->call('migrate', Array)
#11 C:\xampp\htdocs\projecttesting\vendor\codeigniter4\framework\system\CLI\Commands.php(65): CodeIgniter\Commands\Database\MigrateRefresh->run(Array)
#12 C:\xampp\htdocs\projecttesting\vendor\codeigniter4\framework\system\CLI\Console.php(37): CodeIgniter\CLI\Commands->run('migrate:refresh', Array)
#13 C:\xampp\htdocs\projecttesting\spark(97): CodeIgniter\CLI\Console->run()
#14 {main}
ERROR - 2023-04-15 08:07:45 --> mysqli_sql_exception: Can't create table `bengkelakiong`.`data_pendaftar` (errno: 150 "Foreign key constraint is incorrectly formed") in C:\xampp\htdocs\projecttesting\vendor\codeigniter4\framework\system\Database\MySQLi\Connection.php:295
Stack trace:
#0 C:\xampp\htdocs\projecttesting\vendor\codeigniter4\framework\system\Database\MySQLi\Connection.php(295): mysqli->query('CREATE TABLE `d...', 0)
#1 C:\xampp\htdocs\projecttesting\vendor\codeigniter4\framework\system\Database\BaseConnection.php(691): CodeIgniter\Database\MySQLi\Connection->execute('CREATE TABLE `d...')
#2 C:\xampp\htdocs\projecttesting\vendor\codeigniter4\framework\system\Database\BaseConnection.php(605): CodeIgniter\Database\BaseConnection->simpleQuery('CREATE TABLE `d...')
#3 C:\xampp\htdocs\projecttesting\vendor\codeigniter4\framework\system\Database\Forge.php(546): CodeIgniter\Database\BaseConnection->query('CREATE TABLE `d...')
#4 C:\xampp\htdocs\projecttesting\app\Database\Migrations\2023-04-12-123417_DatapendaftarMigration.php(17): CodeIgniter\Database\Forge->createTable('data_pendaftar')
#5 C:\xampp\htdocs\projecttesting\vendor\codeigniter4\framework\system\Database\MigrationRunner.php(877): App\Database\Migrations\DatapendaftarMigration->up()
#6 C:\xampp\htdocs\projecttesting\vendor\codeigniter4\framework\system\Database\MigrationRunner.php(188): CodeIgniter\Database\MigrationRunner->migrate('up', Object(stdClass))
#7 C:\xampp\htdocs\projecttesting\vendor\codeigniter4\framework\system\Commands\Database\Migrate.php(84): CodeIgniter\Database\MigrationRunner->latest(NULL)
#8 C:\xampp\htdocs\projecttesting\vendor\codeigniter4\framework\system\CLI\Commands.php(65): CodeIgniter\Commands\Database\Migrate->run(Array)
#9 C:\xampp\htdocs\projecttesting\vendor\codeigniter4\framework\system\CLI\BaseCommand.php(114): CodeIgniter\CLI\Commands->run('migrate', Array)
#10 C:\xampp\htdocs\projecttesting\vendor\codeigniter4\framework\system\Commands\Database\MigrateRefresh.php(85): CodeIgniter\CLI\BaseCommand->call('migrate', Array)
#11 C:\xampp\htdocs\projecttesting\vendor\codeigniter4\framework\system\CLI\Commands.php(65): CodeIgniter\Commands\Database\MigrateRefresh->run(Array)
#12 C:\xampp\htdocs\projecttesting\vendor\codeigniter4\framework\system\CLI\Console.php(37): CodeIgniter\CLI\Commands->run('migrate:refresh', Array)
#13 C:\xampp\htdocs\projecttesting\spark(97): CodeIgniter\CLI\Console->run()
#14 {main}
ERROR - 2023-04-15 08:08:39 --> mysqli_sql_exception: Can't create table `bengkelakiong`.`data_pendaftar` (errno: 150 "Foreign key constraint is incorrectly formed") in C:\xampp\htdocs\projecttesting\vendor\codeigniter4\framework\system\Database\MySQLi\Connection.php:295
Stack trace:
#0 C:\xampp\htdocs\projecttesting\vendor\codeigniter4\framework\system\Database\MySQLi\Connection.php(295): mysqli->query('CREATE TABLE `d...', 0)
#1 C:\xampp\htdocs\projecttesting\vendor\codeigniter4\framework\system\Database\BaseConnection.php(691): CodeIgniter\Database\MySQLi\Connection->execute('CREATE TABLE `d...')
#2 C:\xampp\htdocs\projecttesting\vendor\codeigniter4\framework\system\Database\BaseConnection.php(605): CodeIgniter\Database\BaseConnection->simpleQuery('CREATE TABLE `d...')
#3 C:\xampp\htdocs\projecttesting\vendor\codeigniter4\framework\system\Database\Forge.php(546): CodeIgniter\Database\BaseConnection->query('CREATE TABLE `d...')
#4 C:\xampp\htdocs\projecttesting\app\Database\Migrations\2023-04-12-123417_DatapendaftarMigration.php(17): CodeIgniter\Database\Forge->createTable('data_pendaftar')
#5 C:\xampp\htdocs\projecttesting\vendor\codeigniter4\framework\system\Database\MigrationRunner.php(877): App\Database\Migrations\DatapendaftarMigration->up()
#6 C:\xampp\htdocs\projecttesting\vendor\codeigniter4\framework\system\Database\MigrationRunner.php(188): CodeIgniter\Database\MigrationRunner->migrate('up', Object(stdClass))
#7 C:\xampp\htdocs\projecttesting\vendor\codeigniter4\framework\system\Commands\Database\Migrate.php(84): CodeIgniter\Database\MigrationRunner->latest(NULL)
#8 C:\xampp\htdocs\projecttesting\vendor\codeigniter4\framework\system\CLI\Commands.php(65): CodeIgniter\Commands\Database\Migrate->run(Array)
#9 C:\xampp\htdocs\projecttesting\vendor\codeigniter4\framework\system\CLI\BaseCommand.php(114): CodeIgniter\CLI\Commands->run('migrate', Array)
#10 C:\xampp\htdocs\projecttesting\vendor\codeigniter4\framework\system\Commands\Database\MigrateRefresh.php(85): CodeIgniter\CLI\BaseCommand->call('migrate', Array)
#11 C:\xampp\htdocs\projecttesting\vendor\codeigniter4\framework\system\CLI\Commands.php(65): CodeIgniter\Commands\Database\MigrateRefresh->run(Array)
#12 C:\xampp\htdocs\projecttesting\vendor\codeigniter4\framework\system\CLI\Console.php(37): CodeIgniter\CLI\Commands->run('migrate:refresh', Array)
#13 C:\xampp\htdocs\projecttesting\spark(97): CodeIgniter\CLI\Console->run()
#14 {main}
ERROR - 2023-04-15 08:09:26 --> mysqli_sql_exception: Incorrect table definition; there can be only one auto column and it must be defined as a key in C:\xampp\htdocs\projecttesting\vendor\codeigniter4\framework\system\Database\MySQLi\Connection.php:295
Stack trace:
#0 C:\xampp\htdocs\projecttesting\vendor\codeigniter4\framework\system\Database\MySQLi\Connection.php(295): mysqli->query('CREATE TABLE `d...', 0)
#1 C:\xampp\htdocs\projecttesting\vendor\codeigniter4\framework\system\Database\BaseConnection.php(691): CodeIgniter\Database\MySQLi\Connection->execute('CREATE TABLE `d...')
#2 C:\xampp\htdocs\projecttesting\vendor\codeigniter4\framework\system\Database\BaseConnection.php(605): CodeIgniter\Database\BaseConnection->simpleQuery('CREATE TABLE `d...')
#3 C:\xampp\htdocs\projecttesting\vendor\codeigniter4\framework\system\Database\Forge.php(546): CodeIgniter\Database\BaseConnection->query('CREATE TABLE `d...')
#4 C:\xampp\htdocs\projecttesting\app\Database\Migrations\2023-04-12-123417_DatapendaftarMigration.php(17): CodeIgniter\Database\Forge->createTable('data_pendaftar')
#5 C:\xampp\htdocs\projecttesting\vendor\codeigniter4\framework\system\Database\MigrationRunner.php(877): App\Database\Migrations\DatapendaftarMigration->up()
#6 C:\xampp\htdocs\projecttesting\vendor\codeigniter4\framework\system\Database\MigrationRunner.php(188): CodeIgniter\Database\MigrationRunner->migrate('up', Object(stdClass))
#7 C:\xampp\htdocs\projecttesting\vendor\codeigniter4\framework\system\Commands\Database\Migrate.php(84): CodeIgniter\Database\MigrationRunner->latest(NULL)
#8 C:\xampp\htdocs\projecttesting\vendor\codeigniter4\framework\system\CLI\Commands.php(65): CodeIgniter\Commands\Database\Migrate->run(Array)
#9 C:\xampp\htdocs\projecttesting\vendor\codeigniter4\framework\system\CLI\BaseCommand.php(114): CodeIgniter\CLI\Commands->run('migrate', Array)
#10 C:\xampp\htdocs\projecttesting\vendor\codeigniter4\framework\system\Commands\Database\MigrateRefresh.php(85): CodeIgniter\CLI\BaseCommand->call('migrate', Array)
#11 C:\xampp\htdocs\projecttesting\vendor\codeigniter4\framework\system\CLI\Commands.php(65): CodeIgniter\Commands\Database\MigrateRefresh->run(Array)
#12 C:\xampp\htdocs\projecttesting\vendor\codeigniter4\framework\system\CLI\Console.php(37): CodeIgniter\CLI\Commands->run('migrate:refresh', Array)
#13 C:\xampp\htdocs\projecttesting\spark(97): CodeIgniter\CLI\Console->run()
#14 {main}
ERROR - 2023-04-15 08:09:56 --> mysqli_sql_exception: Incorrect table definition; there can be only one auto column and it must be defined as a key in C:\xampp\htdocs\projecttesting\vendor\codeigniter4\framework\system\Database\MySQLi\Connection.php:295
Stack trace:
#0 C:\xampp\htdocs\projecttesting\vendor\codeigniter4\framework\system\Database\MySQLi\Connection.php(295): mysqli->query('CREATE TABLE `d...', 0)
#1 C:\xampp\htdocs\projecttesting\vendor\codeigniter4\framework\system\Database\BaseConnection.php(691): CodeIgniter\Database\MySQLi\Connection->execute('CREATE TABLE `d...')
#2 C:\xampp\htdocs\projecttesting\vendor\codeigniter4\framework\system\Database\BaseConnection.php(605): CodeIgniter\Database\BaseConnection->simpleQuery('CREATE TABLE `d...')
#3 C:\xampp\htdocs\projecttesting\vendor\codeigniter4\framework\system\Database\Forge.php(546): CodeIgniter\Database\BaseConnection->query('CREATE TABLE `d...')
#4 C:\xampp\htdocs\projecttesting\app\Database\Migrations\2023-04-12-123417_DatapendaftarMigration.php(17): CodeIgniter\Database\Forge->createTable('data_pendaftar')
#5 C:\xampp\htdocs\projecttesting\vendor\codeigniter4\framework\system\Database\MigrationRunner.php(877): App\Database\Migrations\DatapendaftarMigration->up()
#6 C:\xampp\htdocs\projecttesting\vendor\codeigniter4\framework\system\Database\MigrationRunner.php(188): CodeIgniter\Database\MigrationRunner->migrate('up', Object(stdClass))
#7 C:\xampp\htdocs\projecttesting\vendor\codeigniter4\framework\system\Commands\Database\Migrate.php(84): CodeIgniter\Database\MigrationRunner->latest(NULL)
#8 C:\xampp\htdocs\projecttesting\vendor\codeigniter4\framework\system\CLI\Commands.php(65): CodeIgniter\Commands\Database\Migrate->run(Array)
#9 C:\xampp\htdocs\projecttesting\vendor\codeigniter4\framework\system\CLI\BaseCommand.php(114): CodeIgniter\CLI\Commands->run('migrate', Array)
#10 C:\xampp\htdocs\projecttesting\vendor\codeigniter4\framework\system\Commands\Database\MigrateRefresh.php(85): CodeIgniter\CLI\BaseCommand->call('migrate', Array)
#11 C:\xampp\htdocs\projecttesting\vendor\codeigniter4\framework\system\CLI\Commands.php(65): CodeIgniter\Commands\Database\MigrateRefresh->run(Array)
#12 C:\xampp\htdocs\projecttesting\vendor\codeigniter4\framework\system\CLI\Console.php(37): CodeIgniter\CLI\Commands->run('migrate:refresh', Array)
#13 C:\xampp\htdocs\projecttesting\spark(97): CodeIgniter\CLI\Console->run()
#14 {main}
ERROR - 2023-04-15 08:11:08 --> mysqli_sql_exception: Can't create table `bengkelakiong`.`data_pendaftar` (errno: 150 "Foreign key constraint is incorrectly formed") in C:\xampp\htdocs\projecttesting\vendor\codeigniter4\framework\system\Database\MySQLi\Connection.php:295
Stack trace:
#0 C:\xampp\htdocs\projecttesting\vendor\codeigniter4\framework\system\Database\MySQLi\Connection.php(295): mysqli->query('CREATE TABLE `d...', 0)
#1 C:\xampp\htdocs\projecttesting\vendor\codeigniter4\framework\system\Database\BaseConnection.php(691): CodeIgniter\Database\MySQLi\Connection->execute('CREATE TABLE `d...')
#2 C:\xampp\htdocs\projecttesting\vendor\codeigniter4\framework\system\Database\BaseConnection.php(605): CodeIgniter\Database\BaseConnection->simpleQuery('CREATE TABLE `d...')
#3 C:\xampp\htdocs\projecttesting\vendor\codeigniter4\framework\system\Database\Forge.php(546): CodeIgniter\Database\BaseConnection->query('CREATE TABLE `d...')
#4 C:\xampp\htdocs\projecttesting\app\Database\Migrations\2023-04-12-123417_DatapendaftarMigration.php(17): CodeIgniter\Database\Forge->createTable('data_pendaftar')
#5 C:\xampp\htdocs\projecttesting\vendor\codeigniter4\framework\system\Database\MigrationRunner.php(877): App\Database\Migrations\DatapendaftarMigration->up()
#6 C:\xampp\htdocs\projecttesting\vendor\codeigniter4\framework\system\Database\MigrationRunner.php(188): CodeIgniter\Database\MigrationRunner->migrate('up', Object(stdClass))
#7 C:\xampp\htdocs\projecttesting\vendor\codeigniter4\framework\system\Commands\Database\Migrate.php(84): CodeIgniter\Database\MigrationRunner->latest(NULL)
#8 C:\xampp\htdocs\projecttesting\vendor\codeigniter4\framework\system\CLI\Commands.php(65): CodeIgniter\Commands\Database\Migrate->run(Array)
#9 C:\xampp\htdocs\projecttesting\vendor\codeigniter4\framework\system\CLI\BaseCommand.php(114): CodeIgniter\CLI\Commands->run('migrate', Array)
#10 C:\xampp\htdocs\projecttesting\vendor\codeigniter4\framework\system\Commands\Database\MigrateRefresh.php(85): CodeIgniter\CLI\BaseCommand->call('migrate', Array)
#11 C:\xampp\htdocs\projecttesting\vendor\codeigniter4\framework\system\CLI\Commands.php(65): CodeIgniter\Commands\Database\MigrateRefresh->run(Array)
#12 C:\xampp\htdocs\projecttesting\vendor\codeigniter4\framework\system\CLI\Console.php(37): CodeIgniter\CLI\Commands->run('migrate:refresh', Array)
#13 C:\xampp\htdocs\projecttesting\spark(97): CodeIgniter\CLI\Console->run()
#14 {main}
ERROR - 2023-04-15 08:11:28 --> mysqli_sql_exception: Can't create table `bengkelakiong`.`data_pendaftar` (errno: 150 "Foreign key constraint is incorrectly formed") in C:\xampp\htdocs\projecttesting\vendor\codeigniter4\framework\system\Database\MySQLi\Connection.php:295
Stack trace:
#0 C:\xampp\htdocs\projecttesting\vendor\codeigniter4\framework\system\Database\MySQLi\Connection.php(295): mysqli->query('CREATE TABLE `d...', 0)
#1 C:\xampp\htdocs\projecttesting\vendor\codeigniter4\framework\system\Database\BaseConnection.php(691): CodeIgniter\Database\MySQLi\Connection->execute('CREATE TABLE `d...')
#2 C:\xampp\htdocs\projecttesting\vendor\codeigniter4\framework\system\Database\BaseConnection.php(605): CodeIgniter\Database\BaseConnection->simpleQuery('CREATE TABLE `d...')
#3 C:\xampp\htdocs\projecttesting\vendor\codeigniter4\framework\system\Database\Forge.php(546): CodeIgniter\Database\BaseConnection->query('CREATE TABLE `d...')
#4 C:\xampp\htdocs\projecttesting\app\Database\Migrations\2023-04-12-123417_DatapendaftarMigration.php(17): CodeIgniter\Database\Forge->createTable('data_pendaftar')
#5 C:\xampp\htdocs\projecttesting\vendor\codeigniter4\framework\system\Database\MigrationRunner.php(877): App\Database\Migrations\DatapendaftarMigration->up()
#6 C:\xampp\htdocs\projecttesting\vendor\codeigniter4\framework\system\Database\MigrationRunner.php(188): CodeIgniter\Database\MigrationRunner->migrate('up', Object(stdClass))
#7 C:\xampp\htdocs\projecttesting\vendor\codeigniter4\framework\system\Commands\Database\Migrate.php(84): CodeIgniter\Database\MigrationRunner->latest(NULL)
#8 C:\xampp\htdocs\projecttesting\vendor\codeigniter4\framework\system\CLI\Commands.php(65): CodeIgniter\Commands\Database\Migrate->run(Array)
#9 C:\xampp\htdocs\projecttesting\vendor\codeigniter4\framework\system\CLI\BaseCommand.php(114): CodeIgniter\CLI\Commands->run('migrate', Array)
#10 C:\xampp\htdocs\projecttesting\vendor\codeigniter4\framework\system\Commands\Database\MigrateRefresh.php(85): CodeIgniter\CLI\BaseCommand->call('migrate', Array)
#11 C:\xampp\htdocs\projecttesting\vendor\codeigniter4\framework\system\CLI\Commands.php(65): CodeIgniter\Commands\Database\MigrateRefresh->run(Array)
#12 C:\xampp\htdocs\projecttesting\vendor\codeigniter4\framework\system\CLI\Console.php(37): CodeIgniter\CLI\Commands->run('migrate:refresh', Array)
#13 C:\xampp\htdocs\projecttesting\spark(97): CodeIgniter\CLI\Console->run()
#14 {main}
ERROR - 2023-04-15 08:15:17 --> mysqli_sql_exception: Table 'data_registrasi' already exists in C:\xampp\htdocs\projecttesting\vendor\codeigniter4\framework\system\Database\MySQLi\Connection.php:295
Stack trace:
#0 C:\xampp\htdocs\projecttesting\vendor\codeigniter4\framework\system\Database\MySQLi\Connection.php(295): mysqli->query('CREATE TABLE `d...', 0)
#1 C:\xampp\htdocs\projecttesting\vendor\codeigniter4\framework\system\Database\BaseConnection.php(691): CodeIgniter\Database\MySQLi\Connection->execute('CREATE TABLE `d...')
#2 C:\xampp\htdocs\projecttesting\vendor\codeigniter4\framework\system\Database\BaseConnection.php(605): CodeIgniter\Database\BaseConnection->simpleQuery('CREATE TABLE `d...')
#3 C:\xampp\htdocs\projecttesting\vendor\codeigniter4\framework\system\Database\Forge.php(546): CodeIgniter\Database\BaseConnection->query('CREATE TABLE `d...')
#4 C:\xampp\htdocs\projecttesting\app\Database\Migrations\2023-04-13-125306_DataregistrasiMigration.php(19): CodeIgniter\Database\Forge->createTable('data_registrasi')
#5 C:\xampp\htdocs\projecttesting\vendor\codeigniter4\framework\system\Database\MigrationRunner.php(877): App\Database\Migrations\DataregistrasiMigration->up()
#6 C:\xampp\htdocs\projecttesting\vendor\codeigniter4\framework\system\Database\MigrationRunner.php(188): CodeIgniter\Database\MigrationRunner->migrate('up', Object(stdClass))
#7 C:\xampp\htdocs\projecttesting\vendor\codeigniter4\framework\system\Commands\Database\Migrate.php(84): CodeIgniter\Database\MigrationRunner->latest(NULL)
#8 C:\xampp\htdocs\projecttesting\vendor\codeigniter4\framework\system\CLI\Commands.php(65): CodeIgniter\Commands\Database\Migrate->run(Array)
#9 C:\xampp\htdocs\projecttesting\vendor\codeigniter4\framework\system\CLI\BaseCommand.php(114): CodeIgniter\CLI\Commands->run('migrate', Array)
#10 C:\xampp\htdocs\projecttesting\vendor\codeigniter4\framework\system\Commands\Database\MigrateRefresh.php(85): CodeIgniter\CLI\BaseCommand->call('migrate', Array)
#11 C:\xampp\htdocs\projecttesting\vendor\codeigniter4\framework\system\CLI\Commands.php(65): CodeIgniter\Commands\Database\MigrateRefresh->run(Array)
#12 C:\xampp\htdocs\projecttesting\vendor\codeigniter4\framework\system\CLI\Console.php(37): CodeIgniter\CLI\Commands->run('migrate:refresh', Array)
#13 C:\xampp\htdocs\projecttesting\spark(97): CodeIgniter\CLI\Console->run()
#14 {main}
ERROR - 2023-04-15 08:15:51 --> mysqli_sql_exception: Table 'data_registrasi' already exists in C:\xampp\htdocs\projecttesting\vendor\codeigniter4\framework\system\Database\MySQLi\Connection.php:295
Stack trace:
#0 C:\xampp\htdocs\projecttesting\vendor\codeigniter4\framework\system\Database\MySQLi\Connection.php(295): mysqli->query('CREATE TABLE `d...', 0)
#1 C:\xampp\htdocs\projecttesting\vendor\codeigniter4\framework\system\Database\BaseConnection.php(691): CodeIgniter\Database\MySQLi\Connection->execute('CREATE TABLE `d...')
#2 C:\xampp\htdocs\projecttesting\vendor\codeigniter4\framework\system\Database\BaseConnection.php(605): CodeIgniter\Database\BaseConnection->simpleQuery('CREATE TABLE `d...')
#3 C:\xampp\htdocs\projecttesting\vendor\codeigniter4\framework\system\Database\Forge.php(546): CodeIgniter\Database\BaseConnection->query('CREATE TABLE `d...')
#4 C:\xampp\htdocs\projecttesting\app\Database\Migrations\2023-04-13-125306_DataregistrasiMigration.php(19): CodeIgniter\Database\Forge->createTable('data_registrasi')
#5 C:\xampp\htdocs\projecttesting\vendor\codeigniter4\framework\system\Database\MigrationRunner.php(877): App\Database\Migrations\DataregistrasiMigration->up()
#6 C:\xampp\htdocs\projecttesting\vendor\codeigniter4\framework\system\Database\MigrationRunner.php(188): CodeIgniter\Database\MigrationRunner->migrate('up', Object(stdClass))
#7 C:\xampp\htdocs\projecttesting\vendor\codeigniter4\framework\system\Commands\Database\Migrate.php(84): CodeIgniter\Database\MigrationRunner->latest(NULL)
#8 C:\xampp\htdocs\projecttesting\vendor\codeigniter4\framework\system\CLI\Commands.php(65): CodeIgniter\Commands\Database\Migrate->run(Array)
#9 C:\xampp\htdocs\projecttesting\vendor\codeigniter4\framework\system\CLI\Console.php(37): CodeIgniter\CLI\Commands->run('migrate', Array)
#10 C:\xampp\htdocs\projecttesting\spark(97): CodeIgniter\CLI\Console->run()
#11 {main}
ERROR - 2023-04-15 08:29:44 --> Error connecting to the database: mysqli_sql_exception: Unknown database 'bengkelakiong' in C:\xampp\htdocs\projecttesting\vendor\codeigniter4\framework\system\Database\MySQLi\Connection.php:174
Stack trace:
#0 C:\xampp\htdocs\projecttesting\vendor\codeigniter4\framework\system\Database\MySQLi\Connection.php(174): mysqli->real_connect('localhost', 'root', '', 'bengkelakiong', 3306, '', 0)
#1 C:\xampp\htdocs\projecttesting\vendor\codeigniter4\framework\system\Database\BaseConnection.php(391): CodeIgniter\Database\MySQLi\Connection->connect(false)
#2 C:\xampp\htdocs\projecttesting\vendor\codeigniter4\framework\system\Database\BaseConnection.php(573): CodeIgniter\Database\BaseConnection->initialize()
#3 C:\xampp\htdocs\projecttesting\vendor\codeigniter4\framework\system\Database\BaseConnection.php(1408): CodeIgniter\Database\BaseConnection->query('SHOW TABLES FRO...')
#4 C:\xampp\htdocs\projecttesting\vendor\codeigniter4\framework\system\Database\BaseConnection.php(1427): CodeIgniter\Database\BaseConnection->listTables()
#5 C:\xampp\htdocs\projecttesting\vendor\codeigniter4\framework\system\Database\MigrationRunner.php(768): CodeIgniter\Database\BaseConnection->tableExists('migrations')
#6 C:\xampp\htdocs\projecttesting\vendor\codeigniter4\framework\system\Database\MigrationRunner.php(168): CodeIgniter\Database\MigrationRunner->ensureTable()
#7 C:\xampp\htdocs\projecttesting\vendor\codeigniter4\framework\system\Commands\Database\Migrate.php(84): CodeIgniter\Database\MigrationRunner->latest(NULL)
#8 C:\xampp\htdocs\projecttesting\vendor\codeigniter4\framework\system\CLI\Commands.php(65): CodeIgniter\Commands\Database\Migrate->run(Array)
#9 C:\xampp\htdocs\projecttesting\vendor\codeigniter4\framework\system\CLI\Console.php(37): CodeIgniter\CLI\Commands->run('migrate', Array)
#10 C:\xampp\htdocs\projecttesting\spark(97): CodeIgniter\CLI\Console->run()
#11 {main}

Next CodeIgniter\Database\Exceptions\DatabaseException: Unknown database 'bengkelakiong' in C:\xampp\htdocs\projecttesting\vendor\codeigniter4\framework\system\Database\MySQLi\Connection.php:218
Stack trace:
#0 C:\xampp\htdocs\projecttesting\vendor\codeigniter4\framework\system\Database\BaseConnection.php(391): CodeIgniter\Database\MySQLi\Connection->connect(false)
#1 C:\xampp\htdocs\projecttesting\vendor\codeigniter4\framework\system\Database\BaseConnection.php(573): CodeIgniter\Database\BaseConnection->initialize()
#2 C:\xampp\htdocs\projecttesting\vendor\codeigniter4\framework\system\Database\BaseConnection.php(1408): CodeIgniter\Database\BaseConnection->query('SHOW TABLES FRO...')
#3 C:\xampp\htdocs\projecttesting\vendor\codeigniter4\framework\system\Database\BaseConnection.php(1427): CodeIgniter\Database\BaseConnection->listTables()
#4 C:\xampp\htdocs\projecttesting\vendor\codeigniter4\framework\system\Database\MigrationRunner.php(768): CodeIgniter\Database\BaseConnection->tableExists('migrations')
#5 C:\xampp\htdocs\projecttesting\vendor\codeigniter4\framework\system\Database\MigrationRunner.php(168): CodeIgniter\Database\MigrationRunner->ensureTable()
#6 C:\xampp\htdocs\projecttesting\vendor\codeigniter4\framework\system\Commands\Database\Migrate.php(84): CodeIgniter\Database\MigrationRunner->latest(NULL)
#7 C:\xampp\htdocs\projecttesting\vendor\codeigniter4\framework\system\CLI\Commands.php(65): CodeIgniter\Commands\Database\Migrate->run(Array)
#8 C:\xampp\htdocs\projecttesting\vendor\codeigniter4\framework\system\CLI\Console.php(37): CodeIgniter\CLI\Commands->run('migrate', Array)
#9 C:\xampp\htdocs\projecttesting\spark(97): CodeIgniter\CLI\Console->run()
#10 {main}
ERROR - 2023-04-15 08:47:09 --> mysqli_sql_exception: Column 'data_user_id' cannot be null in C:\xampp\htdocs\projecttesting\vendor\codeigniter4\framework\system\Database\MySQLi\Connection.php:295
Stack trace:
#0 C:\xampp\htdocs\projecttesting\vendor\codeigniter4\framework\system\Database\MySQLi\Connection.php(295): mysqli->query('INSERT INTO `da...', 0)
#1 C:\xampp\htdocs\projecttesting\vendor\codeigniter4\framework\system\Database\BaseConnection.php(691): CodeIgniter\Database\MySQLi\Connection->execute('INSERT INTO `da...')
#2 C:\xampp\htdocs\projecttesting\vendor\codeigniter4\framework\system\Database\BaseConnection.php(605): CodeIgniter\Database\BaseConnection->simpleQuery('INSERT INTO `da...')
#3 C:\xampp\htdocs\projecttesting\vendor\codeigniter4\framework\system\Database\BaseBuilder.php(2309): CodeIgniter\Database\BaseConnection->query('INSERT INTO `da...', Array, false)
#4 C:\xampp\htdocs\projecttesting\vendor\codeigniter4\framework\system\Model.php(330): CodeIgniter\Database\BaseBuilder->insert()
#5 C:\xampp\htdocs\projecttesting\vendor\codeigniter4\framework\system\BaseModel.php(782): CodeIgniter\Model->doInsert(Array)
#6 C:\xampp\htdocs\projecttesting\vendor\codeigniter4\framework\system\Model.php(730): CodeIgniter\BaseModel->insert(Array, true)
#7 C:\xampp\htdocs\projecttesting\app\Controllers\DatapendaftarController.php(33): CodeIgniter\Model->insert(Array)
#8 C:\xampp\htdocs\projecttesting\vendor\codeigniter4\framework\system\CodeIgniter.php(934): App\Controllers\DataPendaftarController->store()
#9 C:\xampp\htdocs\projecttesting\vendor\codeigniter4\framework\system\CodeIgniter.php(499): CodeIgniter\CodeIgniter->runController(Object(App\Controllers\DataPendaftarController))
#10 C:\xampp\htdocs\projecttesting\vendor\codeigniter4\framework\system\CodeIgniter.php(368): CodeIgniter\CodeIgniter->handleRequest(NULL, Object(Config\Cache), false)
#11 C:\xampp\htdocs\projecttesting\public\index.php(67): CodeIgniter\CodeIgniter->run()
#12 C:\xampp\htdocs\projecttesting\vendor\codeigniter4\framework\system\Commands\Server\rewrite.php(47): require_once('C:\\xampp\\htdocs...')
#13 {main}
CRITICAL - 2023-04-15 08:47:09 --> Column 'data_user_id' cannot be null
in SYSTEMPATH\Database\MySQLi\Connection.php on line 295.
 1 SYSTEMPATH\Database\MySQLi\Connection.php(295): mysqli->query('INSERT INTO `data_pendaftar` (`data_user_id`) VALUES (NULL)', 0)
 2 SYSTEMPATH\Database\BaseConnection.php(691): CodeIgniter\Database\MySQLi\Connection->execute('INSERT INTO `data_pendaftar` (`data_user_id`) VALUES (NULL)')
 3 SYSTEMPATH\Database\BaseConnection.php(605): CodeIgniter\Database\BaseConnection->simpleQuery('INSERT INTO `data_pendaftar` (`data_user_id`) VALUES (NULL)')
 4 SYSTEMPATH\Database\BaseBuilder.php(2309): CodeIgniter\Database\BaseConnection->query('INSERT INTO `data_pendaftar` (`data_user_id`) VALUES (:data_user_id:)', [...], false)
 5 SYSTEMPATH\Model.php(330): CodeIgniter\Database\BaseBuilder->insert()
 6 SYSTEMPATH\BaseModel.php(782): CodeIgniter\Model->doInsert([...])
 7 SYSTEMPATH\Model.php(730): CodeIgniter\BaseModel->insert([...], true)
 8 APPPATH\Controllers\DatapendaftarController.php(33): CodeIgniter\Model->insert([...])
 9 SYSTEMPATH\CodeIgniter.php(934): App\Controllers\DataPendaftarController->store()
10 SYSTEMPATH\CodeIgniter.php(499): CodeIgniter\CodeIgniter->runController(Object(App\Controllers\DataPendaftarController))
11 SYSTEMPATH\CodeIgniter.php(368): CodeIgniter\CodeIgniter->handleRequest(null, Object(Config\Cache), false)
12 FCPATH\index.php(67): CodeIgniter\CodeIgniter->run()
13 SYSTEMPATH\Commands\Server\rewrite.php(47): require_once('C:\\xampp\\htdocs\\projecttesting\\public\\index.php')
ERROR - 2023-04-15 08:58:12 --> mysqli_sql_exception: Unknown column 'nama' in 'where clause' in C:\xampp\htdocs\projecttesting\vendor\codeigniter4\framework\system\Database\MySQLi\Connection.php:295
Stack trace:
#0 C:\xampp\htdocs\projecttesting\vendor\codeigniter4\framework\system\Database\MySQLi\Connection.php(295): mysqli->query('SELECT `id`, `d...', 0)
#1 C:\xampp\htdocs\projecttesting\vendor\codeigniter4\framework\system\Database\BaseConnection.php(691): CodeIgniter\Database\MySQLi\Connection->execute('SELECT `id`, `d...')
#2 C:\xampp\htdocs\projecttesting\vendor\codeigniter4\framework\system\Database\BaseConnection.php(605): CodeIgniter\Database\BaseConnection->simpleQuery('SELECT `id`, `d...')
#3 C:\xampp\htdocs\projecttesting\vendor\codeigniter4\framework\system\Database\BaseBuilder.php(1616): CodeIgniter\Database\BaseConnection->query('SELECT `id`, `d...', Array, false)
#4 C:\xampp\htdocs\projecttesting\vendor\codeigniter4\framework\system\Model.php(840): CodeIgniter\Database\BaseBuilder->get()
#5 C:\xampp\htdocs\projecttesting\vendor\agoenxz21\datatables\src\Datatable.php(189): CodeIgniter\Model->__call('get', Array)
#6 C:\xampp\htdocs\projecttesting\vendor\agoenxz21\datatables\src\Datatable.php(82): Agoenxz21\Datatables\Datatable->getResult()
#7 C:\xampp\htdocs\projecttesting\app\Controllers\DatapendaftarController.php(24): Agoenxz21\Datatables\Datatable->draw()
#8 C:\xampp\htdocs\projecttesting\vendor\codeigniter4\framework\system\CodeIgniter.php(934): App\Controllers\DataPendaftarController->all()
#9 C:\xampp\htdocs\projecttesting\vendor\codeigniter4\framework\system\CodeIgniter.php(499): CodeIgniter\CodeIgniter->runController(Object(App\Controllers\DataPendaftarController))
#10 C:\xampp\htdocs\projecttesting\vendor\codeigniter4\framework\system\CodeIgniter.php(368): CodeIgniter\CodeIgniter->handleRequest(NULL, Object(Config\Cache), false)
#11 C:\xampp\htdocs\projecttesting\public\index.php(67): CodeIgniter\CodeIgniter->run()
#12 C:\xampp\htdocs\projecttesting\vendor\codeigniter4\framework\system\Commands\Server\rewrite.php(47): require_once('C:\\xampp\\htdocs...')
#13 {main}
CRITICAL - 2023-04-15 08:58:12 --> Unknown column 'nama' in 'where clause'
in SYSTEMPATH\Database\MySQLi\Connection.php on line 295.
 1 SYSTEMPATH\Database\MySQLi\Connection.php(295): mysqli->query('SELECT `id`, `data_user_id`
FROM `data_pendaftar`
WHERE   (
`nama` LIKE \'%1%\' ESCAPE \'!\'
OR  `id` LIKE \'%1%\' ESCAPE \'!\'
 )
 LIMIT 10', 0)
 2 SYSTEMPATH\Database\BaseConnection.php(691): CodeIgniter\Database\MySQLi\Connection->execute('SELECT `id`, `data_user_id`
FROM `data_pendaftar`
WHERE   (
`nama` LIKE \'%1%\' ESCAPE \'!\'
OR  `id` LIKE \'%1%\' ESCAPE \'!\'
 )
 LIMIT 10')
 3 SYSTEMPATH\Database\BaseConnection.php(605): CodeIgniter\Database\BaseConnection->simpleQuery('SELECT `id`, `data_user_id`
FROM `data_pendaftar`
WHERE   (
`nama` LIKE \'%1%\' ESCAPE \'!\'
OR  `id` LIKE \'%1%\' ESCAPE \'!\'
 )
 LIMIT 10')
 4 SYSTEMPATH\Database\BaseBuilder.php(1616): CodeIgniter\Database\BaseConnection->query('SELECT `id`, `data_user_id`
FROM `data_pendaftar`
WHERE   (
`nama` LIKE :nama: ESCAPE \'!\'
OR  `id` LIKE :id: ESCAPE \'!\'
 )
 LIMIT 10', [...], false)
 5 SYSTEMPATH\Model.php(840): CodeIgniter\Database\BaseBuilder->get()
 6 VENDORPATH\agoenxz21\datatables\src\Datatable.php(189): CodeIgniter\Model->__call('get', [])
 7 VENDORPATH\agoenxz21\datatables\src\Datatable.php(82): Agoenxz21\Datatables\Datatable->getResult()
 8 APPPATH\Controllers\DatapendaftarController.php(24): Agoenxz21\Datatables\Datatable->draw()
 9 SYSTEMPATH\CodeIgniter.php(934): App\Controllers\DataPendaftarController->all()
10 SYSTEMPATH\CodeIgniter.php(499): CodeIgniter\CodeIgniter->runController(Object(App\Controllers\DataPendaftarController))
11 SYSTEMPATH\CodeIgniter.php(368): CodeIgniter\CodeIgniter->handleRequest(null, Object(Config\Cache), false)
12 FCPATH\index.php(67): CodeIgniter\CodeIgniter->run()
13 SYSTEMPATH\Commands\Server\rewrite.php(47): require_once('C:\\xampp\\htdocs\\projecttesting\\public\\index.php')
ERROR - 2023-04-15 08:59:21 --> mysqli_sql_exception: Table 'bengkelakiong.nama' doesn't exist in C:\xampp\htdocs\projecttesting\vendor\codeigniter4\framework\system\Database\MySQLi\Connection.php:295
Stack trace:
#0 C:\xampp\htdocs\projecttesting\vendor\codeigniter4\framework\system\Database\MySQLi\Connection.php(295): mysqli->query('SELECT *\nFROM (...', 0)
#1 C:\xampp\htdocs\projecttesting\vendor\codeigniter4\framework\system\Database\BaseConnection.php(691): CodeIgniter\Database\MySQLi\Connection->execute('SELECT *\nFROM (...')
#2 C:\xampp\htdocs\projecttesting\vendor\codeigniter4\framework\system\Database\BaseConnection.php(605): CodeIgniter\Database\BaseConnection->simpleQuery('SELECT *\nFROM (...')
#3 C:\xampp\htdocs\projecttesting\vendor\codeigniter4\framework\system\Database\BaseBuilder.php(1616): CodeIgniter\Database\BaseConnection->query('SELECT *\nFROM (...', Array, false)
#4 C:\xampp\htdocs\projecttesting\vendor\agoenxz21\datatables\src\Datatable.php(189): CodeIgniter\Database\BaseBuilder->get()
#5 C:\xampp\htdocs\projecttesting\vendor\agoenxz21\datatables\src\Datatable.php(82): Agoenxz21\Datatables\Datatable->getResult()
#6 C:\xampp\htdocs\projecttesting\app\Controllers\DatapendaftarController.php(21): Agoenxz21\Datatables\Datatable->draw()
#7 C:\xampp\htdocs\projecttesting\vendor\codeigniter4\framework\system\CodeIgniter.php(934): App\Controllers\DataPendaftarController->all()
#8 C:\xampp\htdocs\projecttesting\vendor\codeigniter4\framework\system\CodeIgniter.php(499): CodeIgniter\CodeIgniter->runController(Object(App\Controllers\DataPendaftarController))
#9 C:\xampp\htdocs\projecttesting\vendor\codeigniter4\framework\system\CodeIgniter.php(368): CodeIgniter\CodeIgniter->handleRequest(NULL, Object(Config\Cache), false)
#10 C:\xampp\htdocs\projecttesting\public\index.php(67): CodeIgniter\CodeIgniter->run()
#11 C:\xampp\htdocs\projecttesting\vendor\codeigniter4\framework\system\Commands\Server\rewrite.php(47): require_once('C:\\xampp\\htdocs...')
#12 {main}
CRITICAL - 2023-04-15 08:59:21 --> Table 'bengkelakiong.nama' doesn't exist
in SYSTEMPATH\Database\MySQLi\Connection.php on line 295.
 1 SYSTEMPATH\Database\MySQLi\Connection.php(295): mysqli->query('SELECT *
FROM (SELECT `data_pendaftar`.*, `data_user`.`nama` FROM `data_pendaftar` LEFT JOIN `nama` ON `data_pendaftar`.`data_user_id`=`data_user`.`id`) `tbl`
 LIMIT 10', 0)
 2 SYSTEMPATH\Database\BaseConnection.php(691): CodeIgniter\Database\MySQLi\Connection->execute('SELECT *
FROM (SELECT `data_pendaftar`.*, `data_user`.`nama` FROM `data_pendaftar` LEFT JOIN `nama` ON `data_pendaftar`.`data_user_id`=`data_user`.`id`) `tbl`
 LIMIT 10')
 3 SYSTEMPATH\Database\BaseConnection.php(605): CodeIgniter\Database\BaseConnection->simpleQuery('SELECT *
FROM (SELECT `data_pendaftar`.*, `data_user`.`nama` FROM `data_pendaftar` LEFT JOIN `nama` ON `data_pendaftar`.`data_user_id`=`data_user`.`id`) `tbl`
 LIMIT 10')
 4 SYSTEMPATH\Database\BaseBuilder.php(1616): CodeIgniter\Database\BaseConnection->query('SELECT *
FROM (SELECT `data_pendaftar`.*, `data_user`.`nama` FROM `data_pendaftar` LEFT JOIN `nama` ON `data_pendaftar`.`data_user_id`=`data_user`.`id`) `tbl`
 LIMIT 10', [], false)
 5 VENDORPATH\agoenxz21\datatables\src\Datatable.php(189): CodeIgniter\Database\BaseBuilder->get()
 6 VENDORPATH\agoenxz21\datatables\src\Datatable.php(82): Agoenxz21\Datatables\Datatable->getResult()
 7 APPPATH\Controllers\DatapendaftarController.php(21): Agoenxz21\Datatables\Datatable->draw()
 8 SYSTEMPATH\CodeIgniter.php(934): App\Controllers\DataPendaftarController->all()
 9 SYSTEMPATH\CodeIgniter.php(499): CodeIgniter\CodeIgniter->runController(Object(App\Controllers\DataPendaftarController))
10 SYSTEMPATH\CodeIgniter.php(368): CodeIgniter\CodeIgniter->handleRequest(null, Object(Config\Cache), false)
11 FCPATH\index.php(67): CodeIgniter\CodeIgniter->run()
12 SYSTEMPATH\Commands\Server\rewrite.php(47): require_once('C:\\xampp\\htdocs\\projecttesting\\public\\index.php')
ERROR - 2023-04-15 08:59:23 --> mysqli_sql_exception: Table 'bengkelakiong.nama' doesn't exist in C:\xampp\htdocs\projecttesting\vendor\codeigniter4\framework\system\Database\MySQLi\Connection.php:295
Stack trace:
#0 C:\xampp\htdocs\projecttesting\vendor\codeigniter4\framework\system\Database\MySQLi\Connection.php(295): mysqli->query('SELECT *\nFROM (...', 0)
#1 C:\xampp\htdocs\projecttesting\vendor\codeigniter4\framework\system\Database\BaseConnection.php(691): CodeIgniter\Database\MySQLi\Connection->execute('SELECT *\nFROM (...')
#2 C:\xampp\htdocs\projecttesting\vendor\codeigniter4\framework\system\Database\BaseConnection.php(605): CodeIgniter\Database\BaseConnection->simpleQuery('SELECT *\nFROM (...')
#3 C:\xampp\htdocs\projecttesting\vendor\codeigniter4\framework\system\Database\BaseBuilder.php(1616): CodeIgniter\Database\BaseConnection->query('SELECT *\nFROM (...', Array, false)
#4 C:\xampp\htdocs\projecttesting\vendor\agoenxz21\datatables\src\Datatable.php(189): CodeIgniter\Database\BaseBuilder->get()
#5 C:\xampp\htdocs\projecttesting\vendor\agoenxz21\datatables\src\Datatable.php(82): Agoenxz21\Datatables\Datatable->getResult()
#6 C:\xampp\htdocs\projecttesting\app\Controllers\DatapendaftarController.php(21): Agoenxz21\Datatables\Datatable->draw()
#7 C:\xampp\htdocs\projecttesting\vendor\codeigniter4\framework\system\CodeIgniter.php(934): App\Controllers\DataPendaftarController->all()
#8 C:\xampp\htdocs\projecttesting\vendor\codeigniter4\framework\system\CodeIgniter.php(499): CodeIgniter\CodeIgniter->runController(Object(App\Controllers\DataPendaftarController))
#9 C:\xampp\htdocs\projecttesting\vendor\codeigniter4\framework\system\CodeIgniter.php(368): CodeIgniter\CodeIgniter->handleRequest(NULL, Object(Config\Cache), false)
#10 C:\xampp\htdocs\projecttesting\public\index.php(67): CodeIgniter\CodeIgniter->run()
#11 C:\xampp\htdocs\projecttesting\vendor\codeigniter4\framework\system\Commands\Server\rewrite.php(47): require_once('C:\\xampp\\htdocs...')
#12 {main}
CRITICAL - 2023-04-15 08:59:23 --> Table 'bengkelakiong.nama' doesn't exist
in SYSTEMPATH\Database\MySQLi\Connection.php on line 295.
 1 SYSTEMPATH\Database\MySQLi\Connection.php(295): mysqli->query('SELECT *
FROM (SELECT `data_pendaftar`.*, `data_user`.`nama` FROM `data_pendaftar` LEFT JOIN `nama` ON `data_pendaftar`.`data_user_id`=`data_user`.`id`) `tbl`
 LIMIT 10', 0)
 2 SYSTEMPATH\Database\BaseConnection.php(691): CodeIgniter\Database\MySQLi\Connection->execute('SELECT *
FROM (SELECT `data_pendaftar`.*, `data_user`.`nama` FROM `data_pendaftar` LEFT JOIN `nama` ON `data_pendaftar`.`data_user_id`=`data_user`.`id`) `tbl`
 LIMIT 10')
 3 SYSTEMPATH\Database\BaseConnection.php(605): CodeIgniter\Database\BaseConnection->simpleQuery('SELECT *
FROM (SELECT `data_pendaftar`.*, `data_user`.`nama` FROM `data_pendaftar` LEFT JOIN `nama` ON `data_pendaftar`.`data_user_id`=`data_user`.`id`) `tbl`
 LIMIT 10')
 4 SYSTEMPATH\Database\BaseBuilder.php(1616): CodeIgniter\Database\BaseConnection->query('SELECT *
FROM (SELECT `data_pendaftar`.*, `data_user`.`nama` FROM `data_pendaftar` LEFT JOIN `nama` ON `data_pendaftar`.`data_user_id`=`data_user`.`id`) `tbl`
 LIMIT 10', [], false)
 5 VENDORPATH\agoenxz21\datatables\src\Datatable.php(189): CodeIgniter\Database\BaseBuilder->get()
 6 VENDORPATH\agoenxz21\datatables\src\Datatable.php(82): Agoenxz21\Datatables\Datatable->getResult()
 7 APPPATH\Controllers\DatapendaftarController.php(21): Agoenxz21\Datatables\Datatable->draw()
 8 SYSTEMPATH\CodeIgniter.php(934): App\Controllers\DataPendaftarController->all()
 9 SYSTEMPATH\CodeIgniter.php(499): CodeIgniter\CodeIgniter->runController(Object(App\Controllers\DataPendaftarController))
10 SYSTEMPATH\CodeIgniter.php(368): CodeIgniter\CodeIgniter->handleRequest(null, Object(Config\Cache), false)
11 FCPATH\index.php(67): CodeIgniter\CodeIgniter->run()
12 SYSTEMPATH\Commands\Server\rewrite.php(47): require_once('C:\\xampp\\htdocs\\projecttesting\\public\\index.php')
ERROR - 2023-04-15 09:00:46 --> mysqli_sql_exception: Table 'bengkelakiong.nama' doesn't exist in C:\xampp\htdocs\projecttesting\vendor\codeigniter4\framework\system\Database\MySQLi\Connection.php:295
Stack trace:
#0 C:\xampp\htdocs\projecttesting\vendor\codeigniter4\framework\system\Database\MySQLi\Connection.php(295): mysqli->query('SELECT *\nFROM (...', 0)
#1 C:\xampp\htdocs\projecttesting\vendor\codeigniter4\framework\system\Database\BaseConnection.php(691): CodeIgniter\Database\MySQLi\Connection->execute('SELECT *\nFROM (...')
#2 C:\xampp\htdocs\projecttesting\vendor\codeigniter4\framework\system\Database\BaseConnection.php(605): CodeIgniter\Database\BaseConnection->simpleQuery('SELECT *\nFROM (...')
#3 C:\xampp\htdocs\projecttesting\vendor\codeigniter4\framework\system\Database\BaseBuilder.php(1616): CodeIgniter\Database\BaseConnection->query('SELECT *\nFROM (...', Array, false)
#4 C:\xampp\htdocs\projecttesting\vendor\agoenxz21\datatables\src\Datatable.php(189): CodeIgniter\Database\BaseBuilder->get()
#5 C:\xampp\htdocs\projecttesting\vendor\agoenxz21\datatables\src\Datatable.php(82): Agoenxz21\Datatables\Datatable->getResult()
#6 C:\xampp\htdocs\projecttesting\app\Controllers\DatapendaftarController.php(21): Agoenxz21\Datatables\Datatable->draw()
#7 C:\xampp\htdocs\projecttesting\vendor\codeigniter4\framework\system\CodeIgniter.php(934): App\Controllers\DataPendaftarController->all()
#8 C:\xampp\htdocs\projecttesting\vendor\codeigniter4\framework\system\CodeIgniter.php(499): CodeIgniter\CodeIgniter->runController(Object(App\Controllers\DataPendaftarController))
#9 C:\xampp\htdocs\projecttesting\vendor\codeigniter4\framework\system\CodeIgniter.php(368): CodeIgniter\CodeIgniter->handleRequest(NULL, Object(Config\Cache), false)
#10 C:\xampp\htdocs\projecttesting\public\index.php(67): CodeIgniter\CodeIgniter->run()
#11 C:\xampp\htdocs\projecttesting\vendor\codeigniter4\framework\system\Commands\Server\rewrite.php(47): require_once('C:\\xampp\\htdocs...')
#12 {main}
CRITICAL - 2023-04-15 09:00:46 --> Table 'bengkelakiong.nama' doesn't exist
in SYSTEMPATH\Database\MySQLi\Connection.php on line 295.
 1 SYSTEMPATH\Database\MySQLi\Connection.php(295): mysqli->query('SELECT *
FROM (SELECT `data_pendaftar`.*, `data_user`.`nama` FROM `data_pendaftar` LEFT JOIN `nama` ON `data_pendaftar`.`data_user_id`=`data_user`.`id`) `tbl`
 LIMIT 10', 0)
 2 SYSTEMPATH\Database\BaseConnection.php(691): CodeIgniter\Database\MySQLi\Connection->execute('SELECT *
FROM (SELECT `data_pendaftar`.*, `data_user`.`nama` FROM `data_pendaftar` LEFT JOIN `nama` ON `data_pendaftar`.`data_user_id`=`data_user`.`id`) `tbl`
 LIMIT 10')
 3 SYSTEMPATH\Database\BaseConnection.php(605): CodeIgniter\Database\BaseConnection->simpleQuery('SELECT *
FROM (SELECT `data_pendaftar`.*, `data_user`.`nama` FROM `data_pendaftar` LEFT JOIN `nama` ON `data_pendaftar`.`data_user_id`=`data_user`.`id`) `tbl`
 LIMIT 10')
 4 SYSTEMPATH\Database\BaseBuilder.php(1616): CodeIgniter\Database\BaseConnection->query('SELECT *
FROM (SELECT `data_pendaftar`.*, `data_user`.`nama` FROM `data_pendaftar` LEFT JOIN `nama` ON `data_pendaftar`.`data_user_id`=`data_user`.`id`) `tbl`
 LIMIT 10', [], false)
 5 VENDORPATH\agoenxz21\datatables\src\Datatable.php(189): CodeIgniter\Database\BaseBuilder->get()
 6 VENDORPATH\agoenxz21\datatables\src\Datatable.php(82): Agoenxz21\Datatables\Datatable->getResult()
 7 APPPATH\Controllers\DatapendaftarController.php(21): Agoenxz21\Datatables\Datatable->draw()
 8 SYSTEMPATH\CodeIgniter.php(934): App\Controllers\DataPendaftarController->all()
 9 SYSTEMPATH\CodeIgniter.php(499): CodeIgniter\CodeIgniter->runController(Object(App\Controllers\DataPendaftarController))
10 SYSTEMPATH\CodeIgniter.php(368): CodeIgniter\CodeIgniter->handleRequest(null, Object(Config\Cache), false)
11 FCPATH\index.php(67): CodeIgniter\CodeIgniter->run()
12 SYSTEMPATH\Commands\Server\rewrite.php(47): require_once('C:\\xampp\\htdocs\\projecttesting\\public\\index.php')
ERROR - 2023-04-15 09:00:53 --> mysqli_sql_exception: Table 'bengkelakiong.nama' doesn't exist in C:\xampp\htdocs\projecttesting\vendor\codeigniter4\framework\system\Database\MySQLi\Connection.php:295
Stack trace:
#0 C:\xampp\htdocs\projecttesting\vendor\codeigniter4\framework\system\Database\MySQLi\Connection.php(295): mysqli->query('SELECT *\nFROM (...', 0)
#1 C:\xampp\htdocs\projecttesting\vendor\codeigniter4\framework\system\Database\BaseConnection.php(691): CodeIgniter\Database\MySQLi\Connection->execute('SELECT *\nFROM (...')
#2 C:\xampp\htdocs\projecttesting\vendor\codeigniter4\framework\system\Database\BaseConnection.php(605): CodeIgniter\Database\BaseConnection->simpleQuery('SELECT *\nFROM (...')
#3 C:\xampp\htdocs\projecttesting\vendor\codeigniter4\framework\system\Database\BaseBuilder.php(1616): CodeIgniter\Database\BaseConnection->query('SELECT *\nFROM (...', Array, false)
#4 C:\xampp\htdocs\projecttesting\vendor\agoenxz21\datatables\src\Datatable.php(189): CodeIgniter\Database\BaseBuilder->get()
#5 C:\xampp\htdocs\projecttesting\vendor\agoenxz21\datatables\src\Datatable.php(82): Agoenxz21\Datatables\Datatable->getResult()
#6 C:\xampp\htdocs\projecttesting\app\Controllers\DatapendaftarController.php(21): Agoenxz21\Datatables\Datatable->draw()
#7 C:\xampp\htdocs\projecttesting\vendor\codeigniter4\framework\system\CodeIgniter.php(934): App\Controllers\DataPendaftarController->all()
#8 C:\xampp\htdocs\projecttesting\vendor\codeigniter4\framework\system\CodeIgniter.php(499): CodeIgniter\CodeIgniter->runController(Object(App\Controllers\DataPendaftarController))
#9 C:\xampp\htdocs\projecttesting\vendor\codeigniter4\framework\system\CodeIgniter.php(368): CodeIgniter\CodeIgniter->handleRequest(NULL, Object(Config\Cache), false)
#10 C:\xampp\htdocs\projecttesting\public\index.php(67): CodeIgniter\CodeIgniter->run()
#11 C:\xampp\htdocs\projecttesting\vendor\codeigniter4\framework\system\Commands\Server\rewrite.php(47): require_once('C:\\xampp\\htdocs...')
#12 {main}
CRITICAL - 2023-04-15 09:00:53 --> Table 'bengkelakiong.nama' doesn't exist
in SYSTEMPATH\Database\MySQLi\Connection.php on line 295.
 1 SYSTEMPATH\Database\MySQLi\Connection.php(295): mysqli->query('SELECT *
FROM (SELECT `data_pendaftar`.*, `data_user`.`nama` FROM `data_pendaftar` LEFT JOIN `nama` ON `data_pendaftar`.`data_user_id`=`data_user`.`id`) `tbl`
 LIMIT 10', 0)
 2 SYSTEMPATH\Database\BaseConnection.php(691): CodeIgniter\Database\MySQLi\Connection->execute('SELECT *
FROM (SELECT `data_pendaftar`.*, `data_user`.`nama` FROM `data_pendaftar` LEFT JOIN `nama` ON `data_pendaftar`.`data_user_id`=`data_user`.`id`) `tbl`
 LIMIT 10')
 3 SYSTEMPATH\Database\BaseConnection.php(605): CodeIgniter\Database\BaseConnection->simpleQuery('SELECT *
FROM (SELECT `data_pendaftar`.*, `data_user`.`nama` FROM `data_pendaftar` LEFT JOIN `nama` ON `data_pendaftar`.`data_user_id`=`data_user`.`id`) `tbl`
 LIMIT 10')
 4 SYSTEMPATH\Database\BaseBuilder.php(1616): CodeIgniter\Database\BaseConnection->query('SELECT *
FROM (SELECT `data_pendaftar`.*, `data_user`.`nama` FROM `data_pendaftar` LEFT JOIN `nama` ON `data_pendaftar`.`data_user_id`=`data_user`.`id`) `tbl`
 LIMIT 10', [], false)
 5 VENDORPATH\agoenxz21\datatables\src\Datatable.php(189): CodeIgniter\Database\BaseBuilder->get()
 6 VENDORPATH\agoenxz21\datatables\src\Datatable.php(82): Agoenxz21\Datatables\Datatable->getResult()
 7 APPPATH\Controllers\DatapendaftarController.php(21): Agoenxz21\Datatables\Datatable->draw()
 8 SYSTEMPATH\CodeIgniter.php(934): App\Controllers\DataPendaftarController->all()
 9 SYSTEMPATH\CodeIgniter.php(499): CodeIgniter\CodeIgniter->runController(Object(App\Controllers\DataPendaftarController))
10 SYSTEMPATH\CodeIgniter.php(368): CodeIgniter\CodeIgniter->handleRequest(null, Object(Config\Cache), false)
11 FCPATH\index.php(67): CodeIgniter\CodeIgniter->run()
12 SYSTEMPATH\Commands\Server\rewrite.php(47): require_once('C:\\xampp\\htdocs\\projecttesting\\public\\index.php')
ERROR - 2023-04-15 09:05:25 --> mysqli_sql_exception: Table 'bengkelakiong.nama' doesn't exist in C:\xampp\htdocs\projecttesting\vendor\codeigniter4\framework\system\Database\MySQLi\Connection.php:295
Stack trace:
#0 C:\xampp\htdocs\projecttesting\vendor\codeigniter4\framework\system\Database\MySQLi\Connection.php(295): mysqli->query('SELECT *\nFROM (...', 0)
#1 C:\xampp\htdocs\projecttesting\vendor\codeigniter4\framework\system\Database\BaseConnection.php(691): CodeIgniter\Database\MySQLi\Connection->execute('SELECT *\nFROM (...')
#2 C:\xampp\htdocs\projecttesting\vendor\codeigniter4\framework\system\Database\BaseConnection.php(605): CodeIgniter\Database\BaseConnection->simpleQuery('SELECT *\nFROM (...')
#3 C:\xampp\htdocs\projecttesting\vendor\codeigniter4\framework\system\Database\BaseBuilder.php(1616): CodeIgniter\Database\BaseConnection->query('SELECT *\nFROM (...', Array, false)
#4 C:\xampp\htdocs\projecttesting\vendor\agoenxz21\datatables\src\Datatable.php(189): CodeIgniter\Database\BaseBuilder->get()
#5 C:\xampp\htdocs\projecttesting\vendor\agoenxz21\datatables\src\Datatable.php(82): Agoenxz21\Datatables\Datatable->getResult()
#6 C:\xampp\htdocs\projecttesting\app\Controllers\DatapendaftarController.php(21): Agoenxz21\Datatables\Datatable->draw()
#7 C:\xampp\htdocs\projecttesting\vendor\codeigniter4\framework\system\CodeIgniter.php(934): App\Controllers\DataPendaftarController->all()
#8 C:\xampp\htdocs\projecttesting\vendor\codeigniter4\framework\system\CodeIgniter.php(499): CodeIgniter\CodeIgniter->runController(Object(App\Controllers\DataPendaftarController))
#9 C:\xampp\htdocs\projecttesting\vendor\codeigniter4\framework\system\CodeIgniter.php(368): CodeIgniter\CodeIgniter->handleRequest(NULL, Object(Config\Cache), false)
#10 C:\xampp\htdocs\projecttesting\public\index.php(67): CodeIgniter\CodeIgniter->run()
#11 C:\xampp\htdocs\projecttesting\vendor\codeigniter4\framework\system\Commands\Server\rewrite.php(47): require_once('C:\\xampp\\htdocs...')
#12 {main}
CRITICAL - 2023-04-15 09:05:25 --> Table 'bengkelakiong.nama' doesn't exist
in SYSTEMPATH\Database\MySQLi\Connection.php on line 295.
 1 SYSTEMPATH\Database\MySQLi\Connection.php(295): mysqli->query('SELECT *
FROM (SELECT `data_pendaftar`.*, `data_user`.`nama` FROM `data_pendaftar` LEFT JOIN `nama` ON `data_user`.`id`=`data_user_id`) `tbl`
 LIMIT 10', 0)
 2 SYSTEMPATH\Database\BaseConnection.php(691): CodeIgniter\Database\MySQLi\Connection->execute('SELECT *
FROM (SELECT `data_pendaftar`.*, `data_user`.`nama` FROM `data_pendaftar` LEFT JOIN `nama` ON `data_user`.`id`=`data_user_id`) `tbl`
 LIMIT 10')
 3 SYSTEMPATH\Database\BaseConnection.php(605): CodeIgniter\Database\BaseConnection->simpleQuery('SELECT *
FROM (SELECT `data_pendaftar`.*, `data_user`.`nama` FROM `data_pendaftar` LEFT JOIN `nama` ON `data_user`.`id`=`data_user_id`) `tbl`
 LIMIT 10')
 4 SYSTEMPATH\Database\BaseBuilder.php(1616): CodeIgniter\Database\BaseConnection->query('SELECT *
FROM (SELECT `data_pendaftar`.*, `data_user`.`nama` FROM `data_pendaftar` LEFT JOIN `nama` ON `data_user`.`id`=`data_user_id`) `tbl`
 LIMIT 10', [], false)
 5 VENDORPATH\agoenxz21\datatables\src\Datatable.php(189): CodeIgniter\Database\BaseBuilder->get()
 6 VENDORPATH\agoenxz21\datatables\src\Datatable.php(82): Agoenxz21\Datatables\Datatable->getResult()
 7 APPPATH\Controllers\DatapendaftarController.php(21): Agoenxz21\Datatables\Datatable->draw()
 8 SYSTEMPATH\CodeIgniter.php(934): App\Controllers\DataPendaftarController->all()
 9 SYSTEMPATH\CodeIgniter.php(499): CodeIgniter\CodeIgniter->runController(Object(App\Controllers\DataPendaftarController))
10 SYSTEMPATH\CodeIgniter.php(368): CodeIgniter\CodeIgniter->handleRequest(null, Object(Config\Cache), false)
11 FCPATH\index.php(67): CodeIgniter\CodeIgniter->run()
12 SYSTEMPATH\Commands\Server\rewrite.php(47): require_once('C:\\xampp\\htdocs\\projecttesting\\public\\index.php')
ERROR - 2023-04-15 09:05:28 --> mysqli_sql_exception: Table 'bengkelakiong.nama' doesn't exist in C:\xampp\htdocs\projecttesting\vendor\codeigniter4\framework\system\Database\MySQLi\Connection.php:295
Stack trace:
#0 C:\xampp\htdocs\projecttesting\vendor\codeigniter4\framework\system\Database\MySQLi\Connection.php(295): mysqli->query('SELECT *\nFROM (...', 0)
#1 C:\xampp\htdocs\projecttesting\vendor\codeigniter4\framework\system\Database\BaseConnection.php(691): CodeIgniter\Database\MySQLi\Connection->execute('SELECT *\nFROM (...')
#2 C:\xampp\htdocs\projecttesting\vendor\codeigniter4\framework\system\Database\BaseConnection.php(605): CodeIgniter\Database\BaseConnection->simpleQuery('SELECT *\nFROM (...')
#3 C:\xampp\htdocs\projecttesting\vendor\codeigniter4\framework\system\Database\BaseBuilder.php(1616): CodeIgniter\Database\BaseConnection->query('SELECT *\nFROM (...', Array, false)
#4 C:\xampp\htdocs\projecttesting\vendor\agoenxz21\datatables\src\Datatable.php(189): CodeIgniter\Database\BaseBuilder->get()
#5 C:\xampp\htdocs\projecttesting\vendor\agoenxz21\datatables\src\Datatable.php(82): Agoenxz21\Datatables\Datatable->getResult()
#6 C:\xampp\htdocs\projecttesting\app\Controllers\DatapendaftarController.php(21): Agoenxz21\Datatables\Datatable->draw()
#7 C:\xampp\htdocs\projecttesting\vendor\codeigniter4\framework\system\CodeIgniter.php(934): App\Controllers\DataPendaftarController->all()
#8 C:\xampp\htdocs\projecttesting\vendor\codeigniter4\framework\system\CodeIgniter.php(499): CodeIgniter\CodeIgniter->runController(Object(App\Controllers\DataPendaftarController))
#9 C:\xampp\htdocs\projecttesting\vendor\codeigniter4\framework\system\CodeIgniter.php(368): CodeIgniter\CodeIgniter->handleRequest(NULL, Object(Config\Cache), false)
#10 C:\xampp\htdocs\projecttesting\public\index.php(67): CodeIgniter\CodeIgniter->run()
#11 C:\xampp\htdocs\projecttesting\vendor\codeigniter4\framework\system\Commands\Server\rewrite.php(47): require_once('C:\\xampp\\htdocs...')
#12 {main}
CRITICAL - 2023-04-15 09:05:28 --> Table 'bengkelakiong.nama' doesn't exist
in SYSTEMPATH\Database\MySQLi\Connection.php on line 295.
 1 SYSTEMPATH\Database\MySQLi\Connection.php(295): mysqli->query('SELECT *
FROM (SELECT `data_pendaftar`.*, `data_user`.`nama` FROM `data_pendaftar` LEFT JOIN `nama` ON `data_user`.`id`=`data_user_id`) `tbl`
 LIMIT 10', 0)
 2 SYSTEMPATH\Database\BaseConnection.php(691): CodeIgniter\Database\MySQLi\Connection->execute('SELECT *
FROM (SELECT `data_pendaftar`.*, `data_user`.`nama` FROM `data_pendaftar` LEFT JOIN `nama` ON `data_user`.`id`=`data_user_id`) `tbl`
 LIMIT 10')
 3 SYSTEMPATH\Database\BaseConnection.php(605): CodeIgniter\Database\BaseConnection->simpleQuery('SELECT *
FROM (SELECT `data_pendaftar`.*, `data_user`.`nama` FROM `data_pendaftar` LEFT JOIN `nama` ON `data_user`.`id`=`data_user_id`) `tbl`
 LIMIT 10')
 4 SYSTEMPATH\Database\BaseBuilder.php(1616): CodeIgniter\Database\BaseConnection->query('SELECT *
FROM (SELECT `data_pendaftar`.*, `data_user`.`nama` FROM `data_pendaftar` LEFT JOIN `nama` ON `data_user`.`id`=`data_user_id`) `tbl`
 LIMIT 10', [], false)
 5 VENDORPATH\agoenxz21\datatables\src\Datatable.php(189): CodeIgniter\Database\BaseBuilder->get()
 6 VENDORPATH\agoenxz21\datatables\src\Datatable.php(82): Agoenxz21\Datatables\Datatable->getResult()
 7 APPPATH\Controllers\DatapendaftarController.php(21): Agoenxz21\Datatables\Datatable->draw()
 8 SYSTEMPATH\CodeIgniter.php(934): App\Controllers\DataPendaftarController->all()
 9 SYSTEMPATH\CodeIgniter.php(499): CodeIgniter\CodeIgniter->runController(Object(App\Controllers\DataPendaftarController))
10 SYSTEMPATH\CodeIgniter.php(368): CodeIgniter\CodeIgniter->handleRequest(null, Object(Config\Cache), false)
11 FCPATH\index.php(67): CodeIgniter\CodeIgniter->run()
12 SYSTEMPATH\Commands\Server\rewrite.php(47): require_once('C:\\xampp\\htdocs\\projecttesting\\public\\index.php')
ERROR - 2023-04-15 09:34:37 --> mysqli_sql_exception: Column 'data_user_id' cannot be null in C:\xampp\htdocs\projecttesting\vendor\codeigniter4\framework\system\Database\MySQLi\Connection.php:295
Stack trace:
#0 C:\xampp\htdocs\projecttesting\vendor\codeigniter4\framework\system\Database\MySQLi\Connection.php(295): mysqli->query('INSERT INTO `da...', 0)
#1 C:\xampp\htdocs\projecttesting\vendor\codeigniter4\framework\system\Database\BaseConnection.php(691): CodeIgniter\Database\MySQLi\Connection->execute('INSERT INTO `da...')
#2 C:\xampp\htdocs\projecttesting\vendor\codeigniter4\framework\system\Database\BaseConnection.php(605): CodeIgniter\Database\BaseConnection->simpleQuery('INSERT INTO `da...')
#3 C:\xampp\htdocs\projecttesting\vendor\codeigniter4\framework\system\Database\BaseBuilder.php(2309): CodeIgniter\Database\BaseConnection->query('INSERT INTO `da...', Array, false)
#4 C:\xampp\htdocs\projecttesting\vendor\codeigniter4\framework\system\Model.php(330): CodeIgniter\Database\BaseBuilder->insert()
#5 C:\xampp\htdocs\projecttesting\vendor\codeigniter4\framework\system\BaseModel.php(782): CodeIgniter\Model->doInsert(Array)
#6 C:\xampp\htdocs\projecttesting\vendor\codeigniter4\framework\system\Model.php(730): CodeIgniter\BaseModel->insert(Array, true)
#7 C:\xampp\htdocs\projecttesting\app\Controllers\DatareservasiController.php(35): CodeIgniter\Model->insert(Array)
#8 C:\xampp\htdocs\projecttesting\vendor\codeigniter4\framework\system\CodeIgniter.php(934): App\Controllers\DataReservasiController->store()
#9 C:\xampp\htdocs\projecttesting\vendor\codeigniter4\framework\system\CodeIgniter.php(499): CodeIgniter\CodeIgniter->runController(Object(App\Controllers\DataReservasiController))
#10 C:\xampp\htdocs\projecttesting\vendor\codeigniter4\framework\system\CodeIgniter.php(368): CodeIgniter\CodeIgniter->handleRequest(NULL, Object(Config\Cache), false)
#11 C:\xampp\htdocs\projecttesting\public\index.php(67): CodeIgniter\CodeIgniter->run()
#12 C:\xampp\htdocs\projecttesting\vendor\codeigniter4\framework\system\Commands\Server\rewrite.php(47): require_once('C:\\xampp\\htdocs...')
#13 {main}
CRITICAL - 2023-04-15 09:34:37 --> Column 'data_user_id' cannot be null
in SYSTEMPATH\Database\MySQLi\Connection.php on line 295.
 1 SYSTEMPATH\Database\MySQLi\Connection.php(295): mysqli->query('INSERT INTO `data_reservasi` (`tgl_reservasi`, `data_user_id`, `data_registrasi_id`) VALUES (\'2023-04-13\', NULL, NULL)', 0)
 2 SYSTEMPATH\Database\BaseConnection.php(691): CodeIgniter\Database\MySQLi\Connection->execute('INSERT INTO `data_reservasi` (`tgl_reservasi`, `data_user_id`, `data_registrasi_id`) VALUES (\'2023-04-13\', NULL, NULL)')
 3 SYSTEMPATH\Database\BaseConnection.php(605): CodeIgniter\Database\BaseConnection->simpleQuery('INSERT INTO `data_reservasi` (`tgl_reservasi`, `data_user_id`, `data_registrasi_id`) VALUES (\'2023-04-13\', NULL, NULL)')
 4 SYSTEMPATH\Database\BaseBuilder.php(2309): CodeIgniter\Database\BaseConnection->query('INSERT INTO `data_reservasi` (`tgl_reservasi`, `data_user_id`, `data_registrasi_id`) VALUES (:tgl_reservasi:, :data_user_id:, :data_registrasi_id:)', [...], false)
 5 SYSTEMPATH\Model.php(330): CodeIgniter\Database\BaseBuilder->insert()
 6 SYSTEMPATH\BaseModel.php(782): CodeIgniter\Model->doInsert([...])
 7 SYSTEMPATH\Model.php(730): CodeIgniter\BaseModel->insert([...], true)
 8 APPPATH\Controllers\DatareservasiController.php(35): CodeIgniter\Model->insert([...])
 9 SYSTEMPATH\CodeIgniter.php(934): App\Controllers\DataReservasiController->store()
10 SYSTEMPATH\CodeIgniter.php(499): CodeIgniter\CodeIgniter->runController(Object(App\Controllers\DataReservasiController))
11 SYSTEMPATH\CodeIgniter.php(368): CodeIgniter\CodeIgniter->handleRequest(null, Object(Config\Cache), false)
12 FCPATH\index.php(67): CodeIgniter\CodeIgniter->run()
13 SYSTEMPATH\Commands\Server\rewrite.php(47): require_once('C:\\xampp\\htdocs\\projecttesting\\public\\index.php')
CRITICAL - 2023-04-15 09:40:26 --> Undefined array key "nama"
in APPPATH\Views\tmplt\datareservasi_view.php on line 90.
 1 APPPATH\Views\tmplt\datareservasi_view.php(90): CodeIgniter\Debug\Exceptions->errorHandler(2, 'Undefined array key "nama"', 'C:\\xampp\\htdocs\\projecttesting\\app\\Views\\tmplt\\datareservasi_view.php', 90)
 2 SYSTEMPATH\View\View.php(213): include('C:\\xampp\\htdocs\\projecttesting\\app\\Views\\tmplt\\datareservasi_view.php')
 3 SYSTEMPATH\View\View.php(216): CodeIgniter\View\View->CodeIgniter\View\{closure}()
 4 SYSTEMPATH\Common.php(1184): CodeIgniter\View\View->render('tmplt/datareservasi_view', [], true)
 5 APPPATH\Controllers\DatareservasiController.php(13): view('tmplt/datareservasi_view')
 6 SYSTEMPATH\CodeIgniter.php(934): App\Controllers\DataReservasiController->index()
 7 SYSTEMPATH\CodeIgniter.php(499): CodeIgniter\CodeIgniter->runController(Object(App\Controllers\DataReservasiController))
 8 SYSTEMPATH\CodeIgniter.php(368): CodeIgniter\CodeIgniter->handleRequest(null, Object(Config\Cache), false)
 9 FCPATH\index.php(67): CodeIgniter\CodeIgniter->run()
10 SYSTEMPATH\Commands\Server\rewrite.php(47): require_once('C:\\xampp\\htdocs\\projecttesting\\public\\index.php')
CRITICAL - 2023-04-15 09:40:27 --> Undefined array key "nama"
in APPPATH\Views\tmplt\datareservasi_view.php on line 90.
 1 APPPATH\Views\tmplt\datareservasi_view.php(90): CodeIgniter\Debug\Exceptions->errorHandler(2, 'Undefined array key "nama"', 'C:\\xampp\\htdocs\\projecttesting\\app\\Views\\tmplt\\datareservasi_view.php', 90)
 2 SYSTEMPATH\View\View.php(213): include('C:\\xampp\\htdocs\\projecttesting\\app\\Views\\tmplt\\datareservasi_view.php')
 3 SYSTEMPATH\View\View.php(216): CodeIgniter\View\View->CodeIgniter\View\{closure}()
 4 SYSTEMPATH\Common.php(1184): CodeIgniter\View\View->render('tmplt/datareservasi_view', [], true)
 5 APPPATH\Controllers\DatareservasiController.php(13): view('tmplt/datareservasi_view')
 6 SYSTEMPATH\CodeIgniter.php(934): App\Controllers\DataReservasiController->index()
 7 SYSTEMPATH\CodeIgniter.php(499): CodeIgniter\CodeIgniter->runController(Object(App\Controllers\DataReservasiController))
 8 SYSTEMPATH\CodeIgniter.php(368): CodeIgniter\CodeIgniter->handleRequest(null, Object(Config\Cache), false)
 9 FCPATH\index.php(67): CodeIgniter\CodeIgniter->run()
10 SYSTEMPATH\Commands\Server\rewrite.php(47): require_once('C:\\xampp\\htdocs\\projecttesting\\public\\index.php')
ERROR - 2023-04-15 09:58:06 --> mysqli_sql_exception: Column 'data_user_id' cannot be null in C:\xampp\htdocs\projecttesting\vendor\codeigniter4\framework\system\Database\MySQLi\Connection.php:295
Stack trace:
#0 C:\xampp\htdocs\projecttesting\vendor\codeigniter4\framework\system\Database\MySQLi\Connection.php(295): mysqli->query('INSERT INTO `da...', 0)
#1 C:\xampp\htdocs\projecttesting\vendor\codeigniter4\framework\system\Database\BaseConnection.php(691): CodeIgniter\Database\MySQLi\Connection->execute('INSERT INTO `da...')
#2 C:\xampp\htdocs\projecttesting\vendor\codeigniter4\framework\system\Database\BaseConnection.php(605): CodeIgniter\Database\BaseConnection->simpleQuery('INSERT INTO `da...')
#3 C:\xampp\htdocs\projecttesting\vendor\codeigniter4\framework\system\Database\BaseBuilder.php(2309): CodeIgniter\Database\BaseConnection->query('INSERT INTO `da...', Array, false)
#4 C:\xampp\htdocs\projecttesting\vendor\codeigniter4\framework\system\Model.php(330): CodeIgniter\Database\BaseBuilder->insert()
#5 C:\xampp\htdocs\projecttesting\vendor\codeigniter4\framework\system\BaseModel.php(782): CodeIgniter\Model->doInsert(Array)
#6 C:\xampp\htdocs\projecttesting\vendor\codeigniter4\framework\system\Model.php(730): CodeIgniter\BaseModel->insert(Array, true)
#7 C:\xampp\htdocs\projecttesting\app\Controllers\DatareservasiController.php(52): CodeIgniter\Model->insert(Array)
#8 C:\xampp\htdocs\projecttesting\vendor\codeigniter4\framework\system\CodeIgniter.php(934): App\Controllers\DataReservasiController->store()
#9 C:\xampp\htdocs\projecttesting\vendor\codeigniter4\framework\system\CodeIgniter.php(499): CodeIgniter\CodeIgniter->runController(Object(App\Controllers\DataReservasiController))
#10 C:\xampp\htdocs\projecttesting\vendor\codeigniter4\framework\system\CodeIgniter.php(368): CodeIgniter\CodeIgniter->handleRequest(NULL, Object(Config\Cache), false)
#11 C:\xampp\htdocs\projecttesting\public\index.php(67): CodeIgniter\CodeIgniter->run()
#12 C:\xampp\htdocs\projecttesting\vendor\codeigniter4\framework\system\Commands\Server\rewrite.php(47): require_once('C:\\xampp\\htdocs...')
#13 {main}
CRITICAL - 2023-04-15 09:58:06 --> Column 'data_user_id' cannot be null
in SYSTEMPATH\Database\MySQLi\Connection.php on line 295.
 1 SYSTEMPATH\Database\MySQLi\Connection.php(295): mysqli->query('INSERT INTO `data_reservasi` (`tgl_reservasi`, `data_user_id`, `data_registrasi_id`) VALUES (\'2023-03-29\', NULL, \'1\')', 0)
 2 SYSTEMPATH\Database\BaseConnection.php(691): CodeIgniter\Database\MySQLi\Connection->execute('INSERT INTO `data_reservasi` (`tgl_reservasi`, `data_user_id`, `data_registrasi_id`) VALUES (\'2023-03-29\', NULL, \'1\')')
 3 SYSTEMPATH\Database\BaseConnection.php(605): CodeIgniter\Database\BaseConnection->simpleQuery('INSERT INTO `data_reservasi` (`tgl_reservasi`, `data_user_id`, `data_registrasi_id`) VALUES (\'2023-03-29\', NULL, \'1\')')
 4 SYSTEMPATH\Database\BaseBuilder.php(2309): CodeIgniter\Database\BaseConnection->query('INSERT INTO `data_reservasi` (`tgl_reservasi`, `data_user_id`, `data_registrasi_id`) VALUES (:tgl_reservasi:, :data_user_id:, :data_registrasi_id:)', [...], false)
 5 SYSTEMPATH\Model.php(330): CodeIgniter\Database\BaseBuilder->insert()
 6 SYSTEMPATH\BaseModel.php(782): CodeIgniter\Model->doInsert([...])
 7 SYSTEMPATH\Model.php(730): CodeIgniter\BaseModel->insert([...], true)
 8 APPPATH\Controllers\DatareservasiController.php(52): CodeIgniter\Model->insert([...])
 9 SYSTEMPATH\CodeIgniter.php(934): App\Controllers\DataReservasiController->store()
10 SYSTEMPATH\CodeIgniter.php(499): CodeIgniter\CodeIgniter->runController(Object(App\Controllers\DataReservasiController))
11 SYSTEMPATH\CodeIgniter.php(368): CodeIgniter\CodeIgniter->handleRequest(null, Object(Config\Cache), false)
12 FCPATH\index.php(67): CodeIgniter\CodeIgniter->run()
13 SYSTEMPATH\Commands\Server\rewrite.php(47): require_once('C:\\xampp\\htdocs\\projecttesting\\public\\index.php')
ERROR - 2023-04-15 09:58:09 --> mysqli_sql_exception: Column 'data_user_id' cannot be null in C:\xampp\htdocs\projecttesting\vendor\codeigniter4\framework\system\Database\MySQLi\Connection.php:295
Stack trace:
#0 C:\xampp\htdocs\projecttesting\vendor\codeigniter4\framework\system\Database\MySQLi\Connection.php(295): mysqli->query('INSERT INTO `da...', 0)
#1 C:\xampp\htdocs\projecttesting\vendor\codeigniter4\framework\system\Database\BaseConnection.php(691): CodeIgniter\Database\MySQLi\Connection->execute('INSERT INTO `da...')
#2 C:\xampp\htdocs\projecttesting\vendor\codeigniter4\framework\system\Database\BaseConnection.php(605): CodeIgniter\Database\BaseConnection->simpleQuery('INSERT INTO `da...')
#3 C:\xampp\htdocs\projecttesting\vendor\codeigniter4\framework\system\Database\BaseBuilder.php(2309): CodeIgniter\Database\BaseConnection->query('INSERT INTO `da...', Array, false)
#4 C:\xampp\htdocs\projecttesting\vendor\codeigniter4\framework\system\Model.php(330): CodeIgniter\Database\BaseBuilder->insert()
#5 C:\xampp\htdocs\projecttesting\vendor\codeigniter4\framework\system\BaseModel.php(782): CodeIgniter\Model->doInsert(Array)
#6 C:\xampp\htdocs\projecttesting\vendor\codeigniter4\framework\system\Model.php(730): CodeIgniter\BaseModel->insert(Array, true)
#7 C:\xampp\htdocs\projecttesting\app\Controllers\DatareservasiController.php(52): CodeIgniter\Model->insert(Array)
#8 C:\xampp\htdocs\projecttesting\vendor\codeigniter4\framework\system\CodeIgniter.php(934): App\Controllers\DataReservasiController->store()
#9 C:\xampp\htdocs\projecttesting\vendor\codeigniter4\framework\system\CodeIgniter.php(499): CodeIgniter\CodeIgniter->runController(Object(App\Controllers\DataReservasiController))
#10 C:\xampp\htdocs\projecttesting\vendor\codeigniter4\framework\system\CodeIgniter.php(368): CodeIgniter\CodeIgniter->handleRequest(NULL, Object(Config\Cache), false)
#11 C:\xampp\htdocs\projecttesting\public\index.php(67): CodeIgniter\CodeIgniter->run()
#12 C:\xampp\htdocs\projecttesting\vendor\codeigniter4\framework\system\Commands\Server\rewrite.php(47): require_once('C:\\xampp\\htdocs...')
#13 {main}
CRITICAL - 2023-04-15 09:58:09 --> Column 'data_user_id' cannot be null
in SYSTEMPATH\Database\MySQLi\Connection.php on line 295.
 1 SYSTEMPATH\Database\MySQLi\Connection.php(295): mysqli->query('INSERT INTO `data_reservasi` (`tgl_reservasi`, `data_user_id`, `data_registrasi_id`) VALUES (\'2023-03-29\', NULL, \'1\')', 0)
 2 SYSTEMPATH\Database\BaseConnection.php(691): CodeIgniter\Database\MySQLi\Connection->execute('INSERT INTO `data_reservasi` (`tgl_reservasi`, `data_user_id`, `data_registrasi_id`) VALUES (\'2023-03-29\', NULL, \'1\')')
 3 SYSTEMPATH\Database\BaseConnection.php(605): CodeIgniter\Database\BaseConnection->simpleQuery('INSERT INTO `data_reservasi` (`tgl_reservasi`, `data_user_id`, `data_registrasi_id`) VALUES (\'2023-03-29\', NULL, \'1\')')
 4 SYSTEMPATH\Database\BaseBuilder.php(2309): CodeIgniter\Database\BaseConnection->query('INSERT INTO `data_reservasi` (`tgl_reservasi`, `data_user_id`, `data_registrasi_id`) VALUES (:tgl_reservasi:, :data_user_id:, :data_registrasi_id:)', [...], false)
 5 SYSTEMPATH\Model.php(330): CodeIgniter\Database\BaseBuilder->insert()
 6 SYSTEMPATH\BaseModel.php(782): CodeIgniter\Model->doInsert([...])
 7 SYSTEMPATH\Model.php(730): CodeIgniter\BaseModel->insert([...], true)
 8 APPPATH\Controllers\DatareservasiController.php(52): CodeIgniter\Model->insert([...])
 9 SYSTEMPATH\CodeIgniter.php(934): App\Controllers\DataReservasiController->store()
10 SYSTEMPATH\CodeIgniter.php(499): CodeIgniter\CodeIgniter->runController(Object(App\Controllers\DataReservasiController))
11 SYSTEMPATH\CodeIgniter.php(368): CodeIgniter\CodeIgniter->handleRequest(null, Object(Config\Cache), false)
12 FCPATH\index.php(67): CodeIgniter\CodeIgniter->run()
13 SYSTEMPATH\Commands\Server\rewrite.php(47): require_once('C:\\xampp\\htdocs\\projecttesting\\public\\index.php')
ERROR - 2023-04-15 09:58:14 --> mysqli_sql_exception: Column 'data_user_id' cannot be null in C:\xampp\htdocs\projecttesting\vendor\codeigniter4\framework\system\Database\MySQLi\Connection.php:295
Stack trace:
#0 C:\xampp\htdocs\projecttesting\vendor\codeigniter4\framework\system\Database\MySQLi\Connection.php(295): mysqli->query('INSERT INTO `da...', 0)
#1 C:\xampp\htdocs\projecttesting\vendor\codeigniter4\framework\system\Database\BaseConnection.php(691): CodeIgniter\Database\MySQLi\Connection->execute('INSERT INTO `da...')
#2 C:\xampp\htdocs\projecttesting\vendor\codeigniter4\framework\system\Database\BaseConnection.php(605): CodeIgniter\Database\BaseConnection->simpleQuery('INSERT INTO `da...')
#3 C:\xampp\htdocs\projecttesting\vendor\codeigniter4\framework\system\Database\BaseBuilder.php(2309): CodeIgniter\Database\BaseConnection->query('INSERT INTO `da...', Array, false)
#4 C:\xampp\htdocs\projecttesting\vendor\codeigniter4\framework\system\Model.php(330): CodeIgniter\Database\BaseBuilder->insert()
#5 C:\xampp\htdocs\projecttesting\vendor\codeigniter4\framework\system\BaseModel.php(782): CodeIgniter\Model->doInsert(Array)
#6 C:\xampp\htdocs\projecttesting\vendor\codeigniter4\framework\system\Model.php(730): CodeIgniter\BaseModel->insert(Array, true)
#7 C:\xampp\htdocs\projecttesting\app\Controllers\DatareservasiController.php(52): CodeIgniter\Model->insert(Array)
#8 C:\xampp\htdocs\projecttesting\vendor\codeigniter4\framework\system\CodeIgniter.php(934): App\Controllers\DataReservasiController->store()
#9 C:\xampp\htdocs\projecttesting\vendor\codeigniter4\framework\system\CodeIgniter.php(499): CodeIgniter\CodeIgniter->runController(Object(App\Controllers\DataReservasiController))
#10 C:\xampp\htdocs\projecttesting\vendor\codeigniter4\framework\system\CodeIgniter.php(368): CodeIgniter\CodeIgniter->handleRequest(NULL, Object(Config\Cache), false)
#11 C:\xampp\htdocs\projecttesting\public\index.php(67): CodeIgniter\CodeIgniter->run()
#12 C:\xampp\htdocs\projecttesting\vendor\codeigniter4\framework\system\Commands\Server\rewrite.php(47): require_once('C:\\xampp\\htdocs...')
#13 {main}
CRITICAL - 2023-04-15 09:58:14 --> Column 'data_user_id' cannot be null
in SYSTEMPATH\Database\MySQLi\Connection.php on line 295.
 1 SYSTEMPATH\Database\MySQLi\Connection.php(295): mysqli->query('INSERT INTO `data_reservasi` (`tgl_reservasi`, `data_user_id`, `data_registrasi_id`) VALUES (\'2023-03-29\', NULL, \'1\')', 0)
 2 SYSTEMPATH\Database\BaseConnection.php(691): CodeIgniter\Database\MySQLi\Connection->execute('INSERT INTO `data_reservasi` (`tgl_reservasi`, `data_user_id`, `data_registrasi_id`) VALUES (\'2023-03-29\', NULL, \'1\')')
 3 SYSTEMPATH\Database\BaseConnection.php(605): CodeIgniter\Database\BaseConnection->simpleQuery('INSERT INTO `data_reservasi` (`tgl_reservasi`, `data_user_id`, `data_registrasi_id`) VALUES (\'2023-03-29\', NULL, \'1\')')
 4 SYSTEMPATH\Database\BaseBuilder.php(2309): CodeIgniter\Database\BaseConnection->query('INSERT INTO `data_reservasi` (`tgl_reservasi`, `data_user_id`, `data_registrasi_id`) VALUES (:tgl_reservasi:, :data_user_id:, :data_registrasi_id:)', [...], false)
 5 SYSTEMPATH\Model.php(330): CodeIgniter\Database\BaseBuilder->insert()
 6 SYSTEMPATH\BaseModel.php(782): CodeIgniter\Model->doInsert([...])
 7 SYSTEMPATH\Model.php(730): CodeIgniter\BaseModel->insert([...], true)
 8 APPPATH\Controllers\DatareservasiController.php(52): CodeIgniter\Model->insert([...])
 9 SYSTEMPATH\CodeIgniter.php(934): App\Controllers\DataReservasiController->store()
10 SYSTEMPATH\CodeIgniter.php(499): CodeIgniter\CodeIgniter->runController(Object(App\Controllers\DataReservasiController))
11 SYSTEMPATH\CodeIgniter.php(368): CodeIgniter\CodeIgniter->handleRequest(null, Object(Config\Cache), false)
12 FCPATH\index.php(67): CodeIgniter\CodeIgniter->run()
13 SYSTEMPATH\Commands\Server\rewrite.php(47): require_once('C:\\xampp\\htdocs\\projecttesting\\public\\index.php')
ERROR - 2023-04-15 09:58:24 --> mysqli_sql_exception: Column 'data_user_id' cannot be null in C:\xampp\htdocs\projecttesting\vendor\codeigniter4\framework\system\Database\MySQLi\Connection.php:295
Stack trace:
#0 C:\xampp\htdocs\projecttesting\vendor\codeigniter4\framework\system\Database\MySQLi\Connection.php(295): mysqli->query('INSERT INTO `da...', 0)
#1 C:\xampp\htdocs\projecttesting\vendor\codeigniter4\framework\system\Database\BaseConnection.php(691): CodeIgniter\Database\MySQLi\Connection->execute('INSERT INTO `da...')
#2 C:\xampp\htdocs\projecttesting\vendor\codeigniter4\framework\system\Database\BaseConnection.php(605): CodeIgniter\Database\BaseConnection->simpleQuery('INSERT INTO `da...')
#3 C:\xampp\htdocs\projecttesting\vendor\codeigniter4\framework\system\Database\BaseBuilder.php(2309): CodeIgniter\Database\BaseConnection->query('INSERT INTO `da...', Array, false)
#4 C:\xampp\htdocs\projecttesting\vendor\codeigniter4\framework\system\Model.php(330): CodeIgniter\Database\BaseBuilder->insert()
#5 C:\xampp\htdocs\projecttesting\vendor\codeigniter4\framework\system\BaseModel.php(782): CodeIgniter\Model->doInsert(Array)
#6 C:\xampp\htdocs\projecttesting\vendor\codeigniter4\framework\system\Model.php(730): CodeIgniter\BaseModel->insert(Array, true)
#7 C:\xampp\htdocs\projecttesting\app\Controllers\DatareservasiController.php(52): CodeIgniter\Model->insert(Array)
#8 C:\xampp\htdocs\projecttesting\vendor\codeigniter4\framework\system\CodeIgniter.php(934): App\Controllers\DataReservasiController->store()
#9 C:\xampp\htdocs\projecttesting\vendor\codeigniter4\framework\system\CodeIgniter.php(499): CodeIgniter\CodeIgniter->runController(Object(App\Controllers\DataReservasiController))
#10 C:\xampp\htdocs\projecttesting\vendor\codeigniter4\framework\system\CodeIgniter.php(368): CodeIgniter\CodeIgniter->handleRequest(NULL, Object(Config\Cache), false)
#11 C:\xampp\htdocs\projecttesting\public\index.php(67): CodeIgniter\CodeIgniter->run()
#12 C:\xampp\htdocs\projecttesting\vendor\codeigniter4\framework\system\Commands\Server\rewrite.php(47): require_once('C:\\xampp\\htdocs...')
#13 {main}
CRITICAL - 2023-04-15 09:58:24 --> Column 'data_user_id' cannot be null
in SYSTEMPATH\Database\MySQLi\Connection.php on line 295.
 1 SYSTEMPATH\Database\MySQLi\Connection.php(295): mysqli->query('INSERT INTO `data_reservasi` (`tgl_reservasi`, `data_user_id`, `data_registrasi_id`) VALUES (\'2023-03-29\', NULL, \'1\')', 0)
 2 SYSTEMPATH\Database\BaseConnection.php(691): CodeIgniter\Database\MySQLi\Connection->execute('INSERT INTO `data_reservasi` (`tgl_reservasi`, `data_user_id`, `data_registrasi_id`) VALUES (\'2023-03-29\', NULL, \'1\')')
 3 SYSTEMPATH\Database\BaseConnection.php(605): CodeIgniter\Database\BaseConnection->simpleQuery('INSERT INTO `data_reservasi` (`tgl_reservasi`, `data_user_id`, `data_registrasi_id`) VALUES (\'2023-03-29\', NULL, \'1\')')
 4 SYSTEMPATH\Database\BaseBuilder.php(2309): CodeIgniter\Database\BaseConnection->query('INSERT INTO `data_reservasi` (`tgl_reservasi`, `data_user_id`, `data_registrasi_id`) VALUES (:tgl_reservasi:, :data_user_id:, :data_registrasi_id:)', [...], false)
 5 SYSTEMPATH\Model.php(330): CodeIgniter\Database\BaseBuilder->insert()
 6 SYSTEMPATH\BaseModel.php(782): CodeIgniter\Model->doInsert([...])
 7 SYSTEMPATH\Model.php(730): CodeIgniter\BaseModel->insert([...], true)
 8 APPPATH\Controllers\DatareservasiController.php(52): CodeIgniter\Model->insert([...])
 9 SYSTEMPATH\CodeIgniter.php(934): App\Controllers\DataReservasiController->store()
10 SYSTEMPATH\CodeIgniter.php(499): CodeIgniter\CodeIgniter->runController(Object(App\Controllers\DataReservasiController))
11 SYSTEMPATH\CodeIgniter.php(368): CodeIgniter\CodeIgniter->handleRequest(null, Object(Config\Cache), false)
12 FCPATH\index.php(67): CodeIgniter\CodeIgniter->run()
13 SYSTEMPATH\Commands\Server\rewrite.php(47): require_once('C:\\xampp\\htdocs\\projecttesting\\public\\index.php')
